<?xml version="1.0" encoding="UTF-8"?>
<coverage generated="1567868457707" clover="3.2.0">
  <project timestamp="1567868457708" name="All files">
    <metrics statements="902" coveredstatements="895" conditionals="604" coveredconditionals="563" methods="100" coveredmethods="100" elements="1606" coveredelements="1558" complexity="0" loc="902" ncloc="902" packages="45" files="68" classes="68"/>
    <package name="differenceInBusinessDays">
      <metrics statements="19" coveredstatements="19" conditionals="12" coveredconditionals="12" methods="1" coveredmethods="1"/>
      <file name="index.js" path="C:\Users\USER\Desktop\Projects\germane\lib\differenceInBusinessDays\index.js">
        <metrics statements="19" coveredstatements="19" conditionals="12" coveredconditionals="12" methods="1" coveredmethods="1"/>
        <line num="8" count="1" type="stmt"/>
        <line num="9" count="1" type="stmt"/>
        <line num="10" count="1" type="stmt"/>
        <line num="20" count="11" type="cond" truecount="4" falsecount="0"/>
        <line num="21" count="2" type="stmt"/>
        <line num="23" count="9" type="cond" truecount="4" falsecount="0"/>
        <line num="24" count="2" type="stmt"/>
        <line num="26" count="7" type="stmt"/>
        <line num="27" count="7" type="stmt"/>
        <line num="29" count="7" type="stmt"/>
        <line num="31" count="7" type="stmt"/>
        <line num="32" count="7" type="stmt"/>
        <line num="34" count="7" type="stmt"/>
        <line num="35" count="242" type="stmt"/>
        <line num="38" count="242" type="cond" truecount="2" falsecount="0"/>
        <line num="41" count="242" type="cond" truecount="2" falsecount="0"/>
        <line num="42" count="175" type="stmt"/>
        <line num="45" count="7" type="stmt"/>
        <line num="48" count="1" type="stmt"/>
      </file>
    </package>
    <package name="differenceInDays">
      <metrics statements="18" coveredstatements="18" conditionals="9" coveredconditionals="9" methods="1" coveredmethods="1"/>
      <file name="index.js" path="C:\Users\USER\Desktop\Projects\germane\lib\differenceInDays\index.js">
        <metrics statements="18" coveredstatements="18" conditionals="9" coveredconditionals="9" methods="1" coveredmethods="1"/>
        <line num="7" count="1" type="stmt"/>
        <line num="8" count="1" type="stmt"/>
        <line num="9" count="1" type="stmt"/>
        <line num="16" count="1" type="stmt"/>
        <line num="17" count="1" type="stmt"/>
        <line num="31" count="15" type="stmt"/>
        <line num="32" count="9" type="cond" truecount="4" falsecount="0"/>
        <line num="33" count="1" type="stmt"/>
        <line num="37" count="8" type="stmt"/>
        <line num="40" count="8" type="stmt"/>
        <line num="47" count="8" type="cond" truecount="2" falsecount="0"/>
        <line num="48" count="7" type="cond" truecount="2" falsecount="0"/>
        <line num="49" count="1" type="stmt"/>
        <line num="51" count="6" type="stmt"/>
        <line num="55" count="1" type="stmt"/>
        <line num="58" count="8" type="stmt"/>
        <line num="60" count="8" type="stmt"/>
        <line num="63" count="1" type="stmt"/>
      </file>
    </package>
    <package name="differenceInHours">
      <metrics statements="18" coveredstatements="18" conditionals="9" coveredconditionals="9" methods="1" coveredmethods="1"/>
      <file name="index.js" path="C:\Users\USER\Desktop\Projects\germane\lib\differenceInHours\index.js">
        <metrics statements="18" coveredstatements="18" conditionals="9" coveredconditionals="9" methods="1" coveredmethods="1"/>
        <line num="7" count="1" type="stmt"/>
        <line num="8" count="1" type="stmt"/>
        <line num="15" count="1" type="stmt"/>
        <line num="16" count="1" type="stmt"/>
        <line num="17" count="1" type="stmt"/>
        <line num="31" count="14" type="stmt"/>
        <line num="32" count="8" type="cond" truecount="4" falsecount="0"/>
        <line num="33" count="1" type="stmt"/>
        <line num="37" count="7" type="stmt"/>
        <line num="40" count="7" type="stmt"/>
        <line num="47" count="7" type="cond" truecount="2" falsecount="0"/>
        <line num="48" count="5" type="cond" truecount="2" falsecount="0"/>
        <line num="49" count="1" type="stmt"/>
        <line num="51" count="4" type="stmt"/>
        <line num="55" count="2" type="stmt"/>
        <line num="58" count="7" type="stmt"/>
        <line num="62" count="7" type="stmt"/>
        <line num="65" count="1" type="stmt"/>
      </file>
    </package>
    <package name="differenceInMilliseconds">
      <metrics statements="17" coveredstatements="17" conditionals="9" coveredconditionals="9" methods="1" coveredmethods="1"/>
      <file name="index.js" path="C:\Users\USER\Desktop\Projects\germane\lib\differenceInMilliseconds\index.js">
        <metrics statements="17" coveredstatements="17" conditionals="9" coveredconditionals="9" methods="1" coveredmethods="1"/>
        <line num="7" count="1" type="stmt"/>
        <line num="8" count="1" type="stmt"/>
        <line num="15" count="1" type="stmt"/>
        <line num="16" count="1" type="stmt"/>
        <line num="17" count="1" type="stmt"/>
        <line num="31" count="14" type="stmt"/>
        <line num="32" count="8" type="cond" truecount="4" falsecount="0"/>
        <line num="33" count="1" type="stmt"/>
        <line num="37" count="7" type="stmt"/>
        <line num="40" count="7" type="stmt"/>
        <line num="47" count="7" type="cond" truecount="2" falsecount="0"/>
        <line num="48" count="5" type="cond" truecount="2" falsecount="0"/>
        <line num="49" count="1" type="stmt"/>
        <line num="51" count="4" type="stmt"/>
        <line num="55" count="2" type="stmt"/>
        <line num="57" count="7" type="stmt"/>
        <line num="60" count="1" type="stmt"/>
      </file>
    </package>
    <package name="differenceInMinutes">
      <metrics statements="18" coveredstatements="18" conditionals="9" coveredconditionals="9" methods="1" coveredmethods="1"/>
      <file name="index.js" path="C:\Users\USER\Desktop\Projects\germane\lib\differenceInMinutes\index.js">
        <metrics statements="18" coveredstatements="18" conditionals="9" coveredconditionals="9" methods="1" coveredmethods="1"/>
        <line num="7" count="1" type="stmt"/>
        <line num="8" count="1" type="stmt"/>
        <line num="15" count="1" type="stmt"/>
        <line num="16" count="1" type="stmt"/>
        <line num="17" count="1" type="stmt"/>
        <line num="31" count="14" type="stmt"/>
        <line num="32" count="8" type="cond" truecount="4" falsecount="0"/>
        <line num="33" count="1" type="stmt"/>
        <line num="37" count="7" type="stmt"/>
        <line num="40" count="7" type="stmt"/>
        <line num="48" count="7" type="cond" truecount="2" falsecount="0"/>
        <line num="49" count="5" type="cond" truecount="2" falsecount="0"/>
        <line num="50" count="1" type="stmt"/>
        <line num="52" count="4" type="stmt"/>
        <line num="56" count="2" type="stmt"/>
        <line num="59" count="7" type="stmt"/>
        <line num="61" count="7" type="stmt"/>
        <line num="64" count="1" type="stmt"/>
      </file>
    </package>
    <package name="differenceInMonths">
      <metrics statements="10" coveredstatements="10" conditionals="8" coveredconditionals="8" methods="1" coveredmethods="1"/>
      <file name="index.js" path="C:\Users\USER\Desktop\Projects\germane\lib\differenceInMonths\index.js">
        <metrics statements="10" coveredstatements="10" conditionals="8" coveredconditionals="8" methods="1" coveredmethods="1"/>
        <line num="7" count="1" type="stmt"/>
        <line num="8" count="1" type="stmt"/>
        <line num="9" count="1" type="stmt"/>
        <line num="20" count="15" type="cond" truecount="4" falsecount="0"/>
        <line num="21" count="3" type="stmt"/>
        <line num="23" count="12" type="cond" truecount="4" falsecount="0"/>
        <line num="24" count="1" type="stmt"/>
        <line num="26" count="11" type="stmt"/>
        <line num="28" count="11" type="stmt"/>
        <line num="31" count="1" type="stmt"/>
      </file>
    </package>
    <package name="differenceInSeconds">
      <metrics statements="18" coveredstatements="18" conditionals="9" coveredconditionals="9" methods="1" coveredmethods="1"/>
      <file name="index.js" path="C:\Users\USER\Desktop\Projects\germane\lib\differenceInSeconds\index.js">
        <metrics statements="18" coveredstatements="18" conditionals="9" coveredconditionals="9" methods="1" coveredmethods="1"/>
        <line num="7" count="1" type="stmt"/>
        <line num="8" count="1" type="stmt"/>
        <line num="15" count="1" type="stmt"/>
        <line num="16" count="1" type="stmt"/>
        <line num="17" count="1" type="stmt"/>
        <line num="32" count="14" type="stmt"/>
        <line num="33" count="8" type="cond" truecount="4" falsecount="0"/>
        <line num="34" count="1" type="stmt"/>
        <line num="38" count="7" type="stmt"/>
        <line num="41" count="7" type="stmt"/>
        <line num="48" count="7" type="cond" truecount="2" falsecount="0"/>
        <line num="49" count="5" type="cond" truecount="2" falsecount="0"/>
        <line num="50" count="1" type="stmt"/>
        <line num="52" count="4" type="stmt"/>
        <line num="56" count="2" type="stmt"/>
        <line num="59" count="7" type="stmt"/>
        <line num="61" count="7" type="stmt"/>
        <line num="64" count="1" type="stmt"/>
      </file>
    </package>
    <package name="differenceInWeeks">
      <metrics statements="18" coveredstatements="18" conditionals="9" coveredconditionals="9" methods="1" coveredmethods="1"/>
      <file name="index.js" path="C:\Users\USER\Desktop\Projects\germane\lib\differenceInWeeks\index.js">
        <metrics statements="18" coveredstatements="18" conditionals="9" coveredconditionals="9" methods="1" coveredmethods="1"/>
        <line num="7" count="1" type="stmt"/>
        <line num="8" count="1" type="stmt"/>
        <line num="15" count="1" type="stmt"/>
        <line num="16" count="1" type="stmt"/>
        <line num="17" count="1" type="stmt"/>
        <line num="27" count="15" type="stmt"/>
        <line num="28" count="9" type="cond" truecount="4" falsecount="0"/>
        <line num="29" count="1" type="stmt"/>
        <line num="33" count="8" type="stmt"/>
        <line num="36" count="8" type="stmt"/>
        <line num="43" count="8" type="cond" truecount="2" falsecount="0"/>
        <line num="44" count="6" type="cond" truecount="2" falsecount="0"/>
        <line num="45" count="1" type="stmt"/>
        <line num="47" count="5" type="stmt"/>
        <line num="51" count="2" type="stmt"/>
        <line num="54" count="8" type="stmt"/>
        <line num="56" count="8" type="stmt"/>
        <line num="59" count="1" type="stmt"/>
      </file>
    </package>
    <package name="differenceInWords">
      <metrics statements="16" coveredstatements="16" conditionals="10" coveredconditionals="10" methods="1" coveredmethods="1"/>
      <file name="index.js" path="C:\Users\USER\Desktop\Projects\germane\lib\differenceInWords\index.js">
        <metrics statements="16" coveredstatements="16" conditionals="10" coveredconditionals="10" methods="1" coveredmethods="1"/>
        <line num="7" count="1" type="stmt"/>
        <line num="8" count="1" type="stmt"/>
        <line num="9" count="1" type="stmt"/>
        <line num="10" count="1" type="stmt"/>
        <line num="11" count="1" type="stmt"/>
        <line num="21" count="19" type="cond" truecount="4" falsecount="0"/>
        <line num="22" count="3" type="stmt"/>
        <line num="24" count="16" type="cond" truecount="4" falsecount="0"/>
        <line num="25" count="1" type="stmt"/>
        <line num="27" count="15" type="stmt"/>
        <line num="28" count="15" type="stmt"/>
        <line num="30" count="15" type="cond" truecount="2" falsecount="0"/>
        <line num="32" count="14" type="stmt"/>
        <line num="33" count="14" type="stmt"/>
        <line num="40" count="14" type="stmt"/>
        <line num="43" count="1" type="stmt"/>
      </file>
    </package>
    <package name="differenceInYears">
      <metrics statements="12" coveredstatements="12" conditionals="8" coveredconditionals="8" methods="1" coveredmethods="1"/>
      <file name="index.js" path="C:\Users\USER\Desktop\Projects\germane\lib\differenceInYears\index.js">
        <metrics statements="12" coveredstatements="12" conditionals="8" coveredconditionals="8" methods="1" coveredmethods="1"/>
        <line num="7" count="1" type="stmt"/>
        <line num="8" count="1" type="stmt"/>
        <line num="9" count="1" type="stmt"/>
        <line num="19" count="16" type="cond" truecount="4" falsecount="0"/>
        <line num="20" count="3" type="stmt"/>
        <line num="22" count="13" type="cond" truecount="4" falsecount="0"/>
        <line num="23" count="1" type="stmt"/>
        <line num="25" count="12" type="stmt"/>
        <line num="26" count="12" type="stmt"/>
        <line num="28" count="12" type="stmt"/>
        <line num="30" count="12" type="stmt"/>
        <line num="33" count="1" type="stmt"/>
      </file>
    </package>
    <package name="endOfDay">
      <metrics statements="10" coveredstatements="10" conditionals="5" coveredconditionals="4" methods="1" coveredmethods="1"/>
      <file name="index.js" path="C:\Users\USER\Desktop\Projects\germane\lib\endOfDay\index.js">
        <metrics statements="10" coveredstatements="10" conditionals="5" coveredconditionals="4" methods="1" coveredmethods="1"/>
        <line num="7" count="1" type="stmt"/>
        <line num="8" count="1" type="stmt"/>
        <line num="9" count="1" type="stmt"/>
        <line num="10" count="1" type="stmt"/>
        <line num="16" count="8" type="cond" truecount="2" falsecount="0"/>
        <line num="18" count="6" type="cond" truecount="2" falsecount="0"/>
        <line num="20" count="5" type="stmt"/>
        <line num="22" count="5" type="stmt"/>
        <line num="23" count="5" type="stmt"/>
        <line num="26" count="1" type="stmt"/>
      </file>
    </package>
    <package name="endOfHour">
      <metrics statements="10" coveredstatements="10" conditionals="5" coveredconditionals="4" methods="1" coveredmethods="1"/>
      <file name="index.js" path="C:\Users\USER\Desktop\Projects\germane\lib\endOfHour\index.js">
        <metrics statements="10" coveredstatements="10" conditionals="5" coveredconditionals="4" methods="1" coveredmethods="1"/>
        <line num="7" count="1" type="stmt"/>
        <line num="8" count="1" type="stmt"/>
        <line num="9" count="1" type="stmt"/>
        <line num="10" count="1" type="stmt"/>
        <line num="16" count="8" type="cond" truecount="2" falsecount="0"/>
        <line num="18" count="7" type="cond" truecount="2" falsecount="0"/>
        <line num="20" count="5" type="stmt"/>
        <line num="22" count="5" type="stmt"/>
        <line num="23" count="5" type="stmt"/>
        <line num="26" count="1" type="stmt"/>
      </file>
    </package>
    <package name="endOfMinute">
      <metrics statements="10" coveredstatements="10" conditionals="5" coveredconditionals="4" methods="1" coveredmethods="1"/>
      <file name="index.js" path="C:\Users\USER\Desktop\Projects\germane\lib\endOfMinute\index.js">
        <metrics statements="10" coveredstatements="10" conditionals="5" coveredconditionals="4" methods="1" coveredmethods="1"/>
        <line num="7" count="1" type="stmt"/>
        <line num="8" count="1" type="stmt"/>
        <line num="9" count="1" type="stmt"/>
        <line num="10" count="1" type="stmt"/>
        <line num="18" count="7" type="cond" truecount="2" falsecount="0"/>
        <line num="20" count="5" type="cond" truecount="2" falsecount="0"/>
        <line num="22" count="4" type="stmt"/>
        <line num="24" count="4" type="stmt"/>
        <line num="25" count="4" type="stmt"/>
        <line num="28" count="1" type="stmt"/>
      </file>
    </package>
    <package name="endOfMonth">
      <metrics statements="10" coveredstatements="10" conditionals="5" coveredconditionals="4" methods="1" coveredmethods="1"/>
      <file name="index.js" path="C:\Users\USER\Desktop\Projects\germane\lib\endOfMonth\index.js">
        <metrics statements="10" coveredstatements="10" conditionals="5" coveredconditionals="4" methods="1" coveredmethods="1"/>
        <line num="7" count="1" type="stmt"/>
        <line num="8" count="1" type="stmt"/>
        <line num="9" count="1" type="stmt"/>
        <line num="10" count="1" type="stmt"/>
        <line num="18" count="8" type="cond" truecount="2" falsecount="0"/>
        <line num="20" count="6" type="cond" truecount="2" falsecount="0"/>
        <line num="22" count="5" type="stmt"/>
        <line num="24" count="5" type="stmt"/>
        <line num="31" count="5" type="stmt"/>
        <line num="34" count="1" type="stmt"/>
      </file>
    </package>
    <package name="endOfQuarter">
      <metrics statements="10" coveredstatements="10" conditionals="5" coveredconditionals="4" methods="1" coveredmethods="1"/>
      <file name="index.js" path="C:\Users\USER\Desktop\Projects\germane\lib\endOfQuarter\index.js">
        <metrics statements="10" coveredstatements="10" conditionals="5" coveredconditionals="4" methods="1" coveredmethods="1"/>
        <line num="9" count="1" type="stmt"/>
        <line num="10" count="1" type="stmt"/>
        <line num="11" count="1" type="stmt"/>
        <line num="12" count="1" type="stmt"/>
        <line num="19" count="9" type="cond" truecount="2" falsecount="0"/>
        <line num="21" count="7" type="cond" truecount="2" falsecount="0"/>
        <line num="23" count="6" type="stmt"/>
        <line num="25" count="6" type="stmt"/>
        <line num="32" count="6" type="stmt"/>
        <line num="35" count="1" type="stmt"/>
      </file>
    </package>
    <package name="endOfWeek">
      <metrics statements="10" coveredstatements="10" conditionals="5" coveredconditionals="4" methods="1" coveredmethods="1"/>
      <file name="index.js" path="C:\Users\USER\Desktop\Projects\germane\lib\endOfWeek\index.js">
        <metrics statements="10" coveredstatements="10" conditionals="5" coveredconditionals="4" methods="1" coveredmethods="1"/>
        <line num="7" count="1" type="stmt"/>
        <line num="8" count="1" type="stmt"/>
        <line num="9" count="1" type="stmt"/>
        <line num="10" count="1" type="stmt"/>
        <line num="16" count="9" type="cond" truecount="2" falsecount="0"/>
        <line num="18" count="7" type="cond" truecount="2" falsecount="0"/>
        <line num="20" count="6" type="stmt"/>
        <line num="22" count="6" type="stmt"/>
        <line num="28" count="6" type="stmt"/>
        <line num="31" count="1" type="stmt"/>
      </file>
    </package>
    <package name="endOfYear">
      <metrics statements="10" coveredstatements="10" conditionals="5" coveredconditionals="4" methods="1" coveredmethods="1"/>
      <file name="index.js" path="C:\Users\USER\Desktop\Projects\germane\lib\endOfYear\index.js">
        <metrics statements="10" coveredstatements="10" conditionals="5" coveredconditionals="4" methods="1" coveredmethods="1"/>
        <line num="7" count="1" type="stmt"/>
        <line num="8" count="1" type="stmt"/>
        <line num="9" count="1" type="stmt"/>
        <line num="10" count="1" type="stmt"/>
        <line num="17" count="9" type="cond" truecount="2" falsecount="0"/>
        <line num="19" count="7" type="cond" truecount="2" falsecount="0"/>
        <line num="21" count="6" type="stmt"/>
        <line num="23" count="6" type="stmt"/>
        <line num="30" count="6" type="stmt"/>
        <line num="33" count="1" type="stmt"/>
      </file>
    </package>
    <package name="format">
      <metrics statements="16" coveredstatements="16" conditionals="6" coveredconditionals="6" methods="1" coveredmethods="1"/>
      <file name="index.js" path="C:\Users\USER\Desktop\Projects\germane\lib\format\index.js">
        <metrics statements="16" coveredstatements="16" conditionals="6" coveredconditionals="6" methods="1" coveredmethods="1"/>
        <line num="6" count="1" type="stmt"/>
        <line num="7" count="1" type="stmt"/>
        <line num="12" count="1" type="stmt"/>
        <line num="13" count="1" type="stmt"/>
        <line num="25" count="6" type="cond" truecount="2" falsecount="0"/>
        <line num="27" count="5" type="cond" truecount="2" falsecount="0"/>
        <line num="28" count="1" type="stmt"/>
        <line num="30" count="4" type="cond" truecount="2" falsecount="0"/>
        <line num="32" count="3" type="stmt"/>
        <line num="34" count="3" type="stmt"/>
        <line num="35" count="3" type="stmt"/>
        <line num="36" count="3" type="stmt"/>
        <line num="80" count="3" type="stmt"/>
        <line num="82" count="3" type="stmt"/>
        <line num="83" count="3" type="stmt"/>
        <line num="86" count="1" type="stmt"/>
      </file>
    </package>
    <package name="getBusinessDays">
      <metrics statements="23" coveredstatements="21" conditionals="14" coveredconditionals="12" methods="2" coveredmethods="2"/>
      <file name="index.js" path="C:\Users\USER\Desktop\Projects\germane\lib\getBusinessDays\index.js">
        <metrics statements="23" coveredstatements="21" conditionals="14" coveredconditionals="12" methods="2" coveredmethods="2"/>
        <line num="7" count="1" type="stmt"/>
        <line num="11" count="1" type="stmt"/>
        <line num="12" count="1" type="stmt"/>
        <line num="22" count="6" type="cond" truecount="4" falsecount="0"/>
        <line num="23" count="4" type="stmt"/>
        <line num="25" count="2" type="cond" truecount="3" falsecount="1"/>
        <line num="26" count="0" type="stmt"/>
        <line num="27" count="2" type="cond" truecount="1" falsecount="1"/>
        <line num="28" count="0" type="stmt"/>
        <line num="30" count="2" type="stmt"/>
        <line num="31" count="2" type="stmt"/>
        <line num="33" count="2" type="stmt"/>
        <line num="37" count="2" type="stmt"/>
        <line num="40" count="2" type="stmt"/>
        <line num="43" count="2" type="stmt"/>
        <line num="45" count="2" type="stmt"/>
        <line num="46" count="2" type="stmt"/>
        <line num="47" count="34" type="stmt"/>
        <line num="50" count="34" type="cond" truecount="2" falsecount="0"/>
        <line num="54" count="34" type="cond" truecount="2" falsecount="0"/>
        <line num="55" count="24" type="stmt"/>
        <line num="58" count="24" type="stmt"/>
        <line num="61" count="1" type="stmt"/>
      </file>
    </package>
    <package name="inRange">
      <metrics statements="14" coveredstatements="14" conditionals="18" coveredconditionals="18" methods="1" coveredmethods="1"/>
      <file name="index.js" path="C:\Users\USER\Desktop\Projects\germane\lib\inRange\index.js">
        <metrics statements="14" coveredstatements="14" conditionals="18" coveredconditionals="18" methods="1" coveredmethods="1"/>
        <line num="6" count="1" type="stmt"/>
        <line num="7" count="1" type="stmt"/>
        <line num="20" count="5" type="cond" truecount="5" falsecount="0"/>
        <line num="21" count="1" type="stmt"/>
        <line num="25" count="4" type="cond" truecount="5" falsecount="0"/>
        <line num="26" count="1" type="stmt"/>
        <line num="27" count="3" type="cond" truecount="2" falsecount="0"/>
        <line num="28" count="1" type="stmt"/>
        <line num="29" count="3" type="cond" truecount="2" falsecount="0"/>
        <line num="30" count="2" type="stmt"/>
        <line num="31" count="3" type="cond" truecount="2" falsecount="0"/>
        <line num="32" count="1" type="stmt"/>
        <line num="34" count="3" type="cond" truecount="2" falsecount="0"/>
        <line num="37" count="1" type="stmt"/>
      </file>
    </package>
    <package name="isBusinessDay">
      <metrics statements="8" coveredstatements="8" conditionals="4" coveredconditionals="4" methods="1" coveredmethods="1"/>
      <file name="index.js" path="C:\Users\USER\Desktop\Projects\germane\lib\isBusinessDay\index.js">
        <metrics statements="8" coveredstatements="8" conditionals="4" coveredconditionals="4" methods="1" coveredmethods="1"/>
        <line num="6" count="1" type="stmt"/>
        <line num="7" count="1" type="stmt"/>
        <line num="15" count="14" type="cond" truecount="2" falsecount="0"/>
        <line num="17" count="11" type="cond" truecount="2" falsecount="0"/>
        <line num="18" count="10" type="stmt"/>
        <line num="20" count="10" type="stmt"/>
        <line num="22" count="10" type="stmt"/>
        <line num="25" count="1" type="stmt"/>
      </file>
    </package>
    <package name="isDate">
      <metrics statements="2" coveredstatements="2" conditionals="3" coveredconditionals="3" methods="1" coveredmethods="1"/>
      <file name="index.js" path="C:\Users\USER\Desktop\Projects\germane\lib\isDate\index.js">
        <metrics statements="2" coveredstatements="2" conditionals="3" coveredconditionals="3" methods="1" coveredmethods="1"/>
        <line num="14" count="12" type="stmt"/>
        <line num="21" count="1" type="stmt"/>
      </file>
    </package>
    <package name="isFuture">
      <metrics statements="10" coveredstatements="10" conditionals="8" coveredconditionals="8" methods="1" coveredmethods="1"/>
      <file name="index.js" path="C:\Users\USER\Desktop\Projects\germane\lib\isFuture\index.js">
        <metrics statements="10" coveredstatements="10" conditionals="8" coveredconditionals="8" methods="1" coveredmethods="1"/>
        <line num="7" count="1" type="stmt"/>
        <line num="8" count="1" type="stmt"/>
        <line num="17" count="12" type="cond" truecount="4" falsecount="0"/>
        <line num="18" count="2" type="stmt"/>
        <line num="20" count="10" type="cond" truecount="4" falsecount="0"/>
        <line num="21" count="1" type="stmt"/>
        <line num="23" count="9" type="stmt"/>
        <line num="24" count="9" type="stmt"/>
        <line num="26" count="9" type="stmt"/>
        <line num="29" count="1" type="stmt"/>
      </file>
    </package>
    <package name="isLastWeek">
      <metrics statements="19" coveredstatements="18" conditionals="8" coveredconditionals="7" methods="1" coveredmethods="1"/>
      <file name="index.js" path="C:\Users\USER\Desktop\Projects\germane\lib\isLastWeek\index.js">
        <metrics statements="19" coveredstatements="18" conditionals="8" coveredconditionals="7" methods="1" coveredmethods="1"/>
        <line num="7" count="1" type="stmt"/>
        <line num="10" count="1" type="stmt"/>
        <line num="11" count="1" type="stmt"/>
        <line num="12" count="1" type="stmt"/>
        <line num="13" count="1" type="stmt"/>
        <line num="23" count="14" type="cond" truecount="4" falsecount="0"/>
        <line num="24" count="4" type="stmt"/>
        <line num="26" count="10" type="cond" truecount="3" falsecount="1"/>
        <line num="27" count="0" type="stmt"/>
        <line num="29" count="10" type="stmt"/>
        <line num="30" count="10" type="stmt"/>
        <line num="33" count="10" type="stmt"/>
        <line num="34" count="10" type="stmt"/>
        <line num="36" count="10" type="stmt"/>
        <line num="41" count="10" type="stmt"/>
        <line num="42" count="10" type="stmt"/>
        <line num="43" count="10" type="stmt"/>
        <line num="48" count="10" type="stmt"/>
        <line num="51" count="1" type="stmt"/>
      </file>
    </package>
    <package name="isNextDay">
      <metrics statements="12" coveredstatements="11" conditionals="8" coveredconditionals="7" methods="1" coveredmethods="1"/>
      <file name="index.js" path="C:\Users\USER\Desktop\Projects\germane\lib\isNextDay\index.js">
        <metrics statements="12" coveredstatements="11" conditionals="8" coveredconditionals="7" methods="1" coveredmethods="1"/>
        <line num="6" count="1" type="stmt"/>
        <line num="7" count="1" type="stmt"/>
        <line num="15" count="15" type="cond" truecount="4" falsecount="0"/>
        <line num="16" count="4" type="stmt"/>
        <line num="18" count="11" type="cond" truecount="3" falsecount="1"/>
        <line num="19" count="0" type="stmt"/>
        <line num="20" count="11" type="stmt"/>
        <line num="21" count="11" type="stmt"/>
        <line num="24" count="11" type="stmt"/>
        <line num="29" count="11" type="stmt"/>
        <line num="34" count="11" type="stmt"/>
        <line num="37" count="1" type="stmt"/>
      </file>
    </package>
    <package name="isPast">
      <metrics statements="10" coveredstatements="10" conditionals="8" coveredconditionals="8" methods="1" coveredmethods="1"/>
      <file name="index.js" path="C:\Users\USER\Desktop\Projects\germane\lib\isPast\index.js">
        <metrics statements="10" coveredstatements="10" conditionals="8" coveredconditionals="8" methods="1" coveredmethods="1"/>
        <line num="7" count="1" type="stmt"/>
        <line num="8" count="1" type="stmt"/>
        <line num="17" count="12" type="cond" truecount="4" falsecount="0"/>
        <line num="18" count="2" type="stmt"/>
        <line num="20" count="10" type="cond" truecount="4" falsecount="0"/>
        <line num="21" count="1" type="stmt"/>
        <line num="23" count="9" type="stmt"/>
        <line num="24" count="9" type="stmt"/>
        <line num="26" count="9" type="stmt"/>
        <line num="29" count="1" type="stmt"/>
      </file>
    </package>
    <package name="isSameDay">
      <metrics statements="9" coveredstatements="8" conditionals="8" coveredconditionals="7" methods="1" coveredmethods="1"/>
      <file name="index.js" path="C:\Users\USER\Desktop\Projects\germane\lib\isSameDay\index.js">
        <metrics statements="9" coveredstatements="8" conditionals="8" coveredconditionals="7" methods="1" coveredmethods="1"/>
        <line num="8" count="1" type="stmt"/>
        <line num="9" count="1" type="stmt"/>
        <line num="10" count="1" type="stmt"/>
        <line num="20" count="15" type="cond" truecount="4" falsecount="0"/>
        <line num="21" count="4" type="stmt"/>
        <line num="23" count="11" type="cond" truecount="3" falsecount="1"/>
        <line num="24" count="0" type="stmt"/>
        <line num="26" count="11" type="stmt"/>
        <line num="29" count="1" type="stmt"/>
      </file>
    </package>
    <package name="isSameWeek">
      <metrics statements="17" coveredstatements="16" conditionals="8" coveredconditionals="7" methods="1" coveredmethods="1"/>
      <file name="index.js" path="C:\Users\USER\Desktop\Projects\germane\lib\isSameWeek\index.js">
        <metrics statements="17" coveredstatements="16" conditionals="8" coveredconditionals="7" methods="1" coveredmethods="1"/>
        <line num="8" count="1" type="stmt"/>
        <line num="11" count="1" type="stmt"/>
        <line num="12" count="1" type="stmt"/>
        <line num="13" count="1" type="stmt"/>
        <line num="14" count="1" type="stmt"/>
        <line num="24" count="14" type="cond" truecount="4" falsecount="0"/>
        <line num="25" count="4" type="stmt"/>
        <line num="27" count="10" type="cond" truecount="3" falsecount="1"/>
        <line num="28" count="0" type="stmt"/>
        <line num="29" count="10" type="stmt"/>
        <line num="30" count="10" type="stmt"/>
        <line num="31" count="10" type="stmt"/>
        <line num="34" count="10" type="stmt"/>
        <line num="35" count="10" type="stmt"/>
        <line num="37" count="10" type="stmt"/>
        <line num="42" count="10" type="stmt"/>
        <line num="45" count="1" type="stmt"/>
      </file>
    </package>
    <package name="isToday">
      <metrics statements="16" coveredstatements="16" conditionals="4" coveredconditionals="3" methods="1" coveredmethods="1"/>
      <file name="index.js" path="C:\Users\USER\Desktop\Projects\germane\lib\isToday\index.js">
        <metrics statements="16" coveredstatements="16" conditionals="4" coveredconditionals="3" methods="1" coveredmethods="1"/>
        <line num="8" count="1" type="stmt"/>
        <line num="9" count="1" type="stmt"/>
        <line num="18" count="8" type="cond" truecount="2" falsecount="0"/>
        <line num="20" count="4" type="cond" truecount="1" falsecount="1"/>
        <line num="21" count="4" type="stmt"/>
        <line num="23" count="4" type="stmt"/>
        <line num="24" count="4" type="stmt"/>
        <line num="25" count="4" type="stmt"/>
        <line num="26" count="4" type="stmt"/>
        <line num="28" count="4" type="stmt"/>
        <line num="29" count="4" type="stmt"/>
        <line num="30" count="4" type="stmt"/>
        <line num="32" count="4" type="stmt"/>
        <line num="33" count="4" type="stmt"/>
        <line num="37" count="4" type="stmt"/>
        <line num="40" count="1" type="stmt"/>
      </file>
    </package>
    <package name="isValid">
      <metrics statements="4" coveredstatements="4" conditionals="2" coveredconditionals="2" methods="1" coveredmethods="1"/>
      <file name="index.js" path="C:\Users\USER\Desktop\Projects\germane\lib\isValid\index.js">
        <metrics statements="4" coveredstatements="4" conditionals="2" coveredconditionals="2" methods="1" coveredmethods="1"/>
        <line num="7" count="1" type="stmt"/>
        <line num="8" count="1" type="stmt"/>
        <line num="17" count="13" type="cond" truecount="2" falsecount="0"/>
        <line num="20" count="1" type="stmt"/>
      </file>
    </package>
    <package name="isWeekend">
      <metrics statements="8" coveredstatements="8" conditionals="4" coveredconditionals="4" methods="1" coveredmethods="1"/>
      <file name="index.js" path="C:\Users\USER\Desktop\Projects\germane\lib\isWeekend\index.js">
        <metrics statements="8" coveredstatements="8" conditionals="4" coveredconditionals="4" methods="1" coveredmethods="1"/>
        <line num="8" count="1" type="stmt"/>
        <line num="9" count="1" type="stmt"/>
        <line num="19" count="14" type="cond" truecount="2" falsecount="0"/>
        <line num="21" count="11" type="cond" truecount="2" falsecount="0"/>
        <line num="23" count="10" type="stmt"/>
        <line num="25" count="10" type="stmt"/>
        <line num="27" count="10" type="stmt"/>
        <line num="30" count="1" type="stmt"/>
      </file>
    </package>
    <package name="isYesterday">
      <metrics statements="12" coveredstatements="11" conditionals="8" coveredconditionals="7" methods="1" coveredmethods="1"/>
      <file name="index.js" path="C:\Users\USER\Desktop\Projects\germane\lib\isYesterday\index.js">
        <metrics statements="12" coveredstatements="11" conditionals="8" coveredconditionals="7" methods="1" coveredmethods="1"/>
        <line num="6" count="1" type="stmt"/>
        <line num="7" count="1" type="stmt"/>
        <line num="15" count="14" type="cond" truecount="4" falsecount="0"/>
        <line num="16" count="4" type="stmt"/>
        <line num="18" count="10" type="cond" truecount="3" falsecount="1"/>
        <line num="19" count="0" type="stmt"/>
        <line num="20" count="10" type="stmt"/>
        <line num="21" count="10" type="stmt"/>
        <line num="24" count="10" type="stmt"/>
        <line num="29" count="10" type="stmt"/>
        <line num="34" count="10" type="stmt"/>
        <line num="37" count="1" type="stmt"/>
      </file>
    </package>
    <package name="startOfDay">
      <metrics statements="11" coveredstatements="11" conditionals="4" coveredconditionals="4" methods="1" coveredmethods="1"/>
      <file name="index.js" path="C:\Users\USER\Desktop\Projects\germane\lib\startOfDay\index.js">
        <metrics statements="11" coveredstatements="11" conditionals="4" coveredconditionals="4" methods="1" coveredmethods="1"/>
        <line num="10" count="1" type="stmt"/>
        <line num="11" count="1" type="stmt"/>
        <line num="12" count="1" type="stmt"/>
        <line num="13" count="1" type="stmt"/>
        <line num="22" count="10" type="cond" truecount="2" falsecount="0"/>
        <line num="23" count="1" type="stmt"/>
        <line num="27" count="9" type="cond" truecount="2" falsecount="0"/>
        <line num="29" count="7" type="stmt"/>
        <line num="30" count="7" type="stmt"/>
        <line num="31" count="7" type="stmt"/>
        <line num="34" count="1" type="stmt"/>
      </file>
    </package>
    <package name="startOfHour">
      <metrics statements="10" coveredstatements="10" conditionals="4" coveredconditionals="4" methods="1" coveredmethods="1"/>
      <file name="index.js" path="C:\Users\USER\Desktop\Projects\germane\lib\startOfHour\index.js">
        <metrics statements="10" coveredstatements="10" conditionals="4" coveredconditionals="4" methods="1" coveredmethods="1"/>
        <line num="10" count="1" type="stmt"/>
        <line num="11" count="1" type="stmt"/>
        <line num="12" count="1" type="stmt"/>
        <line num="13" count="1" type="stmt"/>
        <line num="22" count="9" type="cond" truecount="2" falsecount="0"/>
        <line num="24" count="8" type="cond" truecount="2" falsecount="0"/>
        <line num="26" count="7" type="stmt"/>
        <line num="27" count="7" type="stmt"/>
        <line num="28" count="7" type="stmt"/>
        <line num="31" count="1" type="stmt"/>
      </file>
    </package>
    <package name="startOfMinute">
      <metrics statements="10" coveredstatements="10" conditionals="4" coveredconditionals="4" methods="1" coveredmethods="1"/>
      <file name="index.js" path="C:\Users\USER\Desktop\Projects\germane\lib\startOfMinute\index.js">
        <metrics statements="10" coveredstatements="10" conditionals="4" coveredconditionals="4" methods="1" coveredmethods="1"/>
        <line num="10" count="1" type="stmt"/>
        <line num="11" count="1" type="stmt"/>
        <line num="12" count="1" type="stmt"/>
        <line num="13" count="1" type="stmt"/>
        <line num="22" count="7" type="cond" truecount="2" falsecount="0"/>
        <line num="24" count="6" type="cond" truecount="2" falsecount="0"/>
        <line num="26" count="4" type="stmt"/>
        <line num="27" count="4" type="stmt"/>
        <line num="28" count="4" type="stmt"/>
        <line num="31" count="1" type="stmt"/>
      </file>
    </package>
    <package name="startOfMonth">
      <metrics statements="10" coveredstatements="10" conditionals="4" coveredconditionals="4" methods="1" coveredmethods="1"/>
      <file name="index.js" path="C:\Users\USER\Desktop\Projects\germane\lib\startOfMonth\index.js">
        <metrics statements="10" coveredstatements="10" conditionals="4" coveredconditionals="4" methods="1" coveredmethods="1"/>
        <line num="10" count="1" type="stmt"/>
        <line num="11" count="1" type="stmt"/>
        <line num="12" count="1" type="stmt"/>
        <line num="13" count="1" type="stmt"/>
        <line num="22" count="7" type="cond" truecount="2" falsecount="0"/>
        <line num="24" count="6" type="cond" truecount="2" falsecount="0"/>
        <line num="26" count="5" type="stmt"/>
        <line num="27" count="5" type="stmt"/>
        <line num="33" count="5" type="stmt"/>
        <line num="36" count="1" type="stmt"/>
      </file>
    </package>
    <package name="startOfQuarter">
      <metrics statements="10" coveredstatements="10" conditionals="4" coveredconditionals="4" methods="1" coveredmethods="1"/>
      <file name="index.js" path="C:\Users\USER\Desktop\Projects\germane\lib\startOfQuarter\index.js">
        <metrics statements="10" coveredstatements="10" conditionals="4" coveredconditionals="4" methods="1" coveredmethods="1"/>
        <line num="10" count="1" type="stmt"/>
        <line num="11" count="1" type="stmt"/>
        <line num="12" count="1" type="stmt"/>
        <line num="13" count="1" type="stmt"/>
        <line num="22" count="9" type="cond" truecount="2" falsecount="0"/>
        <line num="24" count="8" type="cond" truecount="2" falsecount="0"/>
        <line num="26" count="7" type="stmt"/>
        <line num="27" count="7" type="stmt"/>
        <line num="34" count="7" type="stmt"/>
        <line num="37" count="1" type="stmt"/>
      </file>
    </package>
    <package name="startOfWeek">
      <metrics statements="10" coveredstatements="10" conditionals="4" coveredconditionals="4" methods="1" coveredmethods="1"/>
      <file name="index.js" path="C:\Users\USER\Desktop\Projects\germane\lib\startOfWeek\index.js">
        <metrics statements="10" coveredstatements="10" conditionals="4" coveredconditionals="4" methods="1" coveredmethods="1"/>
        <line num="10" count="1" type="stmt"/>
        <line num="11" count="1" type="stmt"/>
        <line num="12" count="1" type="stmt"/>
        <line num="13" count="1" type="stmt"/>
        <line num="22" count="9" type="cond" truecount="2" falsecount="0"/>
        <line num="24" count="8" type="cond" truecount="2" falsecount="0"/>
        <line num="26" count="6" type="stmt"/>
        <line num="27" count="6" type="stmt"/>
        <line num="33" count="6" type="stmt"/>
        <line num="36" count="1" type="stmt"/>
      </file>
    </package>
    <package name="startOfYear">
      <metrics statements="10" coveredstatements="10" conditionals="4" coveredconditionals="4" methods="1" coveredmethods="1"/>
      <file name="index.js" path="C:\Users\USER\Desktop\Projects\germane\lib\startOfYear\index.js">
        <metrics statements="10" coveredstatements="10" conditionals="4" coveredconditionals="4" methods="1" coveredmethods="1"/>
        <line num="10" count="1" type="stmt"/>
        <line num="11" count="1" type="stmt"/>
        <line num="12" count="1" type="stmt"/>
        <line num="13" count="1" type="stmt"/>
        <line num="22" count="12" type="cond" truecount="2" falsecount="0"/>
        <line num="24" count="11" type="cond" truecount="2" falsecount="0"/>
        <line num="26" count="9" type="stmt"/>
        <line num="27" count="9" type="stmt"/>
        <line num="34" count="9" type="stmt"/>
        <line num="37" count="1" type="stmt"/>
      </file>
    </package>
    <package name="useCFormat">
      <metrics statements="16" coveredstatements="16" conditionals="7" coveredconditionals="6" methods="1" coveredmethods="1"/>
      <file name="index.js" path="C:\Users\USER\Desktop\Projects\germane\lib\useCFormat\index.js">
        <metrics statements="16" coveredstatements="16" conditionals="7" coveredconditionals="6" methods="1" coveredmethods="1"/>
        <line num="6" count="1" type="stmt"/>
        <line num="7" count="1" type="stmt"/>
        <line num="11" count="1" type="stmt"/>
        <line num="12" count="1" type="stmt"/>
        <line num="21" count="6" type="cond" truecount="2" falsecount="0"/>
        <line num="23" count="5" type="cond" truecount="2" falsecount="0"/>
        <line num="24" count="1" type="stmt"/>
        <line num="26" count="4" type="cond" truecount="2" falsecount="0"/>
        <line num="28" count="3" type="stmt"/>
        <line num="29" count="3" type="stmt"/>
        <line num="30" count="3" type="stmt"/>
        <line num="31" count="3" type="stmt"/>
        <line num="61" count="3" type="stmt"/>
        <line num="63" count="3" type="stmt"/>
        <line num="65" count="3" type="stmt"/>
        <line num="68" count="1" type="stmt"/>
      </file>
    </package>
    <package name="utils">
      <metrics statements="15" coveredstatements="15" conditionals="1" coveredconditionals="1" methods="7" coveredmethods="7"/>
      <file name="formatDateTime.js" path="C:\Users\USER\Desktop\Projects\germane\lib\utils\formatDateTime.js">
        <metrics statements="6" coveredstatements="6" conditionals="0" coveredconditionals="0" methods="1" coveredmethods="1"/>
        <line num="5" count="2" type="stmt"/>
        <line num="6" count="2" type="stmt"/>
        <line num="12" count="2" type="stmt"/>
        <line num="13" count="6" type="stmt"/>
        <line num="14" count="6" type="stmt"/>
        <line num="15" count="6" type="stmt"/>
      </file>
      <file name="range.js" path="C:\Users\USER\Desktop\Projects\germane\lib\utils\range.js">
        <metrics statements="3" coveredstatements="3" conditionals="1" coveredconditionals="1" methods="1" coveredmethods="1"/>
        <line num="16" count="24" type="cond" truecount="1" falsecount="0"/>
        <line num="17" count="73" type="stmt"/>
        <line num="18" count="73" type="stmt"/>
      </file>
      <file name="roundingMethods.js" path="C:\Users\USER\Desktop\Projects\germane\lib\utils\roundingMethods.js">
        <metrics statements="6" coveredstatements="6" conditionals="0" coveredconditionals="0" methods="5" coveredmethods="5"/>
        <line num="12" count="33" type="stmt"/>
        <line num="13" count="1687" type="stmt"/>
        <line num="14" count="15" type="stmt"/>
        <line num="15" count="7" type="stmt"/>
        <line num="16" count="7" type="stmt"/>
        <line num="17" count="7" type="stmt"/>
      </file>
    </package>
    <package name="utils.evaluations">
      <metrics statements="225" coveredstatements="225" conditionals="198" coveredconditionals="176" methods="26" coveredmethods="26"/>
      <file name="dayOfYear.js" path="C:\Users\USER\Desktop\Projects\germane\lib\utils\evaluations\dayOfYear.js">
        <metrics statements="6" coveredstatements="6" conditionals="3" coveredconditionals="3" methods="2" coveredmethods="2"/>
        <line num="5" count="22" type="stmt"/>
        <line num="7" count="22" type="stmt"/>
        <line num="12" count="25" type="stmt"/>
        <line num="13" count="25" type="stmt"/>
        <line num="15" count="138" type="stmt"/>
        <line num="16" count="25" type="stmt"/>
      </file>
      <file name="daysToMonths.js" path="C:\Users\USER\Desktop\Projects\germane\lib\utils\evaluations\daysToMonths.js">
        <metrics statements="2" coveredstatements="2" conditionals="0" coveredconditionals="0" methods="1" coveredmethods="1"/>
        <line num="15" count="3" type="stmt"/>
        <line num="18" count="1" type="stmt"/>
      </file>
      <file name="difference.js" path="C:\Users\USER\Desktop\Projects\germane\lib\utils\evaluations\difference.js">
        <metrics statements="21" coveredstatements="21" conditionals="6" coveredconditionals="5" methods="1" coveredmethods="1"/>
        <line num="10" count="22" type="stmt"/>
        <line num="18" count="163" type="stmt"/>
        <line num="19" count="163" type="stmt"/>
        <line num="20" count="163" type="stmt"/>
        <line num="21" count="163" type="stmt"/>
        <line num="22" count="163" type="stmt"/>
        <line num="23" count="163" type="stmt"/>
        <line num="24" count="163" type="stmt"/>
        <line num="25" count="163" type="stmt"/>
        <line num="27" count="163" type="stmt"/>
        <line num="28" count="163" type="stmt"/>
        <line num="30" count="163" type="stmt"/>
        <line num="31" count="163" type="stmt"/>
        <line num="33" count="163" type="stmt"/>
        <line num="34" count="163" type="cond" truecount="2" falsecount="0"/>
        <line num="35" count="137" type="stmt"/>
        <line num="48" count="26" type="cond" truecount="2" falsecount="0"/>
        <line num="49" count="14" type="stmt"/>
        <line num="62" count="12" type="cond" truecount="1" falsecount="1"/>
        <line num="63" count="12" type="stmt"/>
        <line num="79" count="22" type="stmt"/>
      </file>
      <file name="differenceUsingTime.js" path="C:\Users\USER\Desktop\Projects\germane\lib\utils\evaluations\differenceUsingTime.js">
        <metrics statements="18" coveredstatements="18" conditionals="17" coveredconditionals="17" methods="1" coveredmethods="1"/>
        <line num="13" count="7" type="stmt"/>
        <line num="15" count="7" type="stmt"/>
        <line num="16" count="7" type="stmt"/>
        <line num="30" count="94" type="cond" truecount="4" falsecount="0"/>
        <line num="31" count="13" type="stmt"/>
        <line num="33" count="81" type="cond" truecount="4" falsecount="0"/>
        <line num="34" count="13" type="stmt"/>
        <line num="36" count="68" type="cond" truecount="2" falsecount="0"/>
        <line num="37" count="7" type="stmt"/>
        <line num="41" count="61" type="cond" truecount="4" falsecount="0"/>
        <line num="42" count="7" type="stmt"/>
        <line num="46" count="54" type="stmt"/>
        <line num="47" count="54" type="stmt"/>
        <line num="49" count="54" type="stmt"/>
        <line num="53" count="54" type="stmt"/>
        <line num="59" count="54" type="cond" truecount="2" falsecount="0"/>
        <line num="63" count="54" type="stmt"/>
        <line num="66" count="7" type="stmt"/>
      </file>
      <file name="endOfDateHandlers.js" path="C:\Users\USER\Desktop\Projects\germane\lib\utils\evaluations\endOfDateHandlers.js">
        <metrics statements="47" coveredstatements="47" conditionals="0" coveredconditionals="0" methods="6" coveredmethods="6"/>
        <line num="6" count="10" type="stmt"/>
        <line num="7" count="10" type="stmt"/>
        <line num="8" count="10" type="stmt"/>
        <line num="9" count="10" type="stmt"/>
        <line num="10" count="10" type="stmt"/>
        <line num="16" count="10" type="stmt"/>
        <line num="17" count="8" type="stmt"/>
        <line num="18" count="8" type="stmt"/>
        <line num="20" count="8" type="stmt"/>
        <line num="21" count="8" type="stmt"/>
        <line num="25" count="8" type="stmt"/>
        <line num="26" count="8" type="stmt"/>
        <line num="29" count="8" type="stmt"/>
        <line num="30" count="8" type="stmt"/>
        <line num="41" count="10" type="stmt"/>
        <line num="42" count="7" type="stmt"/>
        <line num="43" count="7" type="stmt"/>
        <line num="45" count="7" type="stmt"/>
        <line num="46" count="7" type="stmt"/>
        <line num="48" count="7" type="stmt"/>
        <line num="49" count="7" type="stmt"/>
        <line num="60" count="10" type="stmt"/>
        <line num="61" count="7" type="stmt"/>
        <line num="62" count="7" type="stmt"/>
        <line num="64" count="7" type="stmt"/>
        <line num="66" count="7" type="stmt"/>
        <line num="67" count="7" type="stmt"/>
        <line num="73" count="10" type="stmt"/>
        <line num="74" count="10" type="stmt"/>
        <line num="75" count="10" type="stmt"/>
        <line num="76" count="10" type="stmt"/>
        <line num="77" count="10" type="stmt"/>
        <line num="81" count="10" type="stmt"/>
        <line num="82" count="10" type="stmt"/>
        <line num="89" count="10" type="stmt"/>
        <line num="90" count="28" type="stmt"/>
        <line num="91" count="28" type="stmt"/>
        <line num="92" count="28" type="stmt"/>
        <line num="93" count="28" type="stmt"/>
        <line num="94" count="28" type="stmt"/>
        <line num="95" count="28" type="stmt"/>
        <line num="96" count="28" type="stmt"/>
        <line num="107" count="10" type="stmt"/>
        <line num="108" count="8" type="stmt"/>
        <line num="109" count="8" type="stmt"/>
        <line num="110" count="8" type="stmt"/>
        <line num="111" count="8" type="stmt"/>
      </file>
      <file name="evalDateDifference.js" path="C:\Users\USER\Desktop\Projects\germane\lib\utils\evaluations\evalDateDifference.js">
        <metrics statements="46" coveredstatements="46" conditionals="161" coveredconditionals="141" methods="3" coveredmethods="3"/>
        <line num="7" count="23" type="stmt"/>
        <line num="8" count="23" type="stmt"/>
        <line num="9" count="23" type="stmt"/>
        <line num="32" count="15" type="stmt"/>
        <line num="34" count="15" type="stmt"/>
        <line num="39" count="15" type="stmt"/>
        <line num="40" count="15" type="stmt"/>
        <line num="43" count="15" type="cond" truecount="3" falsecount="1"/>
        <line num="49" count="15" type="stmt"/>
        <line num="51" count="15" type="stmt"/>
        <line num="54" count="15" type="stmt"/>
        <line num="56" count="15" type="stmt"/>
        <line num="68" count="15" type="stmt"/>
        <line num="80" count="15" type="cond" truecount="2" falsecount="0"/>
        <line num="86" count="1" type="stmt"/>
        <line num="87" count="1" type="stmt"/>
        <line num="88" count="1" type="stmt"/>
        <line num="91" count="15" type="stmt"/>
        <line num="121" count="16" type="stmt"/>
        <line num="125" count="16" type="stmt"/>
        <line num="127" count="16" type="stmt"/>
        <line num="128" count="16" type="stmt"/>
        <line num="131" count="16" type="cond" truecount="3" falsecount="1"/>
        <line num="137" count="16" type="stmt"/>
        <line num="138" count="16" type="stmt"/>
        <line num="141" count="16" type="stmt"/>
        <line num="143" count="16" type="stmt"/>
        <line num="153" count="16" type="stmt"/>
        <line num="163" count="16" type="stmt"/>
        <line num="192" count="143" type="stmt"/>
        <line num="195" count="143" type="stmt"/>
        <line num="200" count="143" type="stmt"/>
        <line num="201" count="143" type="stmt"/>
        <line num="204" count="143" type="cond" truecount="2" falsecount="0"/>
        <line num="222" count="143" type="stmt"/>
        <line num="231" count="143" type="stmt"/>
        <line num="235" count="143" type="cond" truecount="2" falsecount="0"/>
        <line num="241" count="143" type="stmt"/>
        <line num="265" count="143" type="stmt"/>
        <line num="290" count="143" type="cond" truecount="2" falsecount="0"/>
        <line num="296" count="5" type="stmt"/>
        <line num="297" count="5" type="stmt"/>
        <line num="298" count="5" type="stmt"/>
        <line num="299" count="5" type="stmt"/>
        <line num="302" count="143" type="stmt"/>
        <line num="311" count="23" type="stmt"/>
      </file>
      <file name="evalTimestamp.js" path="C:\Users\USER\Desktop\Projects\germane\lib\utils\evaluations\evalTimestamp.js">
        <metrics statements="12" coveredstatements="12" conditionals="1" coveredconditionals="1" methods="1" coveredmethods="1"/>
        <line num="6" count="19" type="stmt"/>
        <line num="12" count="143" type="stmt"/>
        <line num="13" count="143" type="stmt"/>
        <line num="14" count="143" type="stmt"/>
        <line num="15" count="143" type="stmt"/>
        <line num="17" count="143" type="stmt"/>
        <line num="18" count="143" type="stmt"/>
        <line num="19" count="143" type="stmt"/>
        <line num="20" count="143" type="stmt"/>
        <line num="22" count="143" type="stmt"/>
        <line num="33" count="143" type="stmt"/>
        <line num="35" count="19" type="stmt"/>
      </file>
      <file name="findQuarter.js" path="C:\Users\USER\Desktop\Projects\germane\lib\utils\evaluations\findQuarter.js">
        <metrics statements="15" coveredstatements="15" conditionals="8" coveredconditionals="7" methods="3" coveredmethods="3"/>
        <line num="6" count="22" type="stmt"/>
        <line num="7" count="22" type="stmt"/>
        <line num="16" count="113" type="stmt"/>
        <line num="18" count="708" type="stmt"/>
        <line num="19" count="113" type="stmt"/>
        <line num="27" count="22" type="stmt"/>
        <line num="28" count="28" type="cond" truecount="2" falsecount="0"/>
        <line num="29" count="7" type="stmt"/>
        <line num="30" count="21" type="cond" truecount="2" falsecount="0"/>
        <line num="31" count="6" type="stmt"/>
        <line num="32" count="15" type="cond" truecount="2" falsecount="0"/>
        <line num="33" count="10" type="stmt"/>
        <line num="34" count="5" type="cond" truecount="1" falsecount="1"/>
        <line num="35" count="5" type="stmt"/>
        <line num="39" count="22" type="stmt"/>
      </file>
      <file name="getFullYear.js" path="C:\Users\USER\Desktop\Projects\germane\lib\utils\evaluations\getFullYear.js">
        <metrics statements="3" coveredstatements="3" conditionals="2" coveredconditionals="2" methods="1" coveredmethods="1"/>
        <line num="1" count="29" type="stmt"/>
        <line num="3" count="29" type="stmt"/>
        <line num="4" count="495" type="stmt"/>
      </file>
      <file name="isSameDate.js" path="C:\Users\USER\Desktop\Projects\germane\lib\utils\evaluations\isSameDate.js">
        <metrics statements="10" coveredstatements="10" conditionals="0" coveredconditionals="0" methods="1" coveredmethods="1"/>
        <line num="15" count="30" type="stmt"/>
        <line num="16" count="30" type="stmt"/>
        <line num="17" count="30" type="stmt"/>
        <line num="18" count="30" type="stmt"/>
        <line num="19" count="30" type="stmt"/>
        <line num="20" count="30" type="stmt"/>
        <line num="22" count="30" type="stmt"/>
        <line num="23" count="30" type="stmt"/>
        <line num="25" count="30" type="stmt"/>
        <line num="28" count="3" type="stmt"/>
      </file>
      <file name="startOfDateHandlers.js" path="C:\Users\USER\Desktop\Projects\germane\lib\utils\evaluations\startOfDateHandlers.js">
        <metrics statements="45" coveredstatements="45" conditionals="0" coveredconditionals="0" methods="6" coveredmethods="6"/>
        <line num="6" count="10" type="stmt"/>
        <line num="7" count="10" type="stmt"/>
        <line num="8" count="10" type="stmt"/>
        <line num="9" count="10" type="stmt"/>
        <line num="15" count="8" type="stmt"/>
        <line num="16" count="8" type="stmt"/>
        <line num="18" count="8" type="stmt"/>
        <line num="19" count="8" type="stmt"/>
        <line num="21" count="8" type="stmt"/>
        <line num="22" count="8" type="stmt"/>
        <line num="25" count="8" type="stmt"/>
        <line num="27" count="8" type="stmt"/>
        <line num="34" count="6" type="stmt"/>
        <line num="35" count="6" type="stmt"/>
        <line num="37" count="6" type="stmt"/>
        <line num="39" count="6" type="stmt"/>
        <line num="40" count="6" type="stmt"/>
        <line num="47" count="8" type="stmt"/>
        <line num="48" count="8" type="stmt"/>
        <line num="50" count="8" type="stmt"/>
        <line num="51" count="8" type="stmt"/>
        <line num="52" count="8" type="stmt"/>
        <line num="55" count="13" type="stmt"/>
        <line num="56" count="13" type="stmt"/>
        <line num="57" count="13" type="stmt"/>
        <line num="58" count="13" type="stmt"/>
        <line num="62" count="13" type="stmt"/>
        <line num="63" count="13" type="stmt"/>
        <line num="66" count="27" type="stmt"/>
        <line num="67" count="27" type="stmt"/>
        <line num="68" count="27" type="stmt"/>
        <line num="70" count="27" type="stmt"/>
        <line num="72" count="27" type="stmt"/>
        <line num="73" count="27" type="stmt"/>
        <line num="75" count="27" type="stmt"/>
        <line num="82" count="10" type="stmt"/>
        <line num="83" count="10" type="stmt"/>
        <line num="84" count="10" type="stmt"/>
        <line num="85" count="10" type="stmt"/>
        <line num="92" count="10" type="stmt"/>
        <line num="93" count="10" type="stmt"/>
        <line num="94" count="10" type="stmt"/>
        <line num="95" count="10" type="stmt"/>
        <line num="96" count="10" type="stmt"/>
        <line num="97" count="10" type="stmt"/>
      </file>
    </package>
    <package name="utils.parsers">
      <metrics statements="54" coveredstatements="54" conditionals="24" coveredconditionals="21" methods="5" coveredmethods="5"/>
      <file name="ordinalParse.js" path="C:\Users\USER\Desktop\Projects\germane\lib\utils\parsers\ordinalParse.js">
        <metrics statements="17" coveredstatements="17" conditionals="10" coveredconditionals="9" methods="2" coveredmethods="2"/>
        <line num="11" count="4" type="stmt"/>
        <line num="12" count="64" type="stmt"/>
        <line num="13" count="64" type="stmt"/>
        <line num="14" count="64" type="stmt"/>
        <line num="15" count="64" type="stmt"/>
        <line num="16" count="64" type="stmt"/>
        <line num="17" count="64" type="stmt"/>
        <line num="18" count="64" type="stmt"/>
        <line num="20" count="64" type="stmt"/>
        <line num="22" count="64" type="stmt"/>
        <line num="23" count="64" type="cond" truecount="2" falsecount="0"/>
        <line num="24" count="39" type="stmt"/>
        <line num="25" count="25" type="cond" truecount="2" falsecount="0"/>
        <line num="26" count="24" type="cond" truecount="2" falsecount="0"/>
        <line num="27" count="15" type="cond" truecount="2" falsecount="0"/>
        <line num="28" count="8" type="cond" truecount="1" falsecount="1"/>
        <line num="30" count="1" type="stmt"/>
      </file>
      <file name="parseDate.js" path="C:\Users\USER\Desktop\Projects\germane\lib\utils\parsers\parseDate.js">
        <metrics statements="17" coveredstatements="17" conditionals="4" coveredconditionals="3" methods="1" coveredmethods="1"/>
        <line num="6" count="3" type="stmt"/>
        <line num="7" count="3" type="stmt"/>
        <line num="8" count="3" type="stmt"/>
        <line num="9" count="3" type="stmt"/>
        <line num="17" count="3" type="stmt"/>
        <line num="18" count="7" type="stmt"/>
        <line num="19" count="7" type="stmt"/>
        <line num="20" count="7" type="stmt"/>
        <line num="21" count="7" type="stmt"/>
        <line num="22" count="7" type="stmt"/>
        <line num="23" count="7" type="stmt"/>
        <line num="29" count="7" type="stmt"/>
        <line num="30" count="7" type="stmt"/>
        <line num="31" count="7" type="stmt"/>
        <line num="32" count="7" type="stmt"/>
        <line num="33" count="7" type="stmt"/>
        <line num="94" count="7" type="stmt"/>
      </file>
      <file name="parseTime.js" path="C:\Users\USER\Desktop\Projects\germane\lib\utils\parsers\parseTime.js">
        <metrics statements="16" coveredstatements="16" conditionals="8" coveredconditionals="7" methods="1" coveredmethods="1"/>
        <line num="13" count="3" type="stmt"/>
        <line num="14" count="7" type="stmt"/>
        <line num="15" count="7" type="stmt"/>
        <line num="17" count="7" type="stmt"/>
        <line num="18" count="7" type="stmt"/>
        <line num="19" count="7" type="stmt"/>
        <line num="20" count="7" type="stmt"/>
        <line num="21" count="28" type="stmt"/>
        <line num="23" count="7" type="stmt"/>
        <line num="24" count="7" type="stmt"/>
        <line num="25" count="7" type="stmt"/>
        <line num="26" count="7" type="stmt"/>
        <line num="27" count="7" type="stmt"/>
        <line num="28" count="7" type="cond" truecount="1" falsecount="1"/>
        <line num="30" count="7" type="stmt"/>
        <line num="80" count="7" type="stmt"/>
      </file>
      <file name="shortToLong.js" path="C:\Users\USER\Desktop\Projects\germane\lib\utils\parsers\shortToLong.js">
        <metrics statements="4" coveredstatements="4" conditionals="2" coveredconditionals="2" methods="1" coveredmethods="1"/>
        <line num="9" count="4" type="cond" truecount="2" falsecount="0"/>
        <line num="10" count="9" type="stmt"/>
        <line num="24" count="9" type="stmt"/>
        <line num="33" count="9" type="stmt"/>
      </file>
    </package>
    <package name="utils.replacers">
      <metrics statements="56" coveredstatements="56" conditionals="44" coveredconditionals="44" methods="8" coveredmethods="8"/>
      <file name="pluralise.js" path="C:\Users\USER\Desktop\Projects\germane\lib\utils\replacers\pluralise.js">
        <metrics statements="14" coveredstatements="14" conditionals="15" coveredconditionals="15" methods="1" coveredmethods="1"/>
        <line num="10" count="3" type="stmt"/>
        <line num="13" count="42" type="cond" truecount="2" falsecount="0"/>
        <line num="14" count="32" type="cond" truecount="2" falsecount="0"/>
        <line num="15" count="1" type="stmt"/>
        <line num="16" count="31" type="stmt"/>
        <line num="18" count="10" type="stmt"/>
        <line num="21" count="42" type="stmt"/>
        <line num="22" count="42" type="stmt"/>
        <line num="24" count="42" type="cond" truecount="2" falsecount="0"/>
        <line num="25" count="32" type="cond" truecount="2" falsecount="0"/>
        <line num="31" count="1" type="stmt"/>
        <line num="32" count="31" type="cond" truecount="2" falsecount="0"/>
        <line num="33" count="30" type="stmt"/>
        <line num="34" count="10" type="stmt"/>
      </file>
      <file name="replacer.js" path="C:\Users\USER\Desktop\Projects\germane\lib\utils\replacers\replacer.js">
        <metrics statements="10" coveredstatements="10" conditionals="5" coveredconditionals="5" methods="1" coveredmethods="1"/>
        <line num="15" count="3" type="stmt"/>
        <line num="16" count="9" type="stmt"/>
        <line num="17" count="9" type="stmt"/>
        <line num="18" count="9" type="stmt"/>
        <line num="19" count="9" type="cond" truecount="5" falsecount="0"/>
        <line num="20" count="1" type="stmt"/>
        <line num="21" count="8" type="stmt"/>
        <line num="22" count="54" type="stmt"/>
        <line num="23" count="54" type="stmt"/>
        <line num="25" count="8" type="stmt"/>
      </file>
      <file name="strictReturn.js" path="C:\Users\USER\Desktop\Projects\germane\lib\utils\replacers\strictReturn.js">
        <metrics statements="17" coveredstatements="17" conditionals="4" coveredconditionals="4" methods="5" coveredmethods="5"/>
        <line num="6" count="2" type="stmt"/>
        <line num="14" count="2" type="stmt"/>
        <line num="15" count="16" type="stmt"/>
        <line num="16" count="16" type="stmt"/>
        <line num="17" count="66" type="cond" truecount="2" falsecount="0"/>
        <line num="20" count="16" type="stmt"/>
        <line num="21" count="36" type="stmt"/>
        <line num="25" count="16" type="stmt"/>
        <line num="27" count="16" type="stmt"/>
        <line num="28" count="36" type="stmt"/>
        <line num="30" count="36" type="stmt"/>
        <line num="31" count="36" type="cond" truecount="2" falsecount="0"/>
        <line num="32" count="21" type="stmt"/>
        <line num="39" count="15" type="stmt"/>
        <line num="46" count="36" type="stmt"/>
        <line num="48" count="16" type="stmt"/>
        <line num="51" count="2" type="stmt"/>
      </file>
      <file name="toPriority.js" path="C:\Users\USER\Desktop\Projects\germane\lib\utils\replacers\toPriority.js">
        <metrics statements="15" coveredstatements="15" conditionals="20" coveredconditionals="20" methods="1" coveredmethods="1"/>
        <line num="6" count="15" type="stmt"/>
        <line num="19" count="185" type="cond" truecount="4" falsecount="0"/>
        <line num="20" count="28" type="stmt"/>
        <line num="25" count="28" type="cond" truecount="2" falsecount="0"/>
        <line num="26" count="1" type="stmt"/>
        <line num="29" count="28" type="stmt"/>
        <line num="32" count="157" type="cond" truecount="4" falsecount="0"/>
        <line num="33" count="58" type="stmt"/>
        <line num="38" count="58" type="cond" truecount="2" falsecount="0"/>
        <line num="39" count="17" type="stmt"/>
        <line num="42" count="58" type="stmt"/>
        <line num="43" count="99" type="cond" truecount="4" falsecount="0"/>
        <line num="44" count="98" type="stmt"/>
        <line num="45" count="1" type="stmt"/>
        <line num="48" count="15" type="stmt"/>
      </file>
    </package>
    <package name="utils.validations">
      <metrics statements="51" coveredstatements="51" conditionals="64" coveredconditionals="64" methods="13" coveredmethods="13"/>
      <file name="hasProp.js" path="C:\Users\USER\Desktop\Projects\germane\lib\utils\validations\hasProp.js">
        <metrics statements="2" coveredstatements="2" conditionals="0" coveredconditionals="0" methods="1" coveredmethods="1"/>
        <line num="12" count="23" type="stmt"/>
        <line num="13" count="402" type="stmt"/>
      </file>
      <file name="inArray.js" path="C:\Users\USER\Desktop\Projects\germane\lib\utils\validations\inArray.js">
        <metrics statements="7" coveredstatements="7" conditionals="4" coveredconditionals="4" methods="1" coveredmethods="1"/>
        <line num="10" count="7" type="stmt"/>
        <line num="12" count="36" type="cond" truecount="2" falsecount="0"/>
        <line num="13" count="34" type="stmt"/>
        <line num="15" count="2" type="stmt"/>
        <line num="16" count="5" type="stmt"/>
        <line num="17" count="5" type="cond" truecount="2" falsecount="0"/>
        <line num="19" count="2" type="stmt"/>
      </file>
      <file name="inRangeOf.js" path="C:\Users\USER\Desktop\Projects\germane\lib\utils\validations\inRangeOf.js">
        <metrics statements="2" coveredstatements="2" conditionals="2" coveredconditionals="2" methods="1" coveredmethods="1"/>
        <line num="11" count="23" type="stmt"/>
        <line num="12" count="91" type="cond" truecount="2" falsecount="0"/>
      </file>
      <file name="isLeapYear.js" path="C:\Users\USER\Desktop\Projects\germane\lib\utils\validations\isLeapYear.js">
        <metrics statements="2" coveredstatements="2" conditionals="3" coveredconditionals="3" methods="1" coveredmethods="1"/>
        <line num="5" count="30" type="stmt"/>
        <line num="6" count="501" type="cond" truecount="3" falsecount="0"/>
      </file>
      <file name="validateDate.js" path="C:\Users\USER\Desktop\Projects\germane\lib\utils\validations\validateDate.js">
        <metrics statements="6" coveredstatements="6" conditionals="6" coveredconditionals="6" methods="1" coveredmethods="1"/>
        <line num="12" count="585" type="cond" truecount="2" falsecount="0"/>
        <line num="16" count="2" type="stmt"/>
        <line num="18" count="583" type="stmt"/>
        <line num="20" count="583" type="cond" truecount="2" falsecount="0"/>
        <line num="21" count="531" type="stmt"/>
        <line num="24" count="41" type="stmt"/>
      </file>
      <file name="validatePropTypes.js" path="C:\Users\USER\Desktop\Projects\germane\lib\utils\validations\validatePropTypes.js">
        <metrics statements="32" coveredstatements="32" conditionals="49" coveredconditionals="49" methods="8" coveredmethods="8"/>
        <line num="8" count="41" type="stmt"/>
        <line num="10" count="67" type="cond" truecount="4" falsecount="0"/>
        <line num="14" count="67" type="cond" truecount="2" falsecount="0"/>
        <line num="15" count="55" type="stmt"/>
        <line num="17" count="41" type="stmt"/>
        <line num="19" count="58" type="cond" truecount="4" falsecount="0"/>
        <line num="23" count="58" type="cond" truecount="2" falsecount="0"/>
        <line num="24" count="43" type="stmt"/>
        <line num="26" count="41" type="stmt"/>
        <line num="28" count="8" type="cond" truecount="4" falsecount="0"/>
        <line num="32" count="8" type="cond" truecount="2" falsecount="0"/>
        <line num="33" count="2" type="stmt"/>
        <line num="35" count="41" type="stmt"/>
        <line num="37" count="7" type="cond" truecount="3" falsecount="0"/>
        <line num="40" count="7" type="cond" truecount="2" falsecount="0"/>
        <line num="41" count="2" type="stmt"/>
        <line num="43" count="41" type="stmt"/>
        <line num="45" count="76" type="cond" truecount="4" falsecount="0"/>
        <line num="49" count="76" type="cond" truecount="2" falsecount="0"/>
        <line num="50" count="62" type="stmt"/>
        <line num="52" count="41" type="stmt"/>
        <line num="54" count="20" type="cond" truecount="4" falsecount="0"/>
        <line num="58" count="20" type="cond" truecount="2" falsecount="0"/>
        <line num="59" count="10" type="stmt"/>
        <line num="62" count="41" type="stmt"/>
        <line num="64" count="668" type="cond" truecount="6" falsecount="0"/>
        <line num="71" count="668" type="cond" truecount="2" falsecount="0"/>
        <line num="72" count="577" type="stmt"/>
        <line num="74" count="41" type="stmt"/>
        <line num="76" count="11" type="cond" truecount="4" falsecount="0"/>
        <line num="80" count="11" type="cond" truecount="2" falsecount="0"/>
        <line num="81" count="5" type="stmt"/>
      </file>
    </package>
  </project>
</coverage>
