{"C:\\Users\\USER\\Desktop\\Projects\\germane\\lib\\differenceInBusinessDays\\index.js": {"path":"C:\\Users\\USER\\Desktop\\Projects\\germane\\lib\\differenceInBusinessDays\\index.js","statementMap":{"0":{"start":{"line":8,"column":27},"end":{"line":8,"column":76}},"1":{"start":{"line":9,"column":21},"end":{"line":9,"column":56}},"2":{"start":{"line":10,"column":21},"end":{"line":10,"column":65}},"3":{"start":{"line":20,"column":1},"end":{"line":21,"column":38}},"4":{"start":{"line":21,"column":2},"end":{"line":21,"column":38}},"5":{"start":{"line":23,"column":1},"end":{"line":24,"column":39}},"6":{"start":{"line":24,"column":2},"end":{"line":24,"column":39}},"7":{"start":{"line":26,"column":18},"end":{"line":26,"column":35}},"8":{"start":{"line":27,"column":13},"end":{"line":27,"column":30}},"9":{"start":{"line":29,"column":9},"end":{"line":29,"column":10}},"10":{"start":{"line":31,"column":20},"end":{"line":31,"column":59}},"11":{"start":{"line":32,"column":19},"end":{"line":32,"column":60}},"12":{"start":{"line":34,"column":1},"end":{"line":44,"column":2}},"13":{"start":{"line":34,"column":14},"end":{"line":34,"column":15}},"14":{"start":{"line":35,"column":2},"end":{"line":35,"column":37}},"15":{"start":{"line":38,"column":3},"end":{"line":40,"column":48}},"16":{"start":{"line":41,"column":2},"end":{"line":43,"column":3}},"17":{"start":{"line":42,"column":3},"end":{"line":42,"column":13}},"18":{"start":{"line":45,"column":1},"end":{"line":45,"column":13}},"19":{"start":{"line":48,"column":0},"end":{"line":48,"column":42}}},"fnMap":{"0":{"name":"differenceInBusinessDays","decl":{"start":{"line":19,"column":9},"end":{"line":19,"column":33}},"loc":{"start":{"line":19,"column":52},"end":{"line":46,"column":1}},"line":19}},"branchMap":{"0":{"loc":{"start":{"line":20,"column":1},"end":{"line":21,"column":38}},"type":"if","locations":[{"start":{"line":20,"column":1},"end":{"line":21,"column":38}},{"start":{"line":20,"column":1},"end":{"line":21,"column":38}}],"line":20},"1":{"loc":{"start":{"line":20,"column":5},"end":{"line":20,"column":57}},"type":"binary-expr","locations":[{"start":{"line":20,"column":5},"end":{"line":20,"column":29}},{"start":{"line":20,"column":33},"end":{"line":20,"column":57}}],"line":20},"2":{"loc":{"start":{"line":23,"column":1},"end":{"line":24,"column":39}},"type":"if","locations":[{"start":{"line":23,"column":1},"end":{"line":24,"column":39}},{"start":{"line":23,"column":1},"end":{"line":24,"column":39}}],"line":23},"3":{"loc":{"start":{"line":23,"column":5},"end":{"line":23,"column":53}},"type":"binary-expr","locations":[{"start":{"line":23,"column":5},"end":{"line":23,"column":27}},{"start":{"line":23,"column":31},"end":{"line":23,"column":53}}],"line":23},"4":{"loc":{"start":{"line":38,"column":3},"end":{"line":40,"column":48}},"type":"cond-expr","locations":[{"start":{"line":39,"column":6},"end":{"line":39,"column":48}},{"start":{"line":40,"column":6},"end":{"line":40,"column":48}}],"line":38},"5":{"loc":{"start":{"line":41,"column":2},"end":{"line":43,"column":3}},"type":"if","locations":[{"start":{"line":41,"column":2},"end":{"line":43,"column":3}},{"start":{"line":41,"column":2},"end":{"line":43,"column":3}}],"line":41}},"s":{"0":1,"1":1,"2":1,"3":11,"4":2,"5":9,"6":2,"7":7,"8":7,"9":7,"10":7,"11":7,"12":7,"13":7,"14":242,"15":242,"16":242,"17":175,"18":7,"19":1},"f":{"0":11},"b":{"0":[2,9],"1":[11,9],"2":[2,7],"3":[9,9],"4":[210,32],"5":[175,67]},"_coverageSchema":"43e27e138ebf9cfc5966b082cf9a028302ed4184","hash":"1e6512b9eb20792e57ff7eeba6ca1c3bbf83e9aa"}
,"C:\\Users\\USER\\Desktop\\Projects\\germane\\lib\\differenceInDays\\index.js": {"path":"C:\\Users\\USER\\Desktop\\Projects\\germane\\lib\\differenceInDays\\index.js","statementMap":{"0":{"start":{"line":7,"column":28},"end":{"line":7,"column":79}},"1":{"start":{"line":8,"column":21},"end":{"line":8,"column":70}},"2":{"start":{"line":9,"column":16},"end":{"line":9,"column":55}},"3":{"start":{"line":16,"column":4},"end":{"line":16,"column":39}},"4":{"start":{"line":17,"column":16},"end":{"line":17,"column":55}},"5":{"start":{"line":31,"column":19},"end":{"line":31,"column":65}},"6":{"start":{"line":32,"column":1},"end":{"line":35,"column":4}},"7":{"start":{"line":33,"column":2},"end":{"line":35,"column":4}},"8":{"start":{"line":37,"column":23},"end":{"line":37,"column":72}},"9":{"start":{"line":40,"column":27},"end":{"line":46,"column":2}},"10":{"start":{"line":47,"column":1},"end":{"line":56,"column":2}},"11":{"start":{"line":48,"column":2},"end":{"line":53,"column":3}},"12":{"start":{"line":49,"column":3},"end":{"line":49,"column":53}},"13":{"start":{"line":51,"column":3},"end":{"line":52,"column":60}},"14":{"start":{"line":55,"column":2},"end":{"line":55,"column":52}},"15":{"start":{"line":58,"column":19},"end":{"line":58,"column":68}},"16":{"start":{"line":60,"column":1},"end":{"line":60,"column":18}},"17":{"start":{"line":63,"column":0},"end":{"line":63,"column":34}}},"fnMap":{"0":{"name":"differenceInDays","decl":{"start":{"line":26,"column":9},"end":{"line":26,"column":25}},"loc":{"start":{"line":30,"column":2},"end":{"line":61,"column":1}},"line":30}},"branchMap":{"0":{"loc":{"start":{"line":29,"column":1},"end":{"line":29,"column":61}},"type":"default-arg","locations":[{"start":{"line":29,"column":11},"end":{"line":29,"column":61}}],"line":29},"1":{"loc":{"start":{"line":32,"column":1},"end":{"line":35,"column":4}},"type":"if","locations":[{"start":{"line":32,"column":1},"end":{"line":35,"column":4}},{"start":{"line":32,"column":1},"end":{"line":35,"column":4}}],"line":32},"2":{"loc":{"start":{"line":32,"column":5},"end":{"line":32,"column":76}},"type":"binary-expr","locations":[{"start":{"line":32,"column":5},"end":{"line":32,"column":39}},{"start":{"line":32,"column":43},"end":{"line":32,"column":76}}],"line":32},"3":{"loc":{"start":{"line":47,"column":1},"end":{"line":56,"column":2}},"type":"if","locations":[{"start":{"line":47,"column":1},"end":{"line":56,"column":2}},{"start":{"line":47,"column":1},"end":{"line":56,"column":2}}],"line":47},"4":{"loc":{"start":{"line":48,"column":2},"end":{"line":53,"column":3}},"type":"if","locations":[{"start":{"line":48,"column":2},"end":{"line":53,"column":3}},{"start":{"line":48,"column":2},"end":{"line":53,"column":3}}],"line":48}},"s":{"0":1,"1":1,"2":1,"3":1,"4":1,"5":15,"6":9,"7":1,"8":8,"9":8,"10":8,"11":7,"12":1,"13":6,"14":1,"15":8,"16":8,"17":1},"f":{"0":15},"b":{"0":[5],"1":[1,8],"2":[9,8],"3":[7,1],"4":[1,6]},"_coverageSchema":"43e27e138ebf9cfc5966b082cf9a028302ed4184","hash":"1a67cf8388648cfd0a30dfb27c9f4f88a223ba91"}
,"C:\\Users\\USER\\Desktop\\Projects\\germane\\lib\\differenceInHours\\index.js": {"path":"C:\\Users\\USER\\Desktop\\Projects\\germane\\lib\\differenceInHours\\index.js","statementMap":{"0":{"start":{"line":7,"column":21},"end":{"line":7,"column":70}},"1":{"start":{"line":8,"column":16},"end":{"line":8,"column":55}},"2":{"start":{"line":15,"column":4},"end":{"line":15,"column":39}},"3":{"start":{"line":16,"column":16},"end":{"line":16,"column":55}},"4":{"start":{"line":17,"column":28},"end":{"line":17,"column":79}},"5":{"start":{"line":31,"column":19},"end":{"line":31,"column":65}},"6":{"start":{"line":32,"column":1},"end":{"line":35,"column":4}},"7":{"start":{"line":33,"column":2},"end":{"line":35,"column":4}},"8":{"start":{"line":37,"column":23},"end":{"line":37,"column":72}},"9":{"start":{"line":40,"column":27},"end":{"line":46,"column":2}},"10":{"start":{"line":47,"column":1},"end":{"line":56,"column":2}},"11":{"start":{"line":48,"column":2},"end":{"line":53,"column":3}},"12":{"start":{"line":49,"column":3},"end":{"line":49,"column":53}},"13":{"start":{"line":51,"column":3},"end":{"line":52,"column":60}},"14":{"start":{"line":55,"column":2},"end":{"line":55,"column":52}},"15":{"start":{"line":58,"column":20},"end":{"line":60,"column":2}},"16":{"start":{"line":62,"column":1},"end":{"line":62,"column":19}},"17":{"start":{"line":65,"column":0},"end":{"line":65,"column":35}}},"fnMap":{"0":{"name":"differenceInHours","decl":{"start":{"line":26,"column":9},"end":{"line":26,"column":26}},"loc":{"start":{"line":30,"column":2},"end":{"line":63,"column":1}},"line":30}},"branchMap":{"0":{"loc":{"start":{"line":29,"column":1},"end":{"line":29,"column":61}},"type":"default-arg","locations":[{"start":{"line":29,"column":11},"end":{"line":29,"column":61}}],"line":29},"1":{"loc":{"start":{"line":32,"column":1},"end":{"line":35,"column":4}},"type":"if","locations":[{"start":{"line":32,"column":1},"end":{"line":35,"column":4}},{"start":{"line":32,"column":1},"end":{"line":35,"column":4}}],"line":32},"2":{"loc":{"start":{"line":32,"column":5},"end":{"line":32,"column":76}},"type":"binary-expr","locations":[{"start":{"line":32,"column":5},"end":{"line":32,"column":39}},{"start":{"line":32,"column":43},"end":{"line":32,"column":76}}],"line":32},"3":{"loc":{"start":{"line":47,"column":1},"end":{"line":56,"column":2}},"type":"if","locations":[{"start":{"line":47,"column":1},"end":{"line":56,"column":2}},{"start":{"line":47,"column":1},"end":{"line":56,"column":2}}],"line":47},"4":{"loc":{"start":{"line":48,"column":2},"end":{"line":53,"column":3}},"type":"if","locations":[{"start":{"line":48,"column":2},"end":{"line":53,"column":3}},{"start":{"line":48,"column":2},"end":{"line":53,"column":3}}],"line":48}},"s":{"0":1,"1":1,"2":1,"3":1,"4":1,"5":14,"6":8,"7":1,"8":7,"9":7,"10":7,"11":5,"12":1,"13":4,"14":2,"15":7,"16":7,"17":1},"f":{"0":14},"b":{"0":[4],"1":[1,7],"2":[8,6],"3":[5,2],"4":[1,4]},"_coverageSchema":"43e27e138ebf9cfc5966b082cf9a028302ed4184","hash":"1541e394ef1ff34e24c6d6f28c78227566c81400"}
,"C:\\Users\\USER\\Desktop\\Projects\\germane\\lib\\differenceInMilliseconds\\index.js": {"path":"C:\\Users\\USER\\Desktop\\Projects\\germane\\lib\\differenceInMilliseconds\\index.js","statementMap":{"0":{"start":{"line":7,"column":21},"end":{"line":7,"column":70}},"1":{"start":{"line":8,"column":16},"end":{"line":8,"column":55}},"2":{"start":{"line":15,"column":4},"end":{"line":15,"column":39}},"3":{"start":{"line":16,"column":16},"end":{"line":16,"column":55}},"4":{"start":{"line":17,"column":28},"end":{"line":17,"column":79}},"5":{"start":{"line":31,"column":19},"end":{"line":31,"column":65}},"6":{"start":{"line":32,"column":1},"end":{"line":35,"column":4}},"7":{"start":{"line":33,"column":2},"end":{"line":35,"column":4}},"8":{"start":{"line":37,"column":23},"end":{"line":37,"column":72}},"9":{"start":{"line":40,"column":27},"end":{"line":46,"column":2}},"10":{"start":{"line":47,"column":1},"end":{"line":56,"column":2}},"11":{"start":{"line":48,"column":2},"end":{"line":53,"column":3}},"12":{"start":{"line":49,"column":3},"end":{"line":49,"column":53}},"13":{"start":{"line":51,"column":3},"end":{"line":52,"column":60}},"14":{"start":{"line":55,"column":2},"end":{"line":55,"column":52}},"15":{"start":{"line":57,"column":1},"end":{"line":57,"column":37}},"16":{"start":{"line":60,"column":0},"end":{"line":60,"column":42}}},"fnMap":{"0":{"name":"differenceInMilliseconds","decl":{"start":{"line":26,"column":9},"end":{"line":26,"column":33}},"loc":{"start":{"line":30,"column":2},"end":{"line":58,"column":1}},"line":30}},"branchMap":{"0":{"loc":{"start":{"line":29,"column":1},"end":{"line":29,"column":61}},"type":"default-arg","locations":[{"start":{"line":29,"column":11},"end":{"line":29,"column":61}}],"line":29},"1":{"loc":{"start":{"line":32,"column":1},"end":{"line":35,"column":4}},"type":"if","locations":[{"start":{"line":32,"column":1},"end":{"line":35,"column":4}},{"start":{"line":32,"column":1},"end":{"line":35,"column":4}}],"line":32},"2":{"loc":{"start":{"line":32,"column":5},"end":{"line":32,"column":76}},"type":"binary-expr","locations":[{"start":{"line":32,"column":5},"end":{"line":32,"column":39}},{"start":{"line":32,"column":43},"end":{"line":32,"column":76}}],"line":32},"3":{"loc":{"start":{"line":47,"column":1},"end":{"line":56,"column":2}},"type":"if","locations":[{"start":{"line":47,"column":1},"end":{"line":56,"column":2}},{"start":{"line":47,"column":1},"end":{"line":56,"column":2}}],"line":47},"4":{"loc":{"start":{"line":48,"column":2},"end":{"line":53,"column":3}},"type":"if","locations":[{"start":{"line":48,"column":2},"end":{"line":53,"column":3}},{"start":{"line":48,"column":2},"end":{"line":53,"column":3}}],"line":48}},"s":{"0":1,"1":1,"2":1,"3":1,"4":1,"5":14,"6":8,"7":1,"8":7,"9":7,"10":7,"11":5,"12":1,"13":4,"14":2,"15":7,"16":1},"f":{"0":14},"b":{"0":[4],"1":[1,7],"2":[8,6],"3":[5,2],"4":[1,4]},"_coverageSchema":"43e27e138ebf9cfc5966b082cf9a028302ed4184","hash":"e6975e2515c1578d3981bb8b7eb16a6abe2442bc"}
,"C:\\Users\\USER\\Desktop\\Projects\\germane\\lib\\differenceInMinutes\\index.js": {"path":"C:\\Users\\USER\\Desktop\\Projects\\germane\\lib\\differenceInMinutes\\index.js","statementMap":{"0":{"start":{"line":7,"column":21},"end":{"line":7,"column":70}},"1":{"start":{"line":8,"column":16},"end":{"line":8,"column":55}},"2":{"start":{"line":15,"column":4},"end":{"line":15,"column":39}},"3":{"start":{"line":16,"column":16},"end":{"line":16,"column":55}},"4":{"start":{"line":17,"column":28},"end":{"line":17,"column":79}},"5":{"start":{"line":31,"column":19},"end":{"line":31,"column":65}},"6":{"start":{"line":32,"column":1},"end":{"line":35,"column":4}},"7":{"start":{"line":33,"column":2},"end":{"line":35,"column":4}},"8":{"start":{"line":37,"column":23},"end":{"line":37,"column":72}},"9":{"start":{"line":40,"column":27},"end":{"line":46,"column":2}},"10":{"start":{"line":48,"column":1},"end":{"line":57,"column":2}},"11":{"start":{"line":49,"column":2},"end":{"line":54,"column":3}},"12":{"start":{"line":50,"column":3},"end":{"line":50,"column":53}},"13":{"start":{"line":52,"column":3},"end":{"line":53,"column":60}},"14":{"start":{"line":56,"column":2},"end":{"line":56,"column":52}},"15":{"start":{"line":59,"column":22},"end":{"line":59,"column":62}},"16":{"start":{"line":61,"column":1},"end":{"line":61,"column":21}},"17":{"start":{"line":64,"column":0},"end":{"line":64,"column":37}}},"fnMap":{"0":{"name":"differenceInMinutes","decl":{"start":{"line":26,"column":9},"end":{"line":26,"column":28}},"loc":{"start":{"line":30,"column":2},"end":{"line":62,"column":1}},"line":30}},"branchMap":{"0":{"loc":{"start":{"line":29,"column":1},"end":{"line":29,"column":41}},"type":"default-arg","locations":[{"start":{"line":29,"column":11},"end":{"line":29,"column":41}}],"line":29},"1":{"loc":{"start":{"line":32,"column":1},"end":{"line":35,"column":4}},"type":"if","locations":[{"start":{"line":32,"column":1},"end":{"line":35,"column":4}},{"start":{"line":32,"column":1},"end":{"line":35,"column":4}}],"line":32},"2":{"loc":{"start":{"line":32,"column":5},"end":{"line":32,"column":76}},"type":"binary-expr","locations":[{"start":{"line":32,"column":5},"end":{"line":32,"column":39}},{"start":{"line":32,"column":43},"end":{"line":32,"column":76}}],"line":32},"3":{"loc":{"start":{"line":48,"column":1},"end":{"line":57,"column":2}},"type":"if","locations":[{"start":{"line":48,"column":1},"end":{"line":57,"column":2}},{"start":{"line":48,"column":1},"end":{"line":57,"column":2}}],"line":48},"4":{"loc":{"start":{"line":49,"column":2},"end":{"line":54,"column":3}},"type":"if","locations":[{"start":{"line":49,"column":2},"end":{"line":54,"column":3}},{"start":{"line":49,"column":2},"end":{"line":54,"column":3}}],"line":49}},"s":{"0":1,"1":1,"2":1,"3":1,"4":1,"5":14,"6":8,"7":1,"8":7,"9":7,"10":7,"11":5,"12":1,"13":4,"14":2,"15":7,"16":7,"17":1},"f":{"0":14},"b":{"0":[4],"1":[1,7],"2":[8,6],"3":[5,2],"4":[1,4]},"_coverageSchema":"43e27e138ebf9cfc5966b082cf9a028302ed4184","hash":"2ea6d0448c6d055fbb2b5cd0c418e17577798a7d"}
,"C:\\Users\\USER\\Desktop\\Projects\\germane\\lib\\differenceInMonths\\index.js": {"path":"C:\\Users\\USER\\Desktop\\Projects\\germane\\lib\\differenceInMonths\\index.js","statementMap":{"0":{"start":{"line":7,"column":19},"end":{"line":7,"column":61}},"1":{"start":{"line":8,"column":27},"end":{"line":8,"column":76}},"2":{"start":{"line":9,"column":21},"end":{"line":9,"column":65}},"3":{"start":{"line":20,"column":1},"end":{"line":21,"column":38}},"4":{"start":{"line":21,"column":2},"end":{"line":21,"column":38}},"5":{"start":{"line":23,"column":1},"end":{"line":24,"column":39}},"6":{"start":{"line":24,"column":2},"end":{"line":24,"column":39}},"7":{"start":{"line":26,"column":14},"end":{"line":26,"column":54}},"8":{"start":{"line":28,"column":1},"end":{"line":28,"column":13}},"9":{"start":{"line":31,"column":0},"end":{"line":31,"column":36}}},"fnMap":{"0":{"name":"differenceInMonths","decl":{"start":{"line":19,"column":9},"end":{"line":19,"column":27}},"loc":{"start":{"line":19,"column":46},"end":{"line":29,"column":1}},"line":19}},"branchMap":{"0":{"loc":{"start":{"line":20,"column":1},"end":{"line":21,"column":38}},"type":"if","locations":[{"start":{"line":20,"column":1},"end":{"line":21,"column":38}},{"start":{"line":20,"column":1},"end":{"line":21,"column":38}}],"line":20},"1":{"loc":{"start":{"line":20,"column":5},"end":{"line":20,"column":57}},"type":"binary-expr","locations":[{"start":{"line":20,"column":5},"end":{"line":20,"column":29}},{"start":{"line":20,"column":33},"end":{"line":20,"column":57}}],"line":20},"2":{"loc":{"start":{"line":23,"column":1},"end":{"line":24,"column":39}},"type":"if","locations":[{"start":{"line":23,"column":1},"end":{"line":24,"column":39}},{"start":{"line":23,"column":1},"end":{"line":24,"column":39}}],"line":23},"3":{"loc":{"start":{"line":23,"column":5},"end":{"line":23,"column":53}},"type":"binary-expr","locations":[{"start":{"line":23,"column":5},"end":{"line":23,"column":27}},{"start":{"line":23,"column":31},"end":{"line":23,"column":53}}],"line":23}},"s":{"0":1,"1":1,"2":1,"3":15,"4":3,"5":12,"6":1,"7":11,"8":11,"9":1},"f":{"0":15},"b":{"0":[3,12],"1":[15,13],"2":[1,11],"3":[12,12]},"_coverageSchema":"43e27e138ebf9cfc5966b082cf9a028302ed4184","hash":"b3022228dcffa4b6742a31d2ac15fb908a4b82f2"}
,"C:\\Users\\USER\\Desktop\\Projects\\germane\\lib\\differenceInSeconds\\index.js": {"path":"C:\\Users\\USER\\Desktop\\Projects\\germane\\lib\\differenceInSeconds\\index.js","statementMap":{"0":{"start":{"line":7,"column":21},"end":{"line":7,"column":70}},"1":{"start":{"line":8,"column":16},"end":{"line":8,"column":55}},"2":{"start":{"line":15,"column":4},"end":{"line":15,"column":39}},"3":{"start":{"line":16,"column":16},"end":{"line":16,"column":55}},"4":{"start":{"line":17,"column":28},"end":{"line":17,"column":79}},"5":{"start":{"line":32,"column":19},"end":{"line":32,"column":65}},"6":{"start":{"line":33,"column":1},"end":{"line":36,"column":4}},"7":{"start":{"line":34,"column":2},"end":{"line":36,"column":4}},"8":{"start":{"line":38,"column":23},"end":{"line":38,"column":72}},"9":{"start":{"line":41,"column":27},"end":{"line":47,"column":2}},"10":{"start":{"line":48,"column":1},"end":{"line":57,"column":2}},"11":{"start":{"line":49,"column":2},"end":{"line":54,"column":3}},"12":{"start":{"line":50,"column":3},"end":{"line":50,"column":53}},"13":{"start":{"line":52,"column":3},"end":{"line":53,"column":60}},"14":{"start":{"line":56,"column":2},"end":{"line":56,"column":52}},"15":{"start":{"line":59,"column":22},"end":{"line":59,"column":57}},"16":{"start":{"line":61,"column":1},"end":{"line":61,"column":21}},"17":{"start":{"line":64,"column":0},"end":{"line":64,"column":37}}},"fnMap":{"0":{"name":"differenceInSeconds","decl":{"start":{"line":27,"column":9},"end":{"line":27,"column":28}},"loc":{"start":{"line":31,"column":2},"end":{"line":62,"column":1}},"line":31}},"branchMap":{"0":{"loc":{"start":{"line":30,"column":1},"end":{"line":30,"column":61}},"type":"default-arg","locations":[{"start":{"line":30,"column":11},"end":{"line":30,"column":61}}],"line":30},"1":{"loc":{"start":{"line":33,"column":1},"end":{"line":36,"column":4}},"type":"if","locations":[{"start":{"line":33,"column":1},"end":{"line":36,"column":4}},{"start":{"line":33,"column":1},"end":{"line":36,"column":4}}],"line":33},"2":{"loc":{"start":{"line":33,"column":5},"end":{"line":33,"column":76}},"type":"binary-expr","locations":[{"start":{"line":33,"column":5},"end":{"line":33,"column":39}},{"start":{"line":33,"column":43},"end":{"line":33,"column":76}}],"line":33},"3":{"loc":{"start":{"line":48,"column":1},"end":{"line":57,"column":2}},"type":"if","locations":[{"start":{"line":48,"column":1},"end":{"line":57,"column":2}},{"start":{"line":48,"column":1},"end":{"line":57,"column":2}}],"line":48},"4":{"loc":{"start":{"line":49,"column":2},"end":{"line":54,"column":3}},"type":"if","locations":[{"start":{"line":49,"column":2},"end":{"line":54,"column":3}},{"start":{"line":49,"column":2},"end":{"line":54,"column":3}}],"line":49}},"s":{"0":1,"1":1,"2":1,"3":1,"4":1,"5":14,"6":8,"7":1,"8":7,"9":7,"10":7,"11":5,"12":1,"13":4,"14":2,"15":7,"16":7,"17":1},"f":{"0":14},"b":{"0":[4],"1":[1,7],"2":[8,6],"3":[5,2],"4":[1,4]},"_coverageSchema":"43e27e138ebf9cfc5966b082cf9a028302ed4184","hash":"2976a84fbb0b6c87619364a8260514e8fde0b655"}
,"C:\\Users\\USER\\Desktop\\Projects\\germane\\lib\\differenceInWeeks\\index.js": {"path":"C:\\Users\\USER\\Desktop\\Projects\\germane\\lib\\differenceInWeeks\\index.js","statementMap":{"0":{"start":{"line":7,"column":21},"end":{"line":7,"column":70}},"1":{"start":{"line":8,"column":16},"end":{"line":8,"column":55}},"2":{"start":{"line":15,"column":4},"end":{"line":15,"column":39}},"3":{"start":{"line":16,"column":16},"end":{"line":16,"column":55}},"4":{"start":{"line":17,"column":28},"end":{"line":17,"column":79}},"5":{"start":{"line":27,"column":19},"end":{"line":27,"column":65}},"6":{"start":{"line":28,"column":1},"end":{"line":31,"column":4}},"7":{"start":{"line":29,"column":2},"end":{"line":31,"column":4}},"8":{"start":{"line":33,"column":23},"end":{"line":33,"column":72}},"9":{"start":{"line":36,"column":27},"end":{"line":42,"column":2}},"10":{"start":{"line":43,"column":1},"end":{"line":52,"column":2}},"11":{"start":{"line":44,"column":2},"end":{"line":49,"column":3}},"12":{"start":{"line":45,"column":3},"end":{"line":45,"column":53}},"13":{"start":{"line":47,"column":3},"end":{"line":48,"column":60}},"14":{"start":{"line":51,"column":2},"end":{"line":51,"column":52}},"15":{"start":{"line":54,"column":20},"end":{"line":54,"column":73}},"16":{"start":{"line":56,"column":1},"end":{"line":56,"column":19}},"17":{"start":{"line":59,"column":0},"end":{"line":59,"column":35}}},"fnMap":{"0":{"name":"differenceInWeeks","decl":{"start":{"line":26,"column":9},"end":{"line":26,"column":26}},"loc":{"start":{"line":26,"column":79},"end":{"line":57,"column":1}},"line":26}},"branchMap":{"0":{"loc":{"start":{"line":26,"column":45},"end":{"line":26,"column":77}},"type":"default-arg","locations":[{"start":{"line":26,"column":55},"end":{"line":26,"column":77}}],"line":26},"1":{"loc":{"start":{"line":28,"column":1},"end":{"line":31,"column":4}},"type":"if","locations":[{"start":{"line":28,"column":1},"end":{"line":31,"column":4}},{"start":{"line":28,"column":1},"end":{"line":31,"column":4}}],"line":28},"2":{"loc":{"start":{"line":28,"column":5},"end":{"line":28,"column":76}},"type":"binary-expr","locations":[{"start":{"line":28,"column":5},"end":{"line":28,"column":39}},{"start":{"line":28,"column":43},"end":{"line":28,"column":76}}],"line":28},"3":{"loc":{"start":{"line":43,"column":1},"end":{"line":52,"column":2}},"type":"if","locations":[{"start":{"line":43,"column":1},"end":{"line":52,"column":2}},{"start":{"line":43,"column":1},"end":{"line":52,"column":2}}],"line":43},"4":{"loc":{"start":{"line":44,"column":2},"end":{"line":49,"column":3}},"type":"if","locations":[{"start":{"line":44,"column":2},"end":{"line":49,"column":3}},{"start":{"line":44,"column":2},"end":{"line":49,"column":3}}],"line":44}},"s":{"0":1,"1":1,"2":1,"3":1,"4":1,"5":15,"6":9,"7":1,"8":8,"9":8,"10":8,"11":6,"12":1,"13":5,"14":2,"15":8,"16":8,"17":1},"f":{"0":15},"b":{"0":[5],"1":[1,8],"2":[9,7],"3":[6,2],"4":[1,5]},"_coverageSchema":"43e27e138ebf9cfc5966b082cf9a028302ed4184","hash":"337a4635e9196e5fd0c767bef781d7eb50861a2d"}
,"C:\\Users\\USER\\Desktop\\Projects\\germane\\lib\\differenceInWords\\index.js": {"path":"C:\\Users\\USER\\Desktop\\Projects\\germane\\lib\\differenceInWords\\index.js","statementMap":{"0":{"start":{"line":7,"column":19},"end":{"line":7,"column":61}},"1":{"start":{"line":8,"column":21},"end":{"line":8,"column":63}},"2":{"start":{"line":9,"column":27},"end":{"line":9,"column":76}},"3":{"start":{"line":10,"column":21},"end":{"line":10,"column":65}},"4":{"start":{"line":11,"column":19},"end":{"line":11,"column":61}},"5":{"start":{"line":21,"column":1},"end":{"line":22,"column":38}},"6":{"start":{"line":22,"column":2},"end":{"line":22,"column":38}},"7":{"start":{"line":24,"column":1},"end":{"line":25,"column":39}},"8":{"start":{"line":25,"column":2},"end":{"line":25,"column":39}},"9":{"start":{"line":27,"column":18},"end":{"line":27,"column":35}},"10":{"start":{"line":28,"column":13},"end":{"line":28,"column":30}},"11":{"start":{"line":30,"column":1},"end":{"line":30,"column":57}},"12":{"start":{"line":30,"column":37},"end":{"line":30,"column":57}},"13":{"start":{"line":32,"column":14},"end":{"line":32,"column":44}},"14":{"start":{"line":33,"column":21},"end":{"line":38,"column":3}},"15":{"start":{"line":40,"column":1},"end":{"line":40,"column":20}},"16":{"start":{"line":43,"column":0},"end":{"line":43,"column":35}}},"fnMap":{"0":{"name":"differenceInWords","decl":{"start":{"line":20,"column":9},"end":{"line":20,"column":26}},"loc":{"start":{"line":20,"column":45},"end":{"line":41,"column":1}},"line":20}},"branchMap":{"0":{"loc":{"start":{"line":21,"column":1},"end":{"line":22,"column":38}},"type":"if","locations":[{"start":{"line":21,"column":1},"end":{"line":22,"column":38}},{"start":{"line":21,"column":1},"end":{"line":22,"column":38}}],"line":21},"1":{"loc":{"start":{"line":21,"column":5},"end":{"line":21,"column":57}},"type":"binary-expr","locations":[{"start":{"line":21,"column":5},"end":{"line":21,"column":29}},{"start":{"line":21,"column":33},"end":{"line":21,"column":57}}],"line":21},"2":{"loc":{"start":{"line":24,"column":1},"end":{"line":25,"column":39}},"type":"if","locations":[{"start":{"line":24,"column":1},"end":{"line":25,"column":39}},{"start":{"line":24,"column":1},"end":{"line":25,"column":39}}],"line":24},"3":{"loc":{"start":{"line":24,"column":5},"end":{"line":24,"column":53}},"type":"binary-expr","locations":[{"start":{"line":24,"column":5},"end":{"line":24,"column":27}},{"start":{"line":24,"column":31},"end":{"line":24,"column":53}}],"line":24},"4":{"loc":{"start":{"line":30,"column":1},"end":{"line":30,"column":57}},"type":"if","locations":[{"start":{"line":30,"column":1},"end":{"line":30,"column":57}},{"start":{"line":30,"column":1},"end":{"line":30,"column":57}}],"line":30}},"s":{"0":1,"1":1,"2":1,"3":1,"4":1,"5":19,"6":3,"7":16,"8":1,"9":15,"10":15,"11":15,"12":1,"13":14,"14":14,"15":14,"16":1},"f":{"0":19},"b":{"0":[3,16],"1":[19,17],"2":[1,15],"3":[16,16],"4":[1,14]},"_coverageSchema":"43e27e138ebf9cfc5966b082cf9a028302ed4184","hash":"1279548f1a9f2529b44aaf22fe3a0a68dd80534b"}
,"C:\\Users\\USER\\Desktop\\Projects\\germane\\lib\\differenceInYears\\index.js": {"path":"C:\\Users\\USER\\Desktop\\Projects\\germane\\lib\\differenceInYears\\index.js","statementMap":{"0":{"start":{"line":7,"column":19},"end":{"line":7,"column":61}},"1":{"start":{"line":8,"column":27},"end":{"line":8,"column":76}},"2":{"start":{"line":9,"column":21},"end":{"line":9,"column":65}},"3":{"start":{"line":19,"column":1},"end":{"line":20,"column":38}},"4":{"start":{"line":20,"column":2},"end":{"line":20,"column":38}},"5":{"start":{"line":22,"column":1},"end":{"line":23,"column":39}},"6":{"start":{"line":23,"column":2},"end":{"line":23,"column":39}},"7":{"start":{"line":25,"column":18},"end":{"line":25,"column":35}},"8":{"start":{"line":26,"column":13},"end":{"line":26,"column":30}},"9":{"start":{"line":28,"column":14},"end":{"line":28,"column":44}},"10":{"start":{"line":30,"column":1},"end":{"line":30,"column":19}},"11":{"start":{"line":33,"column":0},"end":{"line":33,"column":35}}},"fnMap":{"0":{"name":"differenceInYears","decl":{"start":{"line":18,"column":9},"end":{"line":18,"column":26}},"loc":{"start":{"line":18,"column":45},"end":{"line":31,"column":1}},"line":18}},"branchMap":{"0":{"loc":{"start":{"line":19,"column":1},"end":{"line":20,"column":38}},"type":"if","locations":[{"start":{"line":19,"column":1},"end":{"line":20,"column":38}},{"start":{"line":19,"column":1},"end":{"line":20,"column":38}}],"line":19},"1":{"loc":{"start":{"line":19,"column":5},"end":{"line":19,"column":57}},"type":"binary-expr","locations":[{"start":{"line":19,"column":5},"end":{"line":19,"column":29}},{"start":{"line":19,"column":33},"end":{"line":19,"column":57}}],"line":19},"2":{"loc":{"start":{"line":22,"column":1},"end":{"line":23,"column":39}},"type":"if","locations":[{"start":{"line":22,"column":1},"end":{"line":23,"column":39}},{"start":{"line":22,"column":1},"end":{"line":23,"column":39}}],"line":22},"3":{"loc":{"start":{"line":22,"column":5},"end":{"line":22,"column":53}},"type":"binary-expr","locations":[{"start":{"line":22,"column":5},"end":{"line":22,"column":27}},{"start":{"line":22,"column":31},"end":{"line":22,"column":53}}],"line":22}},"s":{"0":1,"1":1,"2":1,"3":16,"4":3,"5":13,"6":1,"7":12,"8":12,"9":12,"10":12,"11":1},"f":{"0":16},"b":{"0":[3,13],"1":[16,14],"2":[1,12],"3":[13,13]},"_coverageSchema":"43e27e138ebf9cfc5966b082cf9a028302ed4184","hash":"87f657cc252b93e5dcb52a708d215f9b71e61207"}
,"C:\\Users\\USER\\Desktop\\Projects\\germane\\lib\\endOfDay\\index.js": {"path":"C:\\Users\\USER\\Desktop\\Projects\\germane\\lib\\endOfDay\\index.js","statementMap":{"0":{"start":{"line":7,"column":28},"end":{"line":7,"column":77}},"1":{"start":{"line":8,"column":27},"end":{"line":8,"column":76}},"2":{"start":{"line":9,"column":19},"end":{"line":9,"column":59}},"3":{"start":{"line":10,"column":21},"end":{"line":10,"column":65}},"4":{"start":{"line":16,"column":1},"end":{"line":16,"column":64}},"5":{"start":{"line":16,"column":28},"end":{"line":16,"column":64}},"6":{"start":{"line":18,"column":1},"end":{"line":18,"column":63}},"7":{"start":{"line":18,"column":26},"end":{"line":18,"column":63}},"8":{"start":{"line":20,"column":16},"end":{"line":20,"column":47}},"9":{"start":{"line":22,"column":21},"end":{"line":22,"column":72}},"10":{"start":{"line":23,"column":1},"end":{"line":23,"column":28}},"11":{"start":{"line":26,"column":0},"end":{"line":26,"column":26}}},"fnMap":{"0":{"name":"endOfDay","decl":{"start":{"line":15,"column":9},"end":{"line":15,"column":17}},"loc":{"start":{"line":15,"column":37},"end":{"line":24,"column":1}},"line":15}},"branchMap":{"0":{"loc":{"start":{"line":15,"column":18},"end":{"line":15,"column":35}},"type":"default-arg","locations":[{"start":{"line":15,"column":25},"end":{"line":15,"column":35}}],"line":15},"1":{"loc":{"start":{"line":16,"column":1},"end":{"line":16,"column":64}},"type":"if","locations":[{"start":{"line":16,"column":1},"end":{"line":16,"column":64}},{"start":{"line":16,"column":1},"end":{"line":16,"column":64}}],"line":16},"2":{"loc":{"start":{"line":18,"column":1},"end":{"line":18,"column":63}},"type":"if","locations":[{"start":{"line":18,"column":1},"end":{"line":18,"column":63}},{"start":{"line":18,"column":1},"end":{"line":18,"column":63}}],"line":18}},"s":{"0":1,"1":1,"2":1,"3":1,"4":8,"5":2,"6":6,"7":1,"8":5,"9":5,"10":5,"11":1},"f":{"0":8},"b":{"0":[0],"1":[2,6],"2":[1,5]},"_coverageSchema":"43e27e138ebf9cfc5966b082cf9a028302ed4184","hash":"6b7a4608af14755ef1960fd2363fe679efec4f8a"}
,"C:\\Users\\USER\\Desktop\\Projects\\germane\\lib\\endOfHour\\index.js": {"path":"C:\\Users\\USER\\Desktop\\Projects\\germane\\lib\\endOfHour\\index.js","statementMap":{"0":{"start":{"line":7,"column":29},"end":{"line":7,"column":78}},"1":{"start":{"line":8,"column":27},"end":{"line":8,"column":76}},"2":{"start":{"line":9,"column":19},"end":{"line":9,"column":59}},"3":{"start":{"line":10,"column":21},"end":{"line":10,"column":65}},"4":{"start":{"line":16,"column":1},"end":{"line":16,"column":64}},"5":{"start":{"line":16,"column":28},"end":{"line":16,"column":64}},"6":{"start":{"line":18,"column":1},"end":{"line":18,"column":63}},"7":{"start":{"line":18,"column":26},"end":{"line":18,"column":63}},"8":{"start":{"line":20,"column":17},"end":{"line":20,"column":49}},"9":{"start":{"line":22,"column":21},"end":{"line":22,"column":64}},"10":{"start":{"line":23,"column":1},"end":{"line":23,"column":28}},"11":{"start":{"line":26,"column":0},"end":{"line":26,"column":27}}},"fnMap":{"0":{"name":"endOfHour","decl":{"start":{"line":15,"column":9},"end":{"line":15,"column":18}},"loc":{"start":{"line":15,"column":38},"end":{"line":24,"column":1}},"line":15}},"branchMap":{"0":{"loc":{"start":{"line":15,"column":19},"end":{"line":15,"column":36}},"type":"default-arg","locations":[{"start":{"line":15,"column":26},"end":{"line":15,"column":36}}],"line":15},"1":{"loc":{"start":{"line":16,"column":1},"end":{"line":16,"column":64}},"type":"if","locations":[{"start":{"line":16,"column":1},"end":{"line":16,"column":64}},{"start":{"line":16,"column":1},"end":{"line":16,"column":64}}],"line":16},"2":{"loc":{"start":{"line":18,"column":1},"end":{"line":18,"column":63}},"type":"if","locations":[{"start":{"line":18,"column":1},"end":{"line":18,"column":63}},{"start":{"line":18,"column":1},"end":{"line":18,"column":63}}],"line":18}},"s":{"0":1,"1":1,"2":1,"3":1,"4":8,"5":1,"6":7,"7":2,"8":5,"9":5,"10":5,"11":1},"f":{"0":8},"b":{"0":[0],"1":[1,7],"2":[2,5]},"_coverageSchema":"43e27e138ebf9cfc5966b082cf9a028302ed4184","hash":"bb623d7aedf68c58cfbe5cc4189bb9c3976393ef"}
,"C:\\Users\\USER\\Desktop\\Projects\\germane\\lib\\endOfMinute\\index.js": {"path":"C:\\Users\\USER\\Desktop\\Projects\\germane\\lib\\endOfMinute\\index.js","statementMap":{"0":{"start":{"line":7,"column":29},"end":{"line":7,"column":78}},"1":{"start":{"line":8,"column":19},"end":{"line":8,"column":59}},"2":{"start":{"line":9,"column":21},"end":{"line":9,"column":65}},"3":{"start":{"line":10,"column":27},"end":{"line":10,"column":76}},"4":{"start":{"line":18,"column":1},"end":{"line":18,"column":64}},"5":{"start":{"line":18,"column":28},"end":{"line":18,"column":64}},"6":{"start":{"line":20,"column":1},"end":{"line":20,"column":63}},"7":{"start":{"line":20,"column":26},"end":{"line":20,"column":63}},"8":{"start":{"line":22,"column":16},"end":{"line":22,"column":48}},"9":{"start":{"line":24,"column":21},"end":{"line":24,"column":52}},"10":{"start":{"line":25,"column":1},"end":{"line":25,"column":28}},"11":{"start":{"line":28,"column":0},"end":{"line":28,"column":27}}},"fnMap":{"0":{"name":"endOfHour","decl":{"start":{"line":17,"column":9},"end":{"line":17,"column":18}},"loc":{"start":{"line":17,"column":38},"end":{"line":26,"column":1}},"line":17}},"branchMap":{"0":{"loc":{"start":{"line":17,"column":19},"end":{"line":17,"column":36}},"type":"default-arg","locations":[{"start":{"line":17,"column":26},"end":{"line":17,"column":36}}],"line":17},"1":{"loc":{"start":{"line":18,"column":1},"end":{"line":18,"column":64}},"type":"if","locations":[{"start":{"line":18,"column":1},"end":{"line":18,"column":64}},{"start":{"line":18,"column":1},"end":{"line":18,"column":64}}],"line":18},"2":{"loc":{"start":{"line":20,"column":1},"end":{"line":20,"column":63}},"type":"if","locations":[{"start":{"line":20,"column":1},"end":{"line":20,"column":63}},{"start":{"line":20,"column":1},"end":{"line":20,"column":63}}],"line":20}},"s":{"0":1,"1":1,"2":1,"3":1,"4":7,"5":2,"6":5,"7":1,"8":4,"9":4,"10":4,"11":1},"f":{"0":7},"b":{"0":[0],"1":[2,5],"2":[1,4]},"_coverageSchema":"43e27e138ebf9cfc5966b082cf9a028302ed4184","hash":"3ff32df71c11fc384125d65d3b7de57e51cd2c16"}
,"C:\\Users\\USER\\Desktop\\Projects\\germane\\lib\\endOfMonth\\index.js": {"path":"C:\\Users\\USER\\Desktop\\Projects\\germane\\lib\\endOfMonth\\index.js","statementMap":{"0":{"start":{"line":7,"column":30},"end":{"line":7,"column":79}},"1":{"start":{"line":8,"column":27},"end":{"line":8,"column":76}},"2":{"start":{"line":9,"column":19},"end":{"line":9,"column":59}},"3":{"start":{"line":10,"column":21},"end":{"line":10,"column":65}},"4":{"start":{"line":18,"column":1},"end":{"line":18,"column":64}},"5":{"start":{"line":18,"column":28},"end":{"line":18,"column":64}},"6":{"start":{"line":20,"column":1},"end":{"line":20,"column":63}},"7":{"start":{"line":20,"column":26},"end":{"line":20,"column":63}},"8":{"start":{"line":22,"column":18},"end":{"line":22,"column":51}},"9":{"start":{"line":24,"column":21},"end":{"line":29,"column":3}},"10":{"start":{"line":31,"column":1},"end":{"line":31,"column":28}},"11":{"start":{"line":34,"column":0},"end":{"line":34,"column":28}}},"fnMap":{"0":{"name":"endOfMonth","decl":{"start":{"line":17,"column":9},"end":{"line":17,"column":19}},"loc":{"start":{"line":17,"column":39},"end":{"line":32,"column":1}},"line":17}},"branchMap":{"0":{"loc":{"start":{"line":17,"column":20},"end":{"line":17,"column":37}},"type":"default-arg","locations":[{"start":{"line":17,"column":27},"end":{"line":17,"column":37}}],"line":17},"1":{"loc":{"start":{"line":18,"column":1},"end":{"line":18,"column":64}},"type":"if","locations":[{"start":{"line":18,"column":1},"end":{"line":18,"column":64}},{"start":{"line":18,"column":1},"end":{"line":18,"column":64}}],"line":18},"2":{"loc":{"start":{"line":20,"column":1},"end":{"line":20,"column":63}},"type":"if","locations":[{"start":{"line":20,"column":1},"end":{"line":20,"column":63}},{"start":{"line":20,"column":1},"end":{"line":20,"column":63}}],"line":20}},"s":{"0":1,"1":1,"2":1,"3":1,"4":8,"5":2,"6":6,"7":1,"8":5,"9":5,"10":5,"11":1},"f":{"0":8},"b":{"0":[0],"1":[2,6],"2":[1,5]},"_coverageSchema":"43e27e138ebf9cfc5966b082cf9a028302ed4184","hash":"aa143b3e10cbdcbc60a2bb04e6021854a849c78d"}
,"C:\\Users\\USER\\Desktop\\Projects\\germane\\lib\\endOfQuarter\\index.js": {"path":"C:\\Users\\USER\\Desktop\\Projects\\germane\\lib\\endOfQuarter\\index.js","statementMap":{"0":{"start":{"line":9,"column":4},"end":{"line":9,"column":53}},"1":{"start":{"line":10,"column":27},"end":{"line":10,"column":76}},"2":{"start":{"line":11,"column":19},"end":{"line":11,"column":59}},"3":{"start":{"line":12,"column":21},"end":{"line":12,"column":65}},"4":{"start":{"line":19,"column":1},"end":{"line":19,"column":64}},"5":{"start":{"line":19,"column":28},"end":{"line":19,"column":64}},"6":{"start":{"line":21,"column":1},"end":{"line":21,"column":63}},"7":{"start":{"line":21,"column":26},"end":{"line":21,"column":63}},"8":{"start":{"line":23,"column":20},"end":{"line":23,"column":55}},"9":{"start":{"line":25,"column":21},"end":{"line":31,"column":3}},"10":{"start":{"line":32,"column":1},"end":{"line":32,"column":28}},"11":{"start":{"line":35,"column":0},"end":{"line":35,"column":30}}},"fnMap":{"0":{"name":"endOfQuarter","decl":{"start":{"line":18,"column":9},"end":{"line":18,"column":21}},"loc":{"start":{"line":18,"column":41},"end":{"line":33,"column":1}},"line":18}},"branchMap":{"0":{"loc":{"start":{"line":18,"column":22},"end":{"line":18,"column":39}},"type":"default-arg","locations":[{"start":{"line":18,"column":29},"end":{"line":18,"column":39}}],"line":18},"1":{"loc":{"start":{"line":19,"column":1},"end":{"line":19,"column":64}},"type":"if","locations":[{"start":{"line":19,"column":1},"end":{"line":19,"column":64}},{"start":{"line":19,"column":1},"end":{"line":19,"column":64}}],"line":19},"2":{"loc":{"start":{"line":21,"column":1},"end":{"line":21,"column":63}},"type":"if","locations":[{"start":{"line":21,"column":1},"end":{"line":21,"column":63}},{"start":{"line":21,"column":1},"end":{"line":21,"column":63}}],"line":21}},"s":{"0":1,"1":1,"2":1,"3":1,"4":9,"5":2,"6":7,"7":1,"8":6,"9":6,"10":6,"11":1},"f":{"0":9},"b":{"0":[0],"1":[2,7],"2":[1,6]},"_coverageSchema":"43e27e138ebf9cfc5966b082cf9a028302ed4184","hash":"b60a13205b5f997fceb8f47fd1eaa86195aa725e"}
,"C:\\Users\\USER\\Desktop\\Projects\\germane\\lib\\endOfWeek\\index.js": {"path":"C:\\Users\\USER\\Desktop\\Projects\\germane\\lib\\endOfWeek\\index.js","statementMap":{"0":{"start":{"line":7,"column":29},"end":{"line":7,"column":78}},"1":{"start":{"line":8,"column":27},"end":{"line":8,"column":76}},"2":{"start":{"line":9,"column":19},"end":{"line":9,"column":59}},"3":{"start":{"line":10,"column":21},"end":{"line":10,"column":65}},"4":{"start":{"line":16,"column":1},"end":{"line":16,"column":64}},"5":{"start":{"line":16,"column":28},"end":{"line":16,"column":64}},"6":{"start":{"line":18,"column":1},"end":{"line":18,"column":63}},"7":{"start":{"line":18,"column":26},"end":{"line":18,"column":63}},"8":{"start":{"line":20,"column":17},"end":{"line":20,"column":49}},"9":{"start":{"line":22,"column":21},"end":{"line":27,"column":3}},"10":{"start":{"line":28,"column":1},"end":{"line":28,"column":28}},"11":{"start":{"line":31,"column":0},"end":{"line":31,"column":27}}},"fnMap":{"0":{"name":"endOfWeek","decl":{"start":{"line":15,"column":9},"end":{"line":15,"column":18}},"loc":{"start":{"line":15,"column":38},"end":{"line":29,"column":1}},"line":15}},"branchMap":{"0":{"loc":{"start":{"line":15,"column":19},"end":{"line":15,"column":36}},"type":"default-arg","locations":[{"start":{"line":15,"column":26},"end":{"line":15,"column":36}}],"line":15},"1":{"loc":{"start":{"line":16,"column":1},"end":{"line":16,"column":64}},"type":"if","locations":[{"start":{"line":16,"column":1},"end":{"line":16,"column":64}},{"start":{"line":16,"column":1},"end":{"line":16,"column":64}}],"line":16},"2":{"loc":{"start":{"line":18,"column":1},"end":{"line":18,"column":63}},"type":"if","locations":[{"start":{"line":18,"column":1},"end":{"line":18,"column":63}},{"start":{"line":18,"column":1},"end":{"line":18,"column":63}}],"line":18}},"s":{"0":1,"1":1,"2":1,"3":1,"4":9,"5":2,"6":7,"7":1,"8":6,"9":6,"10":6,"11":1},"f":{"0":9},"b":{"0":[0],"1":[2,7],"2":[1,6]},"_coverageSchema":"43e27e138ebf9cfc5966b082cf9a028302ed4184","hash":"1556112d45759617315d480b099086a6049fd604"}
,"C:\\Users\\USER\\Desktop\\Projects\\germane\\lib\\endOfYear\\index.js": {"path":"C:\\Users\\USER\\Desktop\\Projects\\germane\\lib\\endOfYear\\index.js","statementMap":{"0":{"start":{"line":7,"column":29},"end":{"line":7,"column":78}},"1":{"start":{"line":8,"column":27},"end":{"line":8,"column":76}},"2":{"start":{"line":9,"column":19},"end":{"line":9,"column":59}},"3":{"start":{"line":10,"column":21},"end":{"line":10,"column":65}},"4":{"start":{"line":17,"column":1},"end":{"line":17,"column":64}},"5":{"start":{"line":17,"column":28},"end":{"line":17,"column":64}},"6":{"start":{"line":19,"column":1},"end":{"line":19,"column":63}},"7":{"start":{"line":19,"column":26},"end":{"line":19,"column":63}},"8":{"start":{"line":21,"column":14},"end":{"line":21,"column":46}},"9":{"start":{"line":23,"column":21},"end":{"line":29,"column":3}},"10":{"start":{"line":30,"column":1},"end":{"line":30,"column":28}},"11":{"start":{"line":33,"column":0},"end":{"line":33,"column":27}}},"fnMap":{"0":{"name":"endOfYear","decl":{"start":{"line":16,"column":9},"end":{"line":16,"column":18}},"loc":{"start":{"line":16,"column":38},"end":{"line":31,"column":1}},"line":16}},"branchMap":{"0":{"loc":{"start":{"line":16,"column":19},"end":{"line":16,"column":36}},"type":"default-arg","locations":[{"start":{"line":16,"column":26},"end":{"line":16,"column":36}}],"line":16},"1":{"loc":{"start":{"line":17,"column":1},"end":{"line":17,"column":64}},"type":"if","locations":[{"start":{"line":17,"column":1},"end":{"line":17,"column":64}},{"start":{"line":17,"column":1},"end":{"line":17,"column":64}}],"line":17},"2":{"loc":{"start":{"line":19,"column":1},"end":{"line":19,"column":63}},"type":"if","locations":[{"start":{"line":19,"column":1},"end":{"line":19,"column":63}},{"start":{"line":19,"column":1},"end":{"line":19,"column":63}}],"line":19}},"s":{"0":1,"1":1,"2":1,"3":1,"4":9,"5":2,"6":7,"7":1,"8":6,"9":6,"10":6,"11":1},"f":{"0":9},"b":{"0":[0],"1":[2,7],"2":[1,6]},"_coverageSchema":"43e27e138ebf9cfc5966b082cf9a028302ed4184","hash":"acbc7fafc009b36be1faac6d4a8951504d39f52d"}
,"C:\\Users\\USER\\Desktop\\Projects\\germane\\lib\\format\\index.js": {"path":"C:\\Users\\USER\\Desktop\\Projects\\germane\\lib\\format\\index.js","statementMap":{"0":{"start":{"line":6,"column":22},"end":{"line":6,"column":56}},"1":{"start":{"line":7,"column":16},"end":{"line":7,"column":54}},"2":{"start":{"line":12,"column":4},"end":{"line":12,"column":53}},"3":{"start":{"line":13,"column":21},"end":{"line":13,"column":65}},"4":{"start":{"line":25,"column":1},"end":{"line":25,"column":64}},"5":{"start":{"line":25,"column":28},"end":{"line":25,"column":64}},"6":{"start":{"line":27,"column":1},"end":{"line":28,"column":69}},"7":{"start":{"line":28,"column":2},"end":{"line":28,"column":69}},"8":{"start":{"line":30,"column":1},"end":{"line":30,"column":63}},"9":{"start":{"line":30,"column":26},"end":{"line":30,"column":63}},"10":{"start":{"line":32,"column":12},"end":{"line":32,"column":41}},"11":{"start":{"line":34,"column":15},"end":{"line":34,"column":23}},"12":{"start":{"line":35,"column":10},"end":{"line":35,"column":18}},"13":{"start":{"line":36,"column":14},"end":{"line":78,"column":3}},"14":{"start":{"line":80,"column":17},"end":{"line":80,"column":306}},"15":{"start":{"line":82,"column":22},"end":{"line":82,"column":64}},"16":{"start":{"line":83,"column":1},"end":{"line":83,"column":21}},"17":{"start":{"line":86,"column":0},"end":{"line":86,"column":24}}},"fnMap":{"0":{"name":"format","decl":{"start":{"line":24,"column":9},"end":{"line":24,"column":15}},"loc":{"start":{"line":24,"column":36},"end":{"line":84,"column":1}},"line":24}},"branchMap":{"0":{"loc":{"start":{"line":25,"column":1},"end":{"line":25,"column":64}},"type":"if","locations":[{"start":{"line":25,"column":1},"end":{"line":25,"column":64}},{"start":{"line":25,"column":1},"end":{"line":25,"column":64}}],"line":25},"1":{"loc":{"start":{"line":27,"column":1},"end":{"line":28,"column":69}},"type":"if","locations":[{"start":{"line":27,"column":1},"end":{"line":28,"column":69}},{"start":{"line":27,"column":1},"end":{"line":28,"column":69}}],"line":27},"2":{"loc":{"start":{"line":30,"column":1},"end":{"line":30,"column":63}},"type":"if","locations":[{"start":{"line":30,"column":1},"end":{"line":30,"column":63}},{"start":{"line":30,"column":1},"end":{"line":30,"column":63}}],"line":30}},"s":{"0":1,"1":1,"2":1,"3":1,"4":6,"5":1,"6":5,"7":1,"8":4,"9":1,"10":3,"11":3,"12":3,"13":3,"14":3,"15":3,"16":3,"17":1},"f":{"0":6},"b":{"0":[1,5],"1":[1,4],"2":[1,3]},"_coverageSchema":"43e27e138ebf9cfc5966b082cf9a028302ed4184","hash":"55758602efc2ac39c6c60a9de1023baf93cb785d"}
,"C:\\Users\\USER\\Desktop\\Projects\\germane\\lib\\getBusinessDays\\index.js": {"path":"C:\\Users\\USER\\Desktop\\Projects\\germane\\lib\\getBusinessDays\\index.js","statementMap":{"0":{"start":{"line":7,"column":21},"end":{"line":7,"column":56}},"1":{"start":{"line":11,"column":4},"end":{"line":11,"column":53}},"2":{"start":{"line":12,"column":21},"end":{"line":12,"column":65}},"3":{"start":{"line":22,"column":1},"end":{"line":23,"column":38}},"4":{"start":{"line":23,"column":2},"end":{"line":23,"column":38}},"5":{"start":{"line":25,"column":1},"end":{"line":26,"column":39}},"6":{"start":{"line":26,"column":2},"end":{"line":26,"column":39}},"7":{"start":{"line":27,"column":1},"end":{"line":28,"column":62}},"8":{"start":{"line":28,"column":2},"end":{"line":28,"column":62}},"9":{"start":{"line":30,"column":18},"end":{"line":30,"column":33}},"10":{"start":{"line":31,"column":11},"end":{"line":31,"column":24}},"11":{"start":{"line":33,"column":16},"end":{"line":36,"column":2}},"12":{"start":{"line":37,"column":14},"end":{"line":39,"column":2}},"13":{"start":{"line":40,"column":12},"end":{"line":40,"column":14}},"14":{"start":{"line":43,"column":20},"end":{"line":43,"column":53}},"15":{"start":{"line":45,"column":19},"end":{"line":45,"column":60}},"16":{"start":{"line":46,"column":1},"end":{"line":57,"column":2}},"17":{"start":{"line":46,"column":14},"end":{"line":46,"column":15}},"18":{"start":{"line":47,"column":2},"end":{"line":47,"column":37}},"19":{"start":{"line":50,"column":3},"end":{"line":52,"column":48}},"20":{"start":{"line":54,"column":2},"end":{"line":56,"column":3}},"21":{"start":{"line":55,"column":3},"end":{"line":55,"column":26}},"22":{"start":{"line":58,"column":1},"end":{"line":58,"column":37}},"23":{"start":{"line":58,"column":22},"end":{"line":58,"column":35}},"24":{"start":{"line":61,"column":0},"end":{"line":61,"column":29}}},"fnMap":{"0":{"name":"getWorkdays","decl":{"start":{"line":21,"column":9},"end":{"line":21,"column":20}},"loc":{"start":{"line":21,"column":45},"end":{"line":59,"column":1}},"line":21},"1":{"name":"(anonymous_1)","decl":{"start":{"line":58,"column":17},"end":{"line":58,"column":18}},"loc":{"start":{"line":58,"column":22},"end":{"line":58,"column":35}},"line":58}},"branchMap":{"0":{"loc":{"start":{"line":22,"column":1},"end":{"line":23,"column":38}},"type":"if","locations":[{"start":{"line":22,"column":1},"end":{"line":23,"column":38}},{"start":{"line":22,"column":1},"end":{"line":23,"column":38}}],"line":22},"1":{"loc":{"start":{"line":22,"column":5},"end":{"line":22,"column":51}},"type":"binary-expr","locations":[{"start":{"line":22,"column":5},"end":{"line":22,"column":27}},{"start":{"line":22,"column":31},"end":{"line":22,"column":51}}],"line":22},"2":{"loc":{"start":{"line":25,"column":1},"end":{"line":26,"column":39}},"type":"if","locations":[{"start":{"line":25,"column":1},"end":{"line":26,"column":39}},{"start":{"line":25,"column":1},"end":{"line":26,"column":39}}],"line":25},"3":{"loc":{"start":{"line":25,"column":5},"end":{"line":25,"column":47}},"type":"binary-expr","locations":[{"start":{"line":25,"column":5},"end":{"line":25,"column":25}},{"start":{"line":25,"column":29},"end":{"line":25,"column":47}}],"line":25},"4":{"loc":{"start":{"line":27,"column":1},"end":{"line":28,"column":62}},"type":"if","locations":[{"start":{"line":27,"column":1},"end":{"line":28,"column":62}},{"start":{"line":27,"column":1},"end":{"line":28,"column":62}}],"line":27},"5":{"loc":{"start":{"line":50,"column":3},"end":{"line":52,"column":48}},"type":"cond-expr","locations":[{"start":{"line":51,"column":6},"end":{"line":51,"column":48}},{"start":{"line":52,"column":6},"end":{"line":52,"column":48}}],"line":50},"6":{"loc":{"start":{"line":54,"column":2},"end":{"line":56,"column":3}},"type":"if","locations":[{"start":{"line":54,"column":2},"end":{"line":56,"column":3}},{"start":{"line":54,"column":2},"end":{"line":56,"column":3}}],"line":54}},"s":{"0":1,"1":1,"2":1,"3":6,"4":4,"5":2,"6":0,"7":2,"8":0,"9":2,"10":2,"11":2,"12":2,"13":2,"14":2,"15":2,"16":2,"17":2,"18":34,"19":34,"20":34,"21":24,"22":2,"23":24,"24":1},"f":{"0":6,"1":24},"b":{"0":[4,2],"1":[6,4],"2":[0,2],"3":[2,2],"4":[0,2],"5":[17,17],"6":[24,10]},"_coverageSchema":"43e27e138ebf9cfc5966b082cf9a028302ed4184","hash":"c8427c1c0ed9ffb1b8d632732d6ae6ed3519f86c"}
,"C:\\Users\\USER\\Desktop\\Projects\\germane\\lib\\inRange\\index.js": {"path":"C:\\Users\\USER\\Desktop\\Projects\\germane\\lib\\inRange\\index.js","statementMap":{"0":{"start":{"line":6,"column":27},"end":{"line":6,"column":76}},"1":{"start":{"line":7,"column":21},"end":{"line":7,"column":65}},"2":{"start":{"line":20,"column":1},"end":{"line":23,"column":4}},"3":{"start":{"line":21,"column":2},"end":{"line":23,"column":4}},"4":{"start":{"line":25,"column":1},"end":{"line":26,"column":39}},"5":{"start":{"line":26,"column":2},"end":{"line":26,"column":39}},"6":{"start":{"line":27,"column":1},"end":{"line":28,"column":34}},"7":{"start":{"line":28,"column":2},"end":{"line":28,"column":34}},"8":{"start":{"line":29,"column":1},"end":{"line":30,"column":35}},"9":{"start":{"line":30,"column":2},"end":{"line":30,"column":35}},"10":{"start":{"line":31,"column":1},"end":{"line":32,"column":32}},"11":{"start":{"line":32,"column":2},"end":{"line":32,"column":32}},"12":{"start":{"line":34,"column":1},"end":{"line":34,"column":37}},"13":{"start":{"line":37,"column":0},"end":{"line":37,"column":25}}},"fnMap":{"0":{"name":"inRange","decl":{"start":{"line":19,"column":9},"end":{"line":19,"column":16}},"loc":{"start":{"line":19,"column":35},"end":{"line":35,"column":1}},"line":19}},"branchMap":{"0":{"loc":{"start":{"line":20,"column":1},"end":{"line":23,"column":4}},"type":"if","locations":[{"start":{"line":20,"column":1},"end":{"line":23,"column":4}},{"start":{"line":20,"column":1},"end":{"line":23,"column":4}}],"line":20},"1":{"loc":{"start":{"line":20,"column":5},"end":{"line":20,"column":76}},"type":"binary-expr","locations":[{"start":{"line":20,"column":5},"end":{"line":20,"column":26}},{"start":{"line":20,"column":30},"end":{"line":20,"column":52}},{"start":{"line":20,"column":56},"end":{"line":20,"column":76}}],"line":20},"2":{"loc":{"start":{"line":25,"column":1},"end":{"line":26,"column":39}},"type":"if","locations":[{"start":{"line":25,"column":1},"end":{"line":26,"column":39}},{"start":{"line":25,"column":1},"end":{"line":26,"column":39}}],"line":25},"3":{"loc":{"start":{"line":25,"column":5},"end":{"line":25,"column":70}},"type":"binary-expr","locations":[{"start":{"line":25,"column":5},"end":{"line":25,"column":24}},{"start":{"line":25,"column":28},"end":{"line":25,"column":48}},{"start":{"line":25,"column":52},"end":{"line":25,"column":70}}],"line":25},"4":{"loc":{"start":{"line":27,"column":1},"end":{"line":28,"column":34}},"type":"if","locations":[{"start":{"line":27,"column":1},"end":{"line":28,"column":34}},{"start":{"line":27,"column":1},"end":{"line":28,"column":34}}],"line":27},"5":{"loc":{"start":{"line":29,"column":1},"end":{"line":30,"column":35}},"type":"if","locations":[{"start":{"line":29,"column":1},"end":{"line":30,"column":35}},{"start":{"line":29,"column":1},"end":{"line":30,"column":35}}],"line":29},"6":{"loc":{"start":{"line":31,"column":1},"end":{"line":32,"column":32}},"type":"if","locations":[{"start":{"line":31,"column":1},"end":{"line":32,"column":32}},{"start":{"line":31,"column":1},"end":{"line":32,"column":32}}],"line":31},"7":{"loc":{"start":{"line":34,"column":8},"end":{"line":34,"column":36}},"type":"binary-expr","locations":[{"start":{"line":34,"column":8},"end":{"line":34,"column":21}},{"start":{"line":34,"column":25},"end":{"line":34,"column":36}}],"line":34}},"s":{"0":1,"1":1,"2":5,"3":1,"4":4,"5":1,"6":3,"7":1,"8":3,"9":2,"10":3,"11":1,"12":3,"13":1},"f":{"0":5},"b":{"0":[1,4],"1":[5,5,4],"2":[1,3],"3":[4,4,4],"4":[1,2],"5":[2,1],"6":[1,2],"7":[3,2]},"_coverageSchema":"43e27e138ebf9cfc5966b082cf9a028302ed4184","hash":"a5c964ec4f7e1bdc45aa28b768e8a7d1b7fbfa0b"}
,"C:\\Users\\USER\\Desktop\\Projects\\germane\\lib\\isBusinessDay\\index.js": {"path":"C:\\Users\\USER\\Desktop\\Projects\\germane\\lib\\isBusinessDay\\index.js","statementMap":{"0":{"start":{"line":6,"column":27},"end":{"line":6,"column":76}},"1":{"start":{"line":7,"column":21},"end":{"line":7,"column":65}},"2":{"start":{"line":15,"column":1},"end":{"line":15,"column":64}},"3":{"start":{"line":15,"column":28},"end":{"line":15,"column":64}},"4":{"start":{"line":17,"column":1},"end":{"line":17,"column":63}},"5":{"start":{"line":17,"column":26},"end":{"line":17,"column":63}},"6":{"start":{"line":18,"column":15},"end":{"line":18,"column":29}},"7":{"start":{"line":20,"column":13},"end":{"line":20,"column":27}},"8":{"start":{"line":22,"column":1},"end":{"line":22,"column":22}},"9":{"start":{"line":25,"column":0},"end":{"line":25,"column":27}}},"fnMap":{"0":{"name":"isWorkday","decl":{"start":{"line":14,"column":9},"end":{"line":14,"column":18}},"loc":{"start":{"line":14,"column":25},"end":{"line":23,"column":1}},"line":14}},"branchMap":{"0":{"loc":{"start":{"line":15,"column":1},"end":{"line":15,"column":64}},"type":"if","locations":[{"start":{"line":15,"column":1},"end":{"line":15,"column":64}},{"start":{"line":15,"column":1},"end":{"line":15,"column":64}}],"line":15},"1":{"loc":{"start":{"line":17,"column":1},"end":{"line":17,"column":63}},"type":"if","locations":[{"start":{"line":17,"column":1},"end":{"line":17,"column":63}},{"start":{"line":17,"column":1},"end":{"line":17,"column":63}}],"line":17}},"s":{"0":1,"1":1,"2":14,"3":3,"4":11,"5":1,"6":10,"7":10,"8":10,"9":1},"f":{"0":14},"b":{"0":[3,11],"1":[1,10]},"_coverageSchema":"43e27e138ebf9cfc5966b082cf9a028302ed4184","hash":"1e302feca327a88ba5426f9336e9cc1eada5bdbc"}
,"C:\\Users\\USER\\Desktop\\Projects\\germane\\lib\\isDate\\index.js": {"path":"C:\\Users\\USER\\Desktop\\Projects\\germane\\lib\\isDate\\index.js","statementMap":{"0":{"start":{"line":14,"column":1},"end":{"line":18,"column":3}},"1":{"start":{"line":21,"column":0},"end":{"line":21,"column":24}}},"fnMap":{"0":{"name":"isDate","decl":{"start":{"line":13,"column":9},"end":{"line":13,"column":15}},"loc":{"start":{"line":13,"column":19},"end":{"line":19,"column":1}},"line":13}},"branchMap":{"0":{"loc":{"start":{"line":15,"column":2},"end":{"line":17,"column":55}},"type":"binary-expr","locations":[{"start":{"line":15,"column":2},"end":{"line":15,"column":17}},{"start":{"line":16,"column":2},"end":{"line":16,"column":12}},{"start":{"line":17,"column":2},"end":{"line":17,"column":55}}],"line":15}},"s":{"0":12,"1":1},"f":{"0":12},"b":{"0":[12,11,10]},"_coverageSchema":"43e27e138ebf9cfc5966b082cf9a028302ed4184","hash":"84f6e16b27be6d3e06d27ec70004cae20214cd30"}
,"C:\\Users\\USER\\Desktop\\Projects\\germane\\lib\\isFuture\\index.js": {"path":"C:\\Users\\USER\\Desktop\\Projects\\germane\\lib\\isFuture\\index.js","statementMap":{"0":{"start":{"line":7,"column":27},"end":{"line":7,"column":76}},"1":{"start":{"line":8,"column":21},"end":{"line":8,"column":65}},"2":{"start":{"line":17,"column":1},"end":{"line":18,"column":38}},"3":{"start":{"line":18,"column":2},"end":{"line":18,"column":38}},"4":{"start":{"line":20,"column":1},"end":{"line":21,"column":39}},"5":{"start":{"line":21,"column":2},"end":{"line":21,"column":39}},"6":{"start":{"line":23,"column":18},"end":{"line":23,"column":45}},"7":{"start":{"line":24,"column":18},"end":{"line":24,"column":45}},"8":{"start":{"line":26,"column":1},"end":{"line":26,"column":28}},"9":{"start":{"line":29,"column":0},"end":{"line":29,"column":26}}},"fnMap":{"0":{"name":"isFuture","decl":{"start":{"line":16,"column":9},"end":{"line":16,"column":17}},"loc":{"start":{"line":16,"column":36},"end":{"line":27,"column":1}},"line":16}},"branchMap":{"0":{"loc":{"start":{"line":17,"column":1},"end":{"line":18,"column":38}},"type":"if","locations":[{"start":{"line":17,"column":1},"end":{"line":18,"column":38}},{"start":{"line":17,"column":1},"end":{"line":18,"column":38}}],"line":17},"1":{"loc":{"start":{"line":17,"column":5},"end":{"line":17,"column":57}},"type":"binary-expr","locations":[{"start":{"line":17,"column":5},"end":{"line":17,"column":29}},{"start":{"line":17,"column":33},"end":{"line":17,"column":57}}],"line":17},"2":{"loc":{"start":{"line":20,"column":1},"end":{"line":21,"column":39}},"type":"if","locations":[{"start":{"line":20,"column":1},"end":{"line":21,"column":39}},{"start":{"line":20,"column":1},"end":{"line":21,"column":39}}],"line":20},"3":{"loc":{"start":{"line":20,"column":5},"end":{"line":20,"column":53}},"type":"binary-expr","locations":[{"start":{"line":20,"column":5},"end":{"line":20,"column":27}},{"start":{"line":20,"column":31},"end":{"line":20,"column":53}}],"line":20}},"s":{"0":1,"1":1,"2":12,"3":2,"4":10,"5":1,"6":9,"7":9,"8":9,"9":1},"f":{"0":12},"b":{"0":[2,10],"1":[12,10],"2":[1,9],"3":[10,9]},"_coverageSchema":"43e27e138ebf9cfc5966b082cf9a028302ed4184","hash":"fd33fafabdf7c2d06a3c982bd797c6b7621015c7"}
,"C:\\Users\\USER\\Desktop\\Projects\\germane\\lib\\isLastWeek\\index.js": {"path":"C:\\Users\\USER\\Desktop\\Projects\\germane\\lib\\isLastWeek\\index.js","statementMap":{"0":{"start":{"line":7,"column":29},"end":{"line":7,"column":78}},"1":{"start":{"line":10,"column":4},"end":{"line":10,"column":55}},"2":{"start":{"line":11,"column":27},"end":{"line":11,"column":76}},"3":{"start":{"line":12,"column":18},"end":{"line":12,"column":59}},"4":{"start":{"line":13,"column":21},"end":{"line":13,"column":65}},"5":{"start":{"line":23,"column":1},"end":{"line":24,"column":38}},"6":{"start":{"line":24,"column":2},"end":{"line":24,"column":38}},"7":{"start":{"line":26,"column":1},"end":{"line":27,"column":39}},"8":{"start":{"line":27,"column":2},"end":{"line":27,"column":39}},"9":{"start":{"line":29,"column":14},"end":{"line":29,"column":31}},"10":{"start":{"line":30,"column":14},"end":{"line":30,"column":31}},"11":{"start":{"line":33,"column":20},"end":{"line":33,"column":40}},"12":{"start":{"line":34,"column":18},"end":{"line":34,"column":55}},"13":{"start":{"line":36,"column":11},"end":{"line":39,"column":2}},"14":{"start":{"line":41,"column":25},"end":{"line":41,"column":62}},"15":{"start":{"line":42,"column":25},"end":{"line":42,"column":64}},"16":{"start":{"line":43,"column":15},"end":{"line":47,"column":2}},"17":{"start":{"line":48,"column":1},"end":{"line":48,"column":14}},"18":{"start":{"line":51,"column":0},"end":{"line":51,"column":28}}},"fnMap":{"0":{"name":"isLastWeek","decl":{"start":{"line":22,"column":9},"end":{"line":22,"column":19}},"loc":{"start":{"line":22,"column":38},"end":{"line":49,"column":1}},"line":22}},"branchMap":{"0":{"loc":{"start":{"line":23,"column":1},"end":{"line":24,"column":38}},"type":"if","locations":[{"start":{"line":23,"column":1},"end":{"line":24,"column":38}},{"start":{"line":23,"column":1},"end":{"line":24,"column":38}}],"line":23},"1":{"loc":{"start":{"line":23,"column":5},"end":{"line":23,"column":57}},"type":"binary-expr","locations":[{"start":{"line":23,"column":5},"end":{"line":23,"column":29}},{"start":{"line":23,"column":33},"end":{"line":23,"column":57}}],"line":23},"2":{"loc":{"start":{"line":26,"column":1},"end":{"line":27,"column":39}},"type":"if","locations":[{"start":{"line":26,"column":1},"end":{"line":27,"column":39}},{"start":{"line":26,"column":1},"end":{"line":27,"column":39}}],"line":26},"3":{"loc":{"start":{"line":26,"column":5},"end":{"line":26,"column":53}},"type":"binary-expr","locations":[{"start":{"line":26,"column":5},"end":{"line":26,"column":27}},{"start":{"line":26,"column":31},"end":{"line":26,"column":53}}],"line":26}},"s":{"0":1,"1":1,"2":1,"3":1,"4":1,"5":14,"6":4,"7":10,"8":0,"9":10,"10":10,"11":10,"12":10,"13":10,"14":10,"15":10,"16":10,"17":10,"18":1},"f":{"0":14},"b":{"0":[4,10],"1":[14,12],"2":[0,10],"3":[10,10]},"_coverageSchema":"43e27e138ebf9cfc5966b082cf9a028302ed4184","hash":"cfe777224ce3345347241d6995ab0cae4c69fb22"}
,"C:\\Users\\USER\\Desktop\\Projects\\germane\\lib\\isNextDay\\index.js": {"path":"C:\\Users\\USER\\Desktop\\Projects\\germane\\lib\\isNextDay\\index.js","statementMap":{"0":{"start":{"line":6,"column":27},"end":{"line":6,"column":76}},"1":{"start":{"line":7,"column":21},"end":{"line":7,"column":65}},"2":{"start":{"line":15,"column":1},"end":{"line":16,"column":38}},"3":{"start":{"line":16,"column":2},"end":{"line":16,"column":38}},"4":{"start":{"line":18,"column":1},"end":{"line":19,"column":39}},"5":{"start":{"line":19,"column":2},"end":{"line":19,"column":39}},"6":{"start":{"line":20,"column":18},"end":{"line":20,"column":35}},"7":{"start":{"line":21,"column":13},"end":{"line":21,"column":30}},"8":{"start":{"line":24,"column":2},"end":{"line":28,"column":22}},"9":{"start":{"line":29,"column":20},"end":{"line":32,"column":12}},"10":{"start":{"line":34,"column":1},"end":{"line":34,"column":34}},"11":{"start":{"line":37,"column":0},"end":{"line":37,"column":27}}},"fnMap":{"0":{"name":"isNextDay","decl":{"start":{"line":14,"column":9},"end":{"line":14,"column":18}},"loc":{"start":{"line":14,"column":37},"end":{"line":35,"column":1}},"line":14}},"branchMap":{"0":{"loc":{"start":{"line":15,"column":1},"end":{"line":16,"column":38}},"type":"if","locations":[{"start":{"line":15,"column":1},"end":{"line":16,"column":38}},{"start":{"line":15,"column":1},"end":{"line":16,"column":38}}],"line":15},"1":{"loc":{"start":{"line":15,"column":5},"end":{"line":15,"column":57}},"type":"binary-expr","locations":[{"start":{"line":15,"column":5},"end":{"line":15,"column":29}},{"start":{"line":15,"column":33},"end":{"line":15,"column":57}}],"line":15},"2":{"loc":{"start":{"line":18,"column":1},"end":{"line":19,"column":39}},"type":"if","locations":[{"start":{"line":18,"column":1},"end":{"line":19,"column":39}},{"start":{"line":18,"column":1},"end":{"line":19,"column":39}}],"line":18},"3":{"loc":{"start":{"line":18,"column":5},"end":{"line":18,"column":53}},"type":"binary-expr","locations":[{"start":{"line":18,"column":5},"end":{"line":18,"column":27}},{"start":{"line":18,"column":31},"end":{"line":18,"column":53}}],"line":18}},"s":{"0":1,"1":1,"2":15,"3":4,"4":11,"5":0,"6":11,"7":11,"8":11,"9":11,"10":11,"11":1},"f":{"0":15},"b":{"0":[4,11],"1":[15,13],"2":[0,11],"3":[11,11]},"_coverageSchema":"43e27e138ebf9cfc5966b082cf9a028302ed4184","hash":"12e62ba2d1057f782f6a8593d06c4f93cf7208e5"}
,"C:\\Users\\USER\\Desktop\\Projects\\germane\\lib\\isPast\\index.js": {"path":"C:\\Users\\USER\\Desktop\\Projects\\germane\\lib\\isPast\\index.js","statementMap":{"0":{"start":{"line":7,"column":27},"end":{"line":7,"column":76}},"1":{"start":{"line":8,"column":21},"end":{"line":8,"column":65}},"2":{"start":{"line":17,"column":1},"end":{"line":18,"column":38}},"3":{"start":{"line":18,"column":2},"end":{"line":18,"column":38}},"4":{"start":{"line":20,"column":1},"end":{"line":21,"column":39}},"5":{"start":{"line":21,"column":2},"end":{"line":21,"column":39}},"6":{"start":{"line":23,"column":18},"end":{"line":23,"column":45}},"7":{"start":{"line":24,"column":18},"end":{"line":24,"column":45}},"8":{"start":{"line":26,"column":1},"end":{"line":26,"column":28}},"9":{"start":{"line":29,"column":0},"end":{"line":29,"column":24}}},"fnMap":{"0":{"name":"isPast","decl":{"start":{"line":16,"column":9},"end":{"line":16,"column":15}},"loc":{"start":{"line":16,"column":34},"end":{"line":27,"column":1}},"line":16}},"branchMap":{"0":{"loc":{"start":{"line":17,"column":1},"end":{"line":18,"column":38}},"type":"if","locations":[{"start":{"line":17,"column":1},"end":{"line":18,"column":38}},{"start":{"line":17,"column":1},"end":{"line":18,"column":38}}],"line":17},"1":{"loc":{"start":{"line":17,"column":5},"end":{"line":17,"column":57}},"type":"binary-expr","locations":[{"start":{"line":17,"column":5},"end":{"line":17,"column":29}},{"start":{"line":17,"column":33},"end":{"line":17,"column":57}}],"line":17},"2":{"loc":{"start":{"line":20,"column":1},"end":{"line":21,"column":39}},"type":"if","locations":[{"start":{"line":20,"column":1},"end":{"line":21,"column":39}},{"start":{"line":20,"column":1},"end":{"line":21,"column":39}}],"line":20},"3":{"loc":{"start":{"line":20,"column":5},"end":{"line":20,"column":53}},"type":"binary-expr","locations":[{"start":{"line":20,"column":5},"end":{"line":20,"column":27}},{"start":{"line":20,"column":31},"end":{"line":20,"column":53}}],"line":20}},"s":{"0":1,"1":1,"2":12,"3":2,"4":10,"5":1,"6":9,"7":9,"8":9,"9":1},"f":{"0":12},"b":{"0":[2,10],"1":[12,10],"2":[1,9],"3":[10,9]},"_coverageSchema":"43e27e138ebf9cfc5966b082cf9a028302ed4184","hash":"09911f821bf35eea3072a8bc41f40052d2b17cda"}
,"C:\\Users\\USER\\Desktop\\Projects\\germane\\lib\\isSameDay\\index.js": {"path":"C:\\Users\\USER\\Desktop\\Projects\\germane\\lib\\isSameDay\\index.js","statementMap":{"0":{"start":{"line":8,"column":27},"end":{"line":8,"column":76}},"1":{"start":{"line":9,"column":21},"end":{"line":9,"column":65}},"2":{"start":{"line":10,"column":19},"end":{"line":10,"column":61}},"3":{"start":{"line":20,"column":1},"end":{"line":21,"column":38}},"4":{"start":{"line":21,"column":2},"end":{"line":21,"column":38}},"5":{"start":{"line":23,"column":1},"end":{"line":24,"column":39}},"6":{"start":{"line":24,"column":2},"end":{"line":24,"column":39}},"7":{"start":{"line":26,"column":1},"end":{"line":26,"column":57}},"8":{"start":{"line":29,"column":0},"end":{"line":29,"column":27}}},"fnMap":{"0":{"name":"isSameDay","decl":{"start":{"line":19,"column":9},"end":{"line":19,"column":18}},"loc":{"start":{"line":19,"column":37},"end":{"line":27,"column":1}},"line":19}},"branchMap":{"0":{"loc":{"start":{"line":20,"column":1},"end":{"line":21,"column":38}},"type":"if","locations":[{"start":{"line":20,"column":1},"end":{"line":21,"column":38}},{"start":{"line":20,"column":1},"end":{"line":21,"column":38}}],"line":20},"1":{"loc":{"start":{"line":20,"column":5},"end":{"line":20,"column":57}},"type":"binary-expr","locations":[{"start":{"line":20,"column":5},"end":{"line":20,"column":29}},{"start":{"line":20,"column":33},"end":{"line":20,"column":57}}],"line":20},"2":{"loc":{"start":{"line":23,"column":1},"end":{"line":24,"column":39}},"type":"if","locations":[{"start":{"line":23,"column":1},"end":{"line":24,"column":39}},{"start":{"line":23,"column":1},"end":{"line":24,"column":39}}],"line":23},"3":{"loc":{"start":{"line":23,"column":5},"end":{"line":23,"column":53}},"type":"binary-expr","locations":[{"start":{"line":23,"column":5},"end":{"line":23,"column":27}},{"start":{"line":23,"column":31},"end":{"line":23,"column":53}}],"line":23}},"s":{"0":1,"1":1,"2":1,"3":15,"4":4,"5":11,"6":0,"7":11,"8":1},"f":{"0":15},"b":{"0":[4,11],"1":[15,13],"2":[0,11],"3":[11,11]},"_coverageSchema":"43e27e138ebf9cfc5966b082cf9a028302ed4184","hash":"11cb5a3aa52fb4c0e7abd0e555e64b1a93507034"}
,"C:\\Users\\USER\\Desktop\\Projects\\germane\\lib\\isSameWeek\\index.js": {"path":"C:\\Users\\USER\\Desktop\\Projects\\germane\\lib\\isSameWeek\\index.js","statementMap":{"0":{"start":{"line":8,"column":29},"end":{"line":8,"column":78}},"1":{"start":{"line":11,"column":4},"end":{"line":11,"column":55}},"2":{"start":{"line":12,"column":27},"end":{"line":12,"column":76}},"3":{"start":{"line":13,"column":18},"end":{"line":13,"column":59}},"4":{"start":{"line":14,"column":21},"end":{"line":14,"column":65}},"5":{"start":{"line":24,"column":1},"end":{"line":25,"column":38}},"6":{"start":{"line":25,"column":2},"end":{"line":25,"column":38}},"7":{"start":{"line":27,"column":1},"end":{"line":28,"column":39}},"8":{"start":{"line":28,"column":2},"end":{"line":28,"column":39}},"9":{"start":{"line":29,"column":14},"end":{"line":29,"column":31}},"10":{"start":{"line":30,"column":14},"end":{"line":30,"column":31}},"11":{"start":{"line":31,"column":11},"end":{"line":33,"column":2}},"12":{"start":{"line":34,"column":17},"end":{"line":34,"column":54}},"13":{"start":{"line":35,"column":17},"end":{"line":35,"column":56}},"14":{"start":{"line":37,"column":15},"end":{"line":41,"column":2}},"15":{"start":{"line":42,"column":1},"end":{"line":42,"column":14}},"16":{"start":{"line":45,"column":0},"end":{"line":45,"column":28}}},"fnMap":{"0":{"name":"isSameWeek","decl":{"start":{"line":23,"column":9},"end":{"line":23,"column":19}},"loc":{"start":{"line":23,"column":38},"end":{"line":43,"column":1}},"line":23}},"branchMap":{"0":{"loc":{"start":{"line":24,"column":1},"end":{"line":25,"column":38}},"type":"if","locations":[{"start":{"line":24,"column":1},"end":{"line":25,"column":38}},{"start":{"line":24,"column":1},"end":{"line":25,"column":38}}],"line":24},"1":{"loc":{"start":{"line":24,"column":5},"end":{"line":24,"column":57}},"type":"binary-expr","locations":[{"start":{"line":24,"column":5},"end":{"line":24,"column":29}},{"start":{"line":24,"column":33},"end":{"line":24,"column":57}}],"line":24},"2":{"loc":{"start":{"line":27,"column":1},"end":{"line":28,"column":39}},"type":"if","locations":[{"start":{"line":27,"column":1},"end":{"line":28,"column":39}},{"start":{"line":27,"column":1},"end":{"line":28,"column":39}}],"line":27},"3":{"loc":{"start":{"line":27,"column":5},"end":{"line":27,"column":53}},"type":"binary-expr","locations":[{"start":{"line":27,"column":5},"end":{"line":27,"column":27}},{"start":{"line":27,"column":31},"end":{"line":27,"column":53}}],"line":27}},"s":{"0":1,"1":1,"2":1,"3":1,"4":1,"5":14,"6":4,"7":10,"8":0,"9":10,"10":10,"11":10,"12":10,"13":10,"14":10,"15":10,"16":1},"f":{"0":14},"b":{"0":[4,10],"1":[14,12],"2":[0,10],"3":[10,10]},"_coverageSchema":"43e27e138ebf9cfc5966b082cf9a028302ed4184","hash":"12ca5a0e626a2dc56e010559c98ea2a8f75a332d"}
,"C:\\Users\\USER\\Desktop\\Projects\\germane\\lib\\isToday\\index.js": {"path":"C:\\Users\\USER\\Desktop\\Projects\\germane\\lib\\isToday\\index.js","statementMap":{"0":{"start":{"line":8,"column":27},"end":{"line":8,"column":76}},"1":{"start":{"line":9,"column":21},"end":{"line":9,"column":65}},"2":{"start":{"line":18,"column":1},"end":{"line":18,"column":64}},"3":{"start":{"line":18,"column":28},"end":{"line":18,"column":64}},"4":{"start":{"line":20,"column":1},"end":{"line":20,"column":63}},"5":{"start":{"line":20,"column":26},"end":{"line":20,"column":63}},"6":{"start":{"line":21,"column":15},"end":{"line":21,"column":29}},"7":{"start":{"line":23,"column":15},"end":{"line":23,"column":25}},"8":{"start":{"line":24,"column":9},"end":{"line":24,"column":28}},"9":{"start":{"line":25,"column":10},"end":{"line":25,"column":30}},"10":{"start":{"line":26,"column":13},"end":{"line":26,"column":28}},"11":{"start":{"line":28,"column":22},"end":{"line":28,"column":41}},"12":{"start":{"line":29,"column":18},"end":{"line":29,"column":38}},"13":{"start":{"line":30,"column":21},"end":{"line":30,"column":36}},"14":{"start":{"line":32,"column":18},"end":{"line":32,"column":68}},"15":{"start":{"line":33,"column":23},"end":{"line":35,"column":12}},"16":{"start":{"line":37,"column":1},"end":{"line":37,"column":35}},"17":{"start":{"line":40,"column":0},"end":{"line":40,"column":25}}},"fnMap":{"0":{"name":"isToday","decl":{"start":{"line":17,"column":9},"end":{"line":17,"column":16}},"loc":{"start":{"line":17,"column":23},"end":{"line":38,"column":1}},"line":17}},"branchMap":{"0":{"loc":{"start":{"line":18,"column":1},"end":{"line":18,"column":64}},"type":"if","locations":[{"start":{"line":18,"column":1},"end":{"line":18,"column":64}},{"start":{"line":18,"column":1},"end":{"line":18,"column":64}}],"line":18},"1":{"loc":{"start":{"line":20,"column":1},"end":{"line":20,"column":63}},"type":"if","locations":[{"start":{"line":20,"column":1},"end":{"line":20,"column":63}},{"start":{"line":20,"column":1},"end":{"line":20,"column":63}}],"line":20}},"s":{"0":1,"1":1,"2":8,"3":4,"4":4,"5":0,"6":4,"7":4,"8":4,"9":4,"10":4,"11":4,"12":4,"13":4,"14":4,"15":4,"16":4,"17":1},"f":{"0":8},"b":{"0":[4,4],"1":[0,4]},"_coverageSchema":"43e27e138ebf9cfc5966b082cf9a028302ed4184","hash":"b0cc490b017a68292a2698b4b94a85c5a9abec48"}
,"C:\\Users\\USER\\Desktop\\Projects\\germane\\lib\\isValid\\index.js": {"path":"C:\\Users\\USER\\Desktop\\Projects\\germane\\lib\\isValid\\index.js","statementMap":{"0":{"start":{"line":7,"column":21},"end":{"line":7,"column":65}},"1":{"start":{"line":8,"column":19},"end":{"line":8,"column":68}},"2":{"start":{"line":17,"column":1},"end":{"line":17,"column":43}},"3":{"start":{"line":20,"column":0},"end":{"line":20,"column":25}}},"fnMap":{"0":{"name":"isValid","decl":{"start":{"line":16,"column":9},"end":{"line":16,"column":16}},"loc":{"start":{"line":16,"column":23},"end":{"line":18,"column":1}},"line":16}},"branchMap":{"0":{"loc":{"start":{"line":17,"column":8},"end":{"line":17,"column":42}},"type":"binary-expr","locations":[{"start":{"line":17,"column":8},"end":{"line":17,"column":20}},{"start":{"line":17,"column":24},"end":{"line":17,"column":42}}],"line":17}},"s":{"0":1,"1":1,"2":13,"3":1},"f":{"0":13},"b":{"0":[13,9]},"_coverageSchema":"43e27e138ebf9cfc5966b082cf9a028302ed4184","hash":"83f5f63f7a04e212a2bce72e7af66ba67722d70c"}
,"C:\\Users\\USER\\Desktop\\Projects\\germane\\lib\\isWeekend\\index.js": {"path":"C:\\Users\\USER\\Desktop\\Projects\\germane\\lib\\isWeekend\\index.js","statementMap":{"0":{"start":{"line":8,"column":27},"end":{"line":8,"column":76}},"1":{"start":{"line":9,"column":21},"end":{"line":9,"column":65}},"2":{"start":{"line":19,"column":1},"end":{"line":19,"column":64}},"3":{"start":{"line":19,"column":28},"end":{"line":19,"column":64}},"4":{"start":{"line":21,"column":1},"end":{"line":21,"column":63}},"5":{"start":{"line":21,"column":26},"end":{"line":21,"column":63}},"6":{"start":{"line":23,"column":15},"end":{"line":23,"column":29}},"7":{"start":{"line":25,"column":13},"end":{"line":25,"column":27}},"8":{"start":{"line":27,"column":1},"end":{"line":27,"column":22}},"9":{"start":{"line":30,"column":0},"end":{"line":30,"column":27}}},"fnMap":{"0":{"name":"isWeekend","decl":{"start":{"line":18,"column":9},"end":{"line":18,"column":18}},"loc":{"start":{"line":18,"column":25},"end":{"line":28,"column":1}},"line":18}},"branchMap":{"0":{"loc":{"start":{"line":19,"column":1},"end":{"line":19,"column":64}},"type":"if","locations":[{"start":{"line":19,"column":1},"end":{"line":19,"column":64}},{"start":{"line":19,"column":1},"end":{"line":19,"column":64}}],"line":19},"1":{"loc":{"start":{"line":21,"column":1},"end":{"line":21,"column":63}},"type":"if","locations":[{"start":{"line":21,"column":1},"end":{"line":21,"column":63}},{"start":{"line":21,"column":1},"end":{"line":21,"column":63}}],"line":21}},"s":{"0":1,"1":1,"2":14,"3":3,"4":11,"5":1,"6":10,"7":10,"8":10,"9":1},"f":{"0":14},"b":{"0":[3,11],"1":[1,10]},"_coverageSchema":"43e27e138ebf9cfc5966b082cf9a028302ed4184","hash":"e703956d6b2e5ca96f0cbe048cdf348679affb76"}
,"C:\\Users\\USER\\Desktop\\Projects\\germane\\lib\\isYesterday\\index.js": {"path":"C:\\Users\\USER\\Desktop\\Projects\\germane\\lib\\isYesterday\\index.js","statementMap":{"0":{"start":{"line":6,"column":27},"end":{"line":6,"column":76}},"1":{"start":{"line":7,"column":21},"end":{"line":7,"column":65}},"2":{"start":{"line":15,"column":1},"end":{"line":16,"column":38}},"3":{"start":{"line":16,"column":2},"end":{"line":16,"column":38}},"4":{"start":{"line":18,"column":1},"end":{"line":19,"column":39}},"5":{"start":{"line":19,"column":2},"end":{"line":19,"column":39}},"6":{"start":{"line":20,"column":18},"end":{"line":20,"column":35}},"7":{"start":{"line":21,"column":13},"end":{"line":21,"column":30}},"8":{"start":{"line":24,"column":2},"end":{"line":28,"column":22}},"9":{"start":{"line":29,"column":20},"end":{"line":32,"column":12}},"10":{"start":{"line":34,"column":1},"end":{"line":34,"column":34}},"11":{"start":{"line":37,"column":0},"end":{"line":37,"column":29}}},"fnMap":{"0":{"name":"isYesterday","decl":{"start":{"line":14,"column":9},"end":{"line":14,"column":20}},"loc":{"start":{"line":14,"column":39},"end":{"line":35,"column":1}},"line":14}},"branchMap":{"0":{"loc":{"start":{"line":15,"column":1},"end":{"line":16,"column":38}},"type":"if","locations":[{"start":{"line":15,"column":1},"end":{"line":16,"column":38}},{"start":{"line":15,"column":1},"end":{"line":16,"column":38}}],"line":15},"1":{"loc":{"start":{"line":15,"column":5},"end":{"line":15,"column":57}},"type":"binary-expr","locations":[{"start":{"line":15,"column":5},"end":{"line":15,"column":29}},{"start":{"line":15,"column":33},"end":{"line":15,"column":57}}],"line":15},"2":{"loc":{"start":{"line":18,"column":1},"end":{"line":19,"column":39}},"type":"if","locations":[{"start":{"line":18,"column":1},"end":{"line":19,"column":39}},{"start":{"line":18,"column":1},"end":{"line":19,"column":39}}],"line":18},"3":{"loc":{"start":{"line":18,"column":5},"end":{"line":18,"column":53}},"type":"binary-expr","locations":[{"start":{"line":18,"column":5},"end":{"line":18,"column":27}},{"start":{"line":18,"column":31},"end":{"line":18,"column":53}}],"line":18}},"s":{"0":1,"1":1,"2":14,"3":4,"4":10,"5":0,"6":10,"7":10,"8":10,"9":10,"10":10,"11":1},"f":{"0":14},"b":{"0":[4,10],"1":[14,12],"2":[0,10],"3":[10,10]},"_coverageSchema":"43e27e138ebf9cfc5966b082cf9a028302ed4184","hash":"a343a14e34e65ff4224a9a42594789b5507ae759"}
[...]
":10},"end":{"line":24,"column":4}},"3":{"start":{"line":25,"column":2},"end":{"line":27,"column":3}},"4":{"start":{"line":26,"column":3},"end":{"line":26,"column":44}},"5":{"start":{"line":29,"column":2},"end":{"line":29,"column":11}},"6":{"start":{"line":32,"column":1},"end":{"line":45,"column":18}},"7":{"start":{"line":33,"column":10},"end":{"line":37,"column":4}},"8":{"start":{"line":38,"column":2},"end":{"line":40,"column":3}},"9":{"start":{"line":39,"column":3},"end":{"line":39,"column":44}},"10":{"start":{"line":42,"column":2},"end":{"line":42,"column":11}},"11":{"start":{"line":43,"column":8},"end":{"line":45,"column":18}},"12":{"start":{"line":44,"column":2},"end":{"line":44,"column":51}},"13":{"start":{"line":45,"column":6},"end":{"line":45,"column":18}},"14":{"start":{"line":48,"column":0},"end":{"line":48,"column":28}}},"fnMap":{"0":{"name":"toPriority","decl":{"start":{"line":18,"column":9},"end":{"line":18,"column":19}},"loc":{"start":{"line":18,"column":30},"end":{"line":46,"column":1}},"line":18}},"branchMap":{"0":{"loc":{"start":{"line":19,"column":1},"end":{"line":30,"column":2}},"type":"if","locations":[{"start":{"line":19,"column":1},"end":{"line":30,"column":2}},{"start":{"line":19,"column":1},"end":{"line":30,"column":2}}],"line":19},"1":{"loc":{"start":{"line":19,"column":5},"end":{"line":19,"column":45}},"type":"binary-expr","locations":[{"start":{"line":19,"column":5},"end":{"line":19,"column":21}},{"start":{"line":19,"column":25},"end":{"line":19,"column":45}}],"line":19},"2":{"loc":{"start":{"line":21,"column":3},"end":{"line":23,"column":40}},"type":"cond-expr","locations":[{"start":{"line":22,"column":6},"end":{"line":22,"column":12}},{"start":{"line":23,"column":6},"end":{"line":23,"column":40}}],"line":21},"3":{"loc":{"start":{"line":25,"column":2},"end":{"line":27,"column":3}},"type":"if","locations":[{"start":{"line":25,"column":2},"end":{"line":27,"column":3}},{"start":{"line":25,"column":2},"end":{"line":27,"column":3}}],"line":25},"4":{"loc":{"start":{"line":32,"column":1},"end":{"line":45,"column":18}},"type":"if","locations":[{"start":{"line":32,"column":1},"end":{"line":45,"column":18}},{"start":{"line":32,"column":1},"end":{"line":45,"column":18}}],"line":32},"5":{"loc":{"start":{"line":32,"column":5},"end":{"line":32,"column":54}},"type":"binary-expr","locations":[{"start":{"line":32,"column":5},"end":{"line":32,"column":25}},{"start":{"line":32,"column":29},"end":{"line":32,"column":54}}],"line":32},"6":{"loc":{"start":{"line":34,"column":3},"end":{"line":36,"column":40}},"type":"cond-expr","locations":[{"start":{"line":35,"column":6},"end":{"line":35,"column":12}},{"start":{"line":36,"column":6},"end":{"line":36,"column":40}}],"line":34},"7":{"loc":{"start":{"line":38,"column":2},"end":{"line":40,"column":3}},"type":"if","locations":[{"start":{"line":38,"column":2},"end":{"line":40,"column":3}},{"start":{"line":38,"column":2},"end":{"line":40,"column":3}}],"line":38},"8":{"loc":{"start":{"line":43,"column":8},"end":{"line":45,"column":18}},"type":"if","locations":[{"start":{"line":43,"column":8},"end":{"line":45,"column":18}},{"start":{"line":43,"column":8},"end":{"line":45,"column":18}}],"line":43},"9":{"loc":{"start":{"line":43,"column":12},"end":{"line":43,"column":61}},"type":"binary-expr","locations":[{"start":{"line":43,"column":12},"end":{"line":43,"column":32}},{"start":{"line":43,"column":36},"end":{"line":43,"column":61}}],"line":43}},"s":{"0":15,"1":185,"2":28,"3":28,"4":1,"5":28,"6":157,"7":58,"8":58,"9":17,"10":58,"11":99,"12":98,"13":1,"14":15},"f":{"0":185},"b":{"0":[28,157],"1":[185,29],"2":[14,14],"3":[1,27],"4":[58,99],"5":[157,156],"6":[48,10],"7":[17,41],"8":[98,1],"9":[99,98]},"_coverageSchema":"43e27e138ebf9cfc5966b082cf9a028302ed4184","hash":"f17001cd77f28eb7edd7cbf2099cfe3c05bb073c"}
,"C:\\Users\\USER\\Desktop\\Projects\\germane\\lib\\utils\\validations\\hasProp.js": {"path":"C:\\Users\\USER\\Desktop\\Projects\\germane\\lib\\utils\\validations\\hasProp.js","statementMap":{"0":{"start":{"line":12,"column":0},"end":{"line":14,"column":2}},"1":{"start":{"line":13,"column":1},"end":{"line":13,"column":51}}},"fnMap":{"0":{"name":"(anonymous_0)","decl":{"start":{"line":12,"column":17},"end":{"line":12,"column":18}},"loc":{"start":{"line":12,"column":32},"end":{"line":14,"column":1}},"line":12}},"branchMap":{},"s":{"0":23,"1":402},"f":{"0":402},"b":{},"_coverageSchema":"43e27e138ebf9cfc5966b082cf9a028302ed4184","hash":"fa061ae271d3b053d02b637d1ae310c990f832d6"}
,"C:\\Users\\USER\\Desktop\\Projects\\germane\\lib\\utils\\validations\\inArray.js": {"path":"C:\\Users\\USER\\Desktop\\Projects\\germane\\lib\\utils\\validations\\inArray.js","statementMap":{"0":{"start":{"line":10,"column":0},"end":{"line":20,"column":2}},"1":{"start":{"line":12,"column":1},"end":{"line":13,"column":32}},"2":{"start":{"line":13,"column":2},"end":{"line":13,"column":32}},"3":{"start":{"line":15,"column":1},"end":{"line":18,"column":2}},"4":{"start":{"line":15,"column":14},"end":{"line":15,"column":15}},"5":{"start":{"line":16,"column":2},"end":{"line":16,"column":36}},"6":{"start":{"line":17,"column":2},"end":{"line":17,"column":20}},"7":{"start":{"line":17,"column":14},"end":{"line":17,"column":20}},"8":{"start":{"line":19,"column":1},"end":{"line":19,"column":14}}},"fnMap":{"0":{"name":"(anonymous_0)","decl":{"start":{"line":10,"column":17},"end":{"line":10,"column":18}},"loc":{"start":{"line":10,"column":41},"end":{"line":20,"column":1}},"line":10}},"branchMap":{"0":{"loc":{"start":{"line":12,"column":1},"end":{"line":13,"column":32}},"type":"if","locations":[{"start":{"line":12,"column":1},"end":{"line":13,"column":32}},{"start":{"line":12,"column":1},"end":{"line":13,"column":32}}],"line":12},"1":{"loc":{"start":{"line":17,"column":2},"end":{"line":17,"column":20}},"type":"if","locations":[{"start":{"line":17,"column":2},"end":{"line":17,"column":20}},{"start":{"line":17,"column":2},"end":{"line":17,"column":20}}],"line":17}},"s":{"0":7,"1":36,"2":34,"3":2,"4":2,"5":5,"6":5,"7":1,"8":2},"f":{"0":36},"b":{"0":[34,2],"1":[1,4]},"_coverageSchema":"43e27e138ebf9cfc5966b082cf9a028302ed4184","hash":"0ae72ea9f02a68b40dfb86d9c15cbfb0399350e1"}
,"C:\\Users\\USER\\Desktop\\Projects\\germane\\lib\\utils\\validations\\inRangeOf.js": {"path":"C:\\Users\\USER\\Desktop\\Projects\\germane\\lib\\utils\\validations\\inRangeOf.js","statementMap":{"0":{"start":{"line":11,"column":0},"end":{"line":13,"column":2}},"1":{"start":{"line":12,"column":1},"end":{"line":12,"column":37}}},"fnMap":{"0":{"name":"(anonymous_0)","decl":{"start":{"line":11,"column":17},"end":{"line":11,"column":18}},"loc":{"start":{"line":11,"column":43},"end":{"line":13,"column":1}},"line":11}},"branchMap":{"0":{"loc":{"start":{"line":12,"column":8},"end":{"line":12,"column":36}},"type":"binary-expr","locations":[{"start":{"line":12,"column":8},"end":{"line":12,"column":21}},{"start":{"line":12,"column":25},"end":{"line":12,"column":36}}],"line":12}},"s":{"0":23,"1":91},"f":{"0":91},"b":{"0":[91,83]},"_coverageSchema":"43e27e138ebf9cfc5966b082cf9a028302ed4184","hash":"fcf748a4ff71ca1c30a504b3a3e8a391855491d7"}
,"C:\\Users\\USER\\Desktop\\Projects\\germane\\lib\\utils\\validations\\isLeapYear.js": {"path":"C:\\Users\\USER\\Desktop\\Projects\\germane\\lib\\utils\\validations\\isLeapYear.js","statementMap":{"0":{"start":{"line":5,"column":0},"end":{"line":7,"column":2}},"1":{"start":{"line":6,"column":1},"end":{"line":6,"column":65}}},"fnMap":{"0":{"name":"(anonymous_0)","decl":{"start":{"line":5,"column":17},"end":{"line":5,"column":18}},"loc":{"start":{"line":5,"column":32},"end":{"line":7,"column":1}},"line":5}},"branchMap":{"0":{"loc":{"start":{"line":6,"column":8},"end":{"line":6,"column":64}},"type":"binary-expr","locations":[{"start":{"line":6,"column":9},"end":{"line":6,"column":23}},{"start":{"line":6,"column":27},"end":{"line":6,"column":43}},{"start":{"line":6,"column":48},"end":{"line":6,"column":64}}],"line":6}},"s":{"0":30,"1":501},"f":{"0":501},"b":{"0":[501,97,437]},"_coverageSchema":"43e27e138ebf9cfc5966b082cf9a028302ed4184","hash":"5bf4398e91efcfde4d1af4532cc0a4b3bca0a44b"}
,"C:\\Users\\USER\\Desktop\\Projects\\germane\\lib\\utils\\validations\\validateDate.js": {"path":"C:\\Users\\USER\\Desktop\\Projects\\germane\\lib\\utils\\validations\\validateDate.js","statementMap":{"0":{"start":{"line":12,"column":1},"end":{"line":16,"column":15}},"1":{"start":{"line":16,"column":2},"end":{"line":16,"column":15}},"2":{"start":{"line":18,"column":11},"end":{"line":18,"column":25}},"3":{"start":{"line":20,"column":1},"end":{"line":21,"column":18}},"4":{"start":{"line":20,"column":32},"end":{"line":20,"column":45}},"5":{"start":{"line":21,"column":6},"end":{"line":21,"column":18}},"6":{"start":{"line":24,"column":0},"end":{"line":24,"column":30}}},"fnMap":{"0":{"name":"validateDate","decl":{"start":{"line":11,"column":9},"end":{"line":11,"column":21}},"loc":{"start":{"line":11,"column":28},"end":{"line":22,"column":1}},"line":11}},"branchMap":{"0":{"loc":{"start":{"line":12,"column":1},"end":{"line":16,"column":15}},"type":"if","locations":[{"start":{"line":12,"column":1},"end":{"line":16,"column":15}},{"start":{"line":12,"column":1},"end":{"line":16,"column":15}}],"line":12},"1":{"loc":{"start":{"line":13,"column":2},"end":{"line":14,"column":60}},"type":"binary-expr","locations":[{"start":{"line":13,"column":2},"end":{"line":13,"column":58}},{"start":{"line":14,"column":2},"end":{"line":14,"column":60}}],"line":13},"2":{"loc":{"start":{"line":20,"column":1},"end":{"line":21,"column":18}},"type":"if","locations":[{"start":{"line":20,"column":1},"end":{"line":21,"column":18}},{"start":{"line":20,"column":1},"end":{"line":21,"column":18}}],"line":20}},"s":{"0":585,"1":2,"2":583,"3":583,"4":52,"5":531,"6":41},"f":{"0":585},"b":{"0":[2,583],"1":[585,20],"2":[52,531]},"_coverageSchema":"43e27e138ebf9cfc5966b082cf9a028302ed4184","hash":"c0a3db920c5ed2ba62d2505450a55d11c32a046b"}
,"C:\\Users\\USER\\Desktop\\Projects\\germane\\lib\\utils\\validations\\validatePropTypes.js": {"path":"C:\\Users\\USER\\Desktop\\Projects\\germane\\lib\\utils\\validations\\validatePropTypes.js","statementMap":{"0":{"start":{"line":8,"column":0},"end":{"line":16,"column":2}},"1":{"start":{"line":10,"column":2},"end":{"line":13,"column":65}},"2":{"start":{"line":14,"column":1},"end":{"line":15,"column":18}},"3":{"start":{"line":14,"column":13},"end":{"line":14,"column":26}},"4":{"start":{"line":15,"column":6},"end":{"line":15,"column":18}},"5":{"start":{"line":17,"column":0},"end":{"line":25,"column":2}},"6":{"start":{"line":19,"column":2},"end":{"line":22,"column":64}},"7":{"start":{"line":23,"column":1},"end":{"line":24,"column":18}},"8":{"start":{"line":23,"column":13},"end":{"line":23,"column":26}},"9":{"start":{"line":24,"column":6},"end":{"line":24,"column":18}},"10":{"start":{"line":26,"column":0},"end":{"line":34,"column":2}},"11":{"start":{"line":28,"column":2},"end":{"line":31,"column":64}},"12":{"start":{"line":32,"column":1},"end":{"line":33,"column":18}},"13":{"start":{"line":32,"column":13},"end":{"line":32,"column":26}},"14":{"start":{"line":33,"column":6},"end":{"line":33,"column":18}},"15":{"start":{"line":35,"column":0},"end":{"line":42,"column":2}},"16":{"start":{"line":37,"column":2},"end":{"line":39,"column":63}},"17":{"start":{"line":40,"column":1},"end":{"line":41,"column":18}},"18":{"start":{"line":40,"column":13},"end":{"line":40,"column":26}},"19":{"start":{"line":41,"column":6},"end":{"line":41,"column":18}},"20":{"start":{"line":43,"column":0},"end":{"line":51,"column":2}},"21":{"start":{"line":45,"column":2},"end":{"line":48,"column":63}},"22":{"start":{"line":49,"column":1},"end":{"line":50,"column":18}},"23":{"start":{"line":49,"column":13},"end":{"line":49,"column":26}},"24":{"start":{"line":50,"column":6},"end":{"line":50,"column":18}},"25":{"start":{"line":52,"column":0},"end":{"line":60,"column":2}},"26":{"start":{"line":54,"column":2},"end":{"line":57,"column":62}},"27":{"start":{"line":58,"column":1},"end":{"line":59,"column":18}},"28":{"start":{"line":58,"column":13},"end":{"line":58,"column":26}},"29":{"start":{"line":59,"column":6},"end":{"line":59,"column":18}},"30":{"start":{"line":62,"column":0},"end":{"line":73,"column":2}},"31":{"start":{"line":64,"column":2},"end":{"line":70,"column":66}},"32":{"start":{"line":71,"column":1},"end":{"line":72,"column":18}},"33":{"start":{"line":71,"column":13},"end":{"line":71,"column":26}},"34":{"start":{"line":72,"column":6},"end":{"line":72,"column":18}},"35":{"start":{"line":74,"column":0},"end":{"line":82,"column":2}},"36":{"start":{"line":76,"column":2},"end":{"line":79,"column":66}},"37":{"start":{"line":80,"column":1},"end":{"line":81,"column":18}},"38":{"start":{"line":80,"column":13},"end":{"line":80,"column":26}},"39":{"start":{"line":81,"column":6},"end":{"line":81,"column":18}}},"fnMap":{"0":{"name":"(anonymous_0)","decl":{"start":{"line":8,"column":17},"end":{"line":8,"column":18}},"loc":{"start":{"line":8,"column":36},"end":{"line":16,"column":1}},"line":8},"1":{"name":"(anonymous_1)","decl":{"start":{"line":17,"column":19},"end":{"line":17,"column":20}},"loc":{"start":{"line":17,"column":38},"end":{"line":25,"column":1}},"line":17},"2":{"name":"(anonymous_2)","decl":{"start":{"line":26,"column":19},"end":{"line":26,"column":20}},"loc":{"start":{"line":26,"column":38},"end":{"line":34,"column":1}},"line":26},"3":{"name":"(anonymous_3)","decl":{"start":{"line":35,"column":18},"end":{"line":35,"column":19}},"loc":{"start":{"line":35,"column":37},"end":{"line":42,"column":1}},"line":35},"4":{"name":"(anonymous_4)","decl":{"start":{"line":43,"column":19},"end":{"line":43,"column":20}},"loc":{"start":{"line":43,"column":38},"end":{"line":51,"column":1}},"line":43},"5":{"name":"(anonymous_5)","decl":{"start":{"line":52,"column":17},"end":{"line":52,"column":18}},"loc":{"start":{"line":52,"column":36},"end":{"line":60,"column":1}},"line":52},"6":{"name":"(anonymous_6)","decl":{"start":{"line":62,"column":25},"end":{"line":62,"column":26}},"loc":{"start":{"line":62,"column":44},"end":{"line":73,"column":1}},"line":62},"7":{"name":"(anonymous_7)","decl":{"start":{"line":74,"column":17},"end":{"line":74,"column":18}},"loc":{"start":{"line":74,"column":36},"end":{"line":82,"column":1}},"line":74}},"branchMap":{"0":{"loc":{"start":{"line":10,"column":2},"end":{"line":13,"column":65}},"type":"binary-expr","locations":[{"start":{"line":10,"column":2},"end":{"line":10,"column":24}},{"start":{"line":11,"column":2},"end":{"line":11,"column":19}},{"start":{"line":12,"column":2},"end":{"line":12,"column":31}},{"start":{"line":13,"column":2},"end":{"line":13,"column":65}}],"line":10},"1":{"loc":{"start":{"line":14,"column":1},"end":{"line":15,"column":18}},"type":"if","locations":[{"start":{"line":14,"column":1},"end":{"line":15,"column":18}},{"start":{"line":14,"column":1},"end":{"line":15,"column":18}}],"line":14},"2":{"loc":{"start":{"line":19,"column":2},"end":{"line":22,"column":64}},"type":"binary-expr","locations":[{"start":{"line":19,"column":2},"end":{"line":19,"column":24}},{"start":{"line":20,"column":2},"end":{"line":20,"column":19}},{"start":{"line":21,"column":2},"end":{"line":21,"column":30}},{"start":{"line":22,"column":2},"end":{"line":22,"column":64}}],"line":19},"3":{"loc":{"start":{"line":23,"column":1},"end":{"line":24,"column":18}},"type":"if","locations":[{"start":{"line":23,"column":1},"end":{"line":24,"column":18}},{"start":{"line":23,"column":1},"end":{"line":24,"column":18}}],"line":23},"4":{"loc":{"start":{"line":28,"column":2},"end":{"line":31,"column":64}},"type":"binary-expr","locations":[{"start":{"line":28,"column":2},"end":{"line":28,"column":24}},{"start":{"line":29,"column":2},"end":{"line":29,"column":19}},{"start":{"line":30,"column":2},"end":{"line":30,"column":30}},{"start":{"line":31,"column":2},"end":{"line":31,"column":64}}],"line":28},"5":{"loc":{"start":{"line":32,"column":1},"end":{"line":33,"column":18}},"type":"if","locations":[{"start":{"line":32,"column":1},"end":{"line":33,"column":18}},{"start":{"line":32,"column":1},"end":{"line":33,"column":18}}],"line":32},"6":{"loc":{"start":{"line":37,"column":2},"end":{"line":39,"column":63}},"type":"binary-expr","locations":[{"start":{"line":37,"column":2},"end":{"line":37,"column":24}},{"start":{"line":38,"column":2},"end":{"line":38,"column":19}},{"start":{"line":39,"column":2},"end":{"line":39,"column":63}}],"line":37},"7":{"loc":{"start":{"line":40,"column":1},"end":{"line":41,"column":18}},"type":"if","locations":[{"start":{"line":40,"column":1},"end":{"line":41,"column":18}},{"start":{"line":40,"column":1},"end":{"line":41,"column":18}}],"line":40},"8":{"loc":{"start":{"line":45,"column":2},"end":{"line":48,"column":63}},"type":"binary-expr","locations":[{"start":{"line":45,"column":2},"end":{"line":45,"column":64}},{"start":{"line":46,"column":2},"end":{"line":46,"column":19}},{"start":{"line":47,"column":2},"end":{"line":47,"column":30}},{"start":{"line":48,"column":2},"end":{"line":48,"column":63}}],"line":45},"9":{"loc":{"start":{"line":49,"column":1},"end":{"line":50,"column":18}},"type":"if","locations":[{"start":{"line":49,"column":1},"end":{"line":50,"column":18}},{"start":{"line":49,"column":1},"end":{"line":50,"column":18}}],"line":49},"10":{"loc":{"start":{"line":54,"column":2},"end":{"line":57,"column":62}},"type":"binary-expr","locations":[{"start":{"line":54,"column":2},"end":{"line":54,"column":24}},{"start":{"line":55,"column":2},"end":{"line":55,"column":19}},{"start":{"line":56,"column":2},"end":{"line":56,"column":30}},{"start":{"line":57,"column":2},"end":{"line":57,"column":62}}],"line":54},"11":{"loc":{"start":{"line":58,"column":1},"end":{"line":59,"column":18}},"type":"if","locations":[{"start":{"line":58,"column":1},"end":{"line":59,"column":18}},{"start":{"line":58,"column":1},"end":{"line":59,"column":18}}],"line":58},"12":{"loc":{"start":{"line":64,"column":2},"end":{"line":70,"column":66}},"type":"binary-expr","locations":[{"start":{"line":64,"column":3},"end":{"line":64,"column":25}},{"start":{"line":65,"column":3},"end":{"line":65,"column":20}},{"start":{"line":66,"column":4},"end":{"line":66,"column":32}},{"start":{"line":67,"column":4},"end":{"line":68,"column":20}},{"start":{"line":69,"column":3},"end":{"line":69,"column":31}},{"start":{"line":70,"column":3},"end":{"line":70,"column":65}}],"line":64},"13":{"loc":{"start":{"line":71,"column":1},"end":{"line":72,"column":18}},"type":"if","locations":[{"start":{"line":71,"column":1},"end":{"line":72,"column":18}},{"start":{"line":71,"column":1},"end":{"line":72,"column":18}}],"line":71},"14":{"loc":{"start":{"line":76,"column":2},"end":{"line":79,"column":66}},"type":"binary-expr","locations":[{"start":{"line":76,"column":2},"end":{"line":76,"column":24}},{"start":{"line":77,"column":2},"end":{"line":77,"column":19}},{"start":{"line":78,"column":2},"end":{"line":78,"column":32}},{"start":{"line":79,"column":2},"end":{"line":79,"column":66}}],"line":76},"15":{"loc":{"start":{"line":80,"column":1},"end":{"line":81,"column":18}},"type":"if","locations":[{"start":{"line":80,"column":1},"end":{"line":81,"column":18}},{"start":{"line":80,"column":1},"end":{"line":81,"column":18}}],"line":80}},"s":{"0":41,"1":67,"2":67,"3":12,"4":55,"5":41,"6":58,"7":58,"8":15,"9":43,"10":41,"11":8,"12":8,"13":6,"14":2,"15":41,"16":7,"17":7,"18":5,"19":2,"20":41,"21":76,"22":76,"23":14,"24":62,"25":41,"26":20,"27":20,"28":10,"29":10,"30":41,"31":668,"32":668,"33":91,"34":577,"35":41,"36":11,"37":11,"38":6,"39":5},"f":{"0":67,"1":58,"2":8,"3":7,"4":76,"5":20,"6":668,"7":11},"b":{"0":[67,65,64,55],"1":[12,55],"2":[58,57,48,43],"3":[15,43],"4":[8,7,6,2],"5":[6,2],"6":[7,6,5],"7":[5,2],"8":[76,62,62,62],"9":[14,62],"10":[20,18,16,12],"11":[10,10],"12":[668,662,636,565,117,26],"13":[91,577],"14":[11,10,9,5],"15":[6,5]},"_coverageSchema":"43e27e138ebf9cfc5966b082cf9a028302ed4184","hash":"6f6401074a05e93b0d5099bf698bdfcf4dda1974"}
}
