TN:
SF:C:\Users\USER\Desktop\Projects\germane\lib\differenceInBusinessDays\index.js
FN:19,differenceInBusinessDays
FNF:1
FNH:1
FNDA:11,differenceInBusinessDays
DA:8,1
DA:9,1
DA:10,1
DA:20,11
DA:21,2
DA:23,9
DA:24,2
DA:26,7
DA:27,7
DA:29,7
DA:31,7
DA:32,7
DA:34,7
DA:35,242
DA:38,242
DA:41,242
DA:42,175
DA:45,7
DA:48,1
LF:19
LH:19
BRDA:20,0,0,2
BRDA:20,0,1,9
BRDA:20,1,0,11
BRDA:20,1,1,9
BRDA:23,2,0,2
BRDA:23,2,1,7
BRDA:23,3,0,9
BRDA:23,3,1,9
BRDA:38,4,0,210
BRDA:38,4,1,32
BRDA:41,5,0,175
BRDA:41,5,1,67
BRF:12
BRH:12
end_of_record
TN:
SF:C:\Users\USER\Desktop\Projects\germane\lib\differenceInDays\index.js
FN:26,differenceInDays
FNF:1
FNH:1
FNDA:15,differenceInDays
DA:7,1
DA:8,1
DA:9,1
DA:16,1
DA:17,1
DA:31,15
DA:32,9
DA:33,1
DA:37,8
DA:40,8
DA:47,8
DA:48,7
DA:49,1
DA:51,6
DA:55,1
DA:58,8
DA:60,8
DA:63,1
LF:18
LH:18
BRDA:29,0,0,5
BRDA:32,1,0,1
BRDA:32,1,1,8
BRDA:32,2,0,9
BRDA:32,2,1,8
BRDA:47,3,0,7
BRDA:47,3,1,1
BRDA:48,4,0,1
BRDA:48,4,1,6
BRF:9
BRH:9
end_of_record
TN:
SF:C:\Users\USER\Desktop\Projects\germane\lib\differenceInHours\index.js
FN:26,differenceInHours
FNF:1
FNH:1
FNDA:14,differenceInHours
DA:7,1
DA:8,1
DA:15,1
DA:16,1
DA:17,1
DA:31,14
DA:32,8
DA:33,1
DA:37,7
DA:40,7
DA:47,7
DA:48,5
DA:49,1
DA:51,4
DA:55,2
DA:58,7
DA:62,7
DA:65,1
LF:18
LH:18
BRDA:29,0,0,4
BRDA:32,1,0,1
BRDA:32,1,1,7
BRDA:32,2,0,8
BRDA:32,2,1,6
BRDA:47,3,0,5
BRDA:47,3,1,2
BRDA:48,4,0,1
BRDA:48,4,1,4
BRF:9
BRH:9
end_of_record
TN:
SF:C:\Users\USER\Desktop\Projects\germane\lib\differenceInMilliseconds\index.js
FN:26,differenceInMilliseconds
FNF:1
FNH:1
FNDA:14,differenceInMilliseconds
DA:7,1
DA:8,1
DA:15,1
DA:16,1
DA:17,1
DA:31,14
DA:32,8
DA:33,1
DA:37,7
DA:40,7
DA:47,7
DA:48,5
DA:49,1
DA:51,4
DA:55,2
DA:57,7
DA:60,1
LF:17
LH:17
BRDA:29,0,0,4
BRDA:32,1,0,1
BRDA:32,1,1,7
BRDA:32,2,0,8
BRDA:32,2,1,6
BRDA:47,3,0,5
BRDA:47,3,1,2
BRDA:48,4,0,1
BRDA:48,4,1,4
BRF:9
BRH:9
end_of_record
TN:
SF:C:\Users\USER\Desktop\Projects\germane\lib\differenceInMinutes\index.js
FN:26,differenceInMinutes
FNF:1
FNH:1
FNDA:14,differenceInMinutes
DA:7,1
DA:8,1
DA:15,1
DA:16,1
DA:17,1
DA:31,14
DA:32,8
DA:33,1
DA:37,7
DA:40,7
DA:48,7
DA:49,5
DA:50,1
DA:52,4
DA:56,2
DA:59,7
DA:61,7
DA:64,1
LF:18
LH:18
BRDA:29,0,0,4
BRDA:32,1,0,1
BRDA:32,1,1,7
BRDA:32,2,0,8
BRDA:32,2,1,6
BRDA:48,3,0,5
BRDA:48,3,1,2
BRDA:49,4,0,1
BRDA:49,4,1,4
BRF:9
BRH:9
end_of_record
TN:
SF:C:\Users\USER\Desktop\Projects\germane\lib\differenceInMonths\index.js
FN:19,differenceInMonths
FNF:1
FNH:1
FNDA:15,differenceInMonths
DA:7,1
DA:8,1
DA:9,1
DA:20,15
DA:21,3
DA:23,12
DA:24,1
DA:26,11
DA:28,11
DA:31,1
LF:10
LH:10
BRDA:20,0,0,3
BRDA:20,0,1,12
BRDA:20,1,0,15
BRDA:20,1,1,13
BRDA:23,2,0,1
BRDA:23,2,1,11
BRDA:23,3,0,12
BRDA:23,3,1,12
BRF:8
BRH:8
end_of_record
TN:
SF:C:\Users\USER\Desktop\Projects\germane\lib\differenceInSeconds\index.js
FN:27,differenceInSeconds
FNF:1
FNH:1
FNDA:14,differenceInSeconds
DA:7,1
DA:8,1
DA:15,1
DA:16,1
DA:17,1
DA:32,14
DA:33,8
DA:34,1
DA:38,7
DA:41,7
DA:48,7
DA:49,5
DA:50,1
DA:52,4
DA:56,2
DA:59,7
DA:61,7
DA:64,1
LF:18
LH:18
BRDA:30,0,0,4
BRDA:33,1,0,1
BRDA:33,1,1,7
BRDA:33,2,0,8
BRDA:33,2,1,6
BRDA:48,3,0,5
BRDA:48,3,1,2
BRDA:49,4,0,1
BRDA:49,4,1,4
BRF:9
BRH:9
end_of_record
TN:
SF:C:\Users\USER\Desktop\Projects\germane\lib\differenceInWeeks\index.js
FN:26,differenceInWeeks
FNF:1
FNH:1
FNDA:15,differenceInWeeks
DA:7,1
DA:8,1
DA:15,1
DA:16,1
DA:17,1
DA:27,15
DA:28,9
DA:29,1
DA:33,8
DA:36,8
DA:43,8
DA:44,6
DA:45,1
DA:47,5
DA:51,2
DA:54,8
DA:56,8
DA:59,1
LF:18
LH:18
BRDA:26,0,0,5
BRDA:28,1,0,1
BRDA:28,1,1,8
BRDA:28,2,0,9
BRDA:28,2,1,7
BRDA:43,3,0,6
BRDA:43,3,1,2
BRDA:44,4,0,1
BRDA:44,4,1,5
BRF:9
BRH:9
end_of_record
TN:
SF:C:\Users\USER\Desktop\Projects\germane\lib\differenceInWords\index.js
FN:20,differenceInWords
FNF:1
FNH:1
FNDA:19,differenceInWords
DA:7,1
DA:8,1
DA:9,1
DA:10,1
DA:11,1
DA:21,19
DA:22,3
DA:24,16
DA:25,1
DA:27,15
DA:28,15
DA:30,15
DA:32,14
DA:33,14
DA:40,14
DA:43,1
LF:16
LH:16
BRDA:21,0,0,3
BRDA:21,0,1,16
BRDA:21,1,0,19
BRDA:21,1,1,17
BRDA:24,2,0,1
BRDA:24,2,1,15
BRDA:24,3,0,16
BRDA:24,3,1,16
BRDA:30,4,0,1
BRDA:30,4,1,14
BRF:10
BRH:10
end_of_record
TN:
SF:C:\Users\USER\Desktop\Projects\germane\lib\differenceInYears\index.js
FN:18,differenceInYears
FNF:1
FNH:1
FNDA:16,differenceInYears
DA:7,1
DA:8,1
DA:9,1
DA:19,16
DA:20,3
DA:22,13
DA:23,1
DA:25,12
DA:26,12
DA:28,12
DA:30,12
DA:33,1
LF:12
LH:12
BRDA:19,0,0,3
BRDA:19,0,1,13
BRDA:19,1,0,16
BRDA:19,1,1,14
BRDA:22,2,0,1
BRDA:22,2,1,12
BRDA:22,3,0,13
BRDA:22,3,1,13
BRF:8
BRH:8
end_of_record
TN:
SF:C:\Users\USER\Desktop\Projects\germane\lib\endOfDay\index.js
FN:15,endOfDay
FNF:1
FNH:1
FNDA:8,endOfDay
DA:7,1
DA:8,1
DA:9,1
DA:10,1
DA:16,8
DA:18,6
DA:20,5
DA:22,5
DA:23,5
DA:26,1
LF:10
LH:10
BRDA:15,0,0,0
BRDA:16,1,0,2
BRDA:16,1,1,6
BRDA:18,2,0,1
BRDA:18,2,1,5
BRF:5
BRH:4
end_of_record
TN:
SF:C:\Users\USER\Desktop\Projects\germane\lib\endOfHour\index.js
FN:15,endOfHour
FNF:1
FNH:1
FNDA:8,endOfHour
DA:7,1
DA:8,1
DA:9,1
DA:10,1
DA:16,8
DA:18,7
DA:20,5
DA:22,5
DA:23,5
DA:26,1
LF:10
LH:10
BRDA:15,0,0,0
BRDA:16,1,0,1
BRDA:16,1,1,7
BRDA:18,2,0,2
BRDA:18,2,1,5
BRF:5
BRH:4
end_of_record
TN:
SF:C:\Users\USER\Desktop\Projects\germane\lib\endOfMinute\index.js
FN:17,endOfHour
FNF:1
FNH:1
FNDA:7,endOfHour
DA:7,1
DA:8,1
DA:9,1
DA:10,1
DA:18,7
DA:20,5
DA:22,4
DA:24,4
DA:25,4
DA:28,1
LF:10
LH:10
BRDA:17,0,0,0
BRDA:18,1,0,2
BRDA:18,1,1,5
BRDA:20,2,0,1
BRDA:20,2,1,4
BRF:5
BRH:4
end_of_record
TN:
SF:C:\Users\USER\Desktop\Projects\germane\lib\endOfMonth\index.js
FN:17,endOfMonth
FNF:1
FNH:1
FNDA:8,endOfMonth
DA:7,1
DA:8,1
DA:9,1
DA:10,1
DA:18,8
DA:20,6
DA:22,5
DA:24,5
DA:31,5
DA:34,1
LF:10
LH:10
BRDA:17,0,0,0
BRDA:18,1,0,2
BRDA:18,1,1,6
BRDA:20,2,0,1
BRDA:20,2,1,5
BRF:5
BRH:4
end_of_record
TN:
SF:C:\Users\USER\Desktop\Projects\germane\lib\endOfQuarter\index.js
FN:18,endOfQuarter
FNF:1
FNH:1
FNDA:9,endOfQuarter
DA:9,1
DA:10,1
DA:11,1
DA:12,1
DA:19,9
DA:21,7
DA:23,6
DA:25,6
DA:32,6
DA:35,1
LF:10
LH:10
BRDA:18,0,0,0
BRDA:19,1,0,2
BRDA:19,1,1,7
BRDA:21,2,0,1
BRDA:21,2,1,6
BRF:5
BRH:4
end_of_record
TN:
SF:C:\Users\USER\Desktop\Projects\germane\lib\endOfWeek\index.js
FN:15,endOfWeek
FNF:1
FNH:1
FNDA:9,endOfWeek
DA:7,1
DA:8,1
DA:9,1
DA:10,1
DA:16,9
DA:18,7
DA:20,6
DA:22,6
DA:28,6
DA:31,1
LF:10
LH:10
BRDA:15,0,0,0
BRDA:16,1,0,2
BRDA:16,1,1,7
BRDA:18,2,0,1
BRDA:18,2,1,6
BRF:5
BRH:4
end_of_record
TN:
SF:C:\Users\USER\Desktop\Projects\germane\lib\endOfYear\index.js
FN:16,endOfYear
FNF:1
FNH:1
FNDA:9,endOfYear
DA:7,1
DA:8,1
DA:9,1
DA:10,1
DA:17,9
DA:19,7
DA:21,6
DA:23,6
DA:30,6
DA:33,1
LF:10
LH:10
BRDA:16,0,0,0
BRDA:17,1,0,2
BRDA:17,1,1,7
BRDA:19,2,0,1
BRDA:19,2,1,6
BRF:5
BRH:4
end_of_record
TN:
SF:C:\Users\USER\Desktop\Projects\germane\lib\format\index.js
FN:24,format
FNF:1
FNH:1
FNDA:6,format
DA:6,1
DA:7,1
DA:12,1
DA:13,1
DA:25,6
DA:27,5
DA:28,1
DA:30,4
DA:32,3
DA:34,3
DA:35,3
DA:36,3
DA:80,3
DA:82,3
DA:83,3
DA:86,1
LF:16
LH:16
BRDA:25,0,0,1
BRDA:25,0,1,5
BRDA:27,1,0,1
BRDA:27,1,1,4
BRDA:30,2,0,1
BRDA:30,2,1,3
BRF:6
BRH:6
end_of_record
TN:
SF:C:\Users\USER\Desktop\Projects\germane\lib\getBusinessDays\index.js
FN:21,getWorkdays
FN:58,(anonymous_1)
FNF:2
FNH:2
FNDA:6,getWorkdays
FNDA:24,(anonymous_1)
DA:7,1
DA:11,1
DA:12,1
DA:22,6
DA:23,4
DA:25,2
DA:26,0
DA:27,2
DA:28,0
DA:30,2
DA:31,2
DA:33,2
DA:37,2
DA:40,2
DA:43,2
DA:45,2
DA:46,2
DA:47,34
DA:50,34
DA:54,34
DA:55,24
DA:58,24
DA:61,1
LF:23
LH:21
BRDA:22,0,0,4
BRDA:22,0,1,2
BRDA:22,1,0,6
BRDA:22,1,1,4
BRDA:25,2,0,0
BRDA:25,2,1,2
BRDA:25,3,0,2
BRDA:25,3,1,2
BRDA:27,4,0,0
BRDA:27,4,1,2
BRDA:50,5,0,17
BRDA:50,5,1,17
BRDA:54,6,0,24
BRDA:54,6,1,10
BRF:14
BRH:12
end_of_record
TN:
SF:C:\Users\USER\Desktop\Projects\germane\lib\inRange\index.js
FN:19,inRange
FNF:1
FNH:1
FNDA:5,inRange
DA:6,1
DA:7,1
DA:20,5
DA:21,1
DA:25,4
DA:26,1
DA:27,3
DA:28,1
DA:29,3
DA:30,2
DA:31,3
DA:32,1
DA:34,3
DA:37,1
LF:14
LH:14
BRDA:20,0,0,1
BRDA:20,0,1,4
BRDA:20,1,0,5
BRDA:20,1,1,5
BRDA:20,1,2,4
BRDA:25,2,0,1
BRDA:25,2,1,3
BRDA:25,3,0,4
BRDA:25,3,1,4
BRDA:25,3,2,4
BRDA:27,4,0,1
BRDA:27,4,1,2
BRDA:29,5,0,2
BRDA:29,5,1,1
BRDA:31,6,0,1
BRDA:31,6,1,2
BRDA:34,7,0,3
BRDA:34,7,1,2
BRF:18
BRH:18
end_of_record
TN:
SF:C:\Users\USER\Desktop\Projects\germane\lib\isBusinessDay\index.js
FN:14,isWorkday
FNF:1
FNH:1
FNDA:14,isWorkday
DA:6,1
DA:7,1
DA:15,14
DA:17,11
DA:18,10
DA:20,10
DA:22,10
DA:25,1
LF:8
LH:8
BRDA:15,0,0,3
BRDA:15,0,1,11
BRDA:17,1,0,1
BRDA:17,1,1,10
BRF:4
BRH:4
end_of_record
TN:
SF:C:\Users\USER\Desktop\Projects\germane\lib\isDate\index.js
FN:13,isDate
FNF:1
FNH:1
FNDA:12,isDate
DA:14,12
DA:21,1
LF:2
LH:2
BRDA:15,0,0,12
BRDA:15,0,1,11
BRDA:15,0,2,10
BRF:3
BRH:3
end_of_record
TN:
SF:C:\Users\USER\Desktop\Projects\germane\lib\isFuture\index.js
FN:16,isFuture
FNF:1
FNH:1
FNDA:12,isFuture
DA:7,1
DA:8,1
DA:17,12
DA:18,2
DA:20,10
DA:21,1
DA:23,9
DA:24,9
DA:26,9
DA:29,1
LF:10
LH:10
BRDA:17,0,0,2
BRDA:17,0,1,10
BRDA:17,1,0,12
BRDA:17,1,1,10
BRDA:20,2,0,1
BRDA:20,2,1,9
BRDA:20,3,0,10
BRDA:20,3,1,9
BRF:8
BRH:8
end_of_record
TN:
SF:C:\Users\USER\Desktop\Projects\germane\lib\isLastWeek\index.js
FN:22,isLastWeek
FNF:1
FNH:1
FNDA:14,isLastWeek
DA:7,1
DA:10,1
DA:11,1
DA:12,1
DA:13,1
DA:23,14
DA:24,4
DA:26,10
DA:27,0
DA:29,10
DA:30,10
DA:33,10
DA:34,10
DA:36,10
DA:41,10
DA:42,10
DA:43,10
DA:48,10
DA:51,1
LF:19
LH:18
BRDA:23,0,0,4
BRDA:23,0,1,10
BRDA:23,1,0,14
BRDA:23,1,1,12
BRDA:26,2,0,0
BRDA:26,2,1,10
BRDA:26,3,0,10
BRDA:26,3,1,10
BRF:8
BRH:7
end_of_record
TN:
SF:C:\Users\USER\Desktop\Projects\germane\lib\isNextDay\index.js
FN:14,isNextDay
FNF:1
FNH:1
FNDA:15,isNextDay
DA:6,1
DA:7,1
DA:15,15
DA:16,4
DA:18,11
DA:19,0
DA:20,11
DA:21,11
DA:24,11
DA:29,11
DA:34,11
DA:37,1
LF:12
LH:11
BRDA:15,0,0,4
BRDA:15,0,1,11
BRDA:15,1,0,15
BRDA:15,1,1,13
BRDA:18,2,0,0
BRDA:18,2,1,11
BRDA:18,3,0,11
BRDA:18,3,1,11
BRF:8
BRH:7
end_of_record
TN:
SF:C:\Users\USER\Desktop\Projects\germane\lib\isPast\index.js
FN:16,isPast
FNF:1
FNH:1
FNDA:12,isPast
DA:7,1
DA:8,1
DA:17,12
DA:18,2
DA:20,10
DA:21,1
DA:23,9
DA:24,9
DA:26,9
DA:29,1
LF:10
LH:10
BRDA:17,0,0,2
BRDA:17,0,1,10
BRDA:17,1,0,12
BRDA:17,1,1,10
BRDA:20,2,0,1
BRDA:20,2,1,9
BRDA:20,3,0,10
BRDA:20,3,1,9
BRF:8
BRH:8
end_of_record
TN:
SF:C:\Users\USER\Desktop\Projects\germane\lib\isSameDay\index.js
FN:19,isSameDay
FNF:1
FNH:1
FNDA:15,isSameDay
DA:8,1
DA:9,1
DA:10,1
DA:20,15
DA:21,4
DA:23,11
DA:24,0
DA:26,11
DA:29,1
LF:9
LH:8
BRDA:20,0,0,4
BRDA:20,0,1,11
BRDA:20,1,0,15
BRDA:20,1,1,13
BRDA:23,2,0,0
BRDA:23,2,1,11
BRDA:23,3,0,11
BRDA:23,3,1,11
BRF:8
BRH:7
end_of_record
TN:
SF:C:\Users\USER\Desktop\Projects\germane\lib\isSameWeek\index.js
FN:23,isSameWeek
FNF:1
FNH:1
FNDA:14,isSameWeek
DA:8,1
DA:11,1
DA:12,1
DA:13,1
DA:14,1
DA:24,14
DA:25,4
DA:27,10
DA:28,0
DA:29,10
DA:30,10
DA:31,10
DA:34,10
DA:35,10
DA:37,10
DA:42,10
DA:45,1
LF:17
LH:16
BRDA:24,0,0,4
BRDA:24,0,1,10
BRDA:24,1,0,14
BRDA:24,1,1,12
BRDA:27,2,0,0
BRDA:27,2,1,10
BRDA:27,3,0,10
BRDA:27,3,1,10
BRF:8
BRH:7
end_of_record
TN:
SF:C:\Users\USER\Desktop\Projects\germane\lib\isToday\index.js
FN:17,isToday
FNF:1
FNH:1
FNDA:8,isToday
DA:8,1
DA:9,1
DA:18,8
DA:20,4
DA:21,4
DA:23,4
DA:24,4
DA:25,4
DA:26,4
DA:28,4
DA:29,4
DA:30,4
DA:32,4
DA:33,4
DA:37,4
DA:40,1
LF:16
LH:16
BRDA:18,0,0,4
BRDA:18,0,1,4
BRDA:20,1,0,0
BRDA:20,1,1,4
BRF:4
BRH:3
end_of_record
TN:
SF:C:\Users\USER\Desktop\Projects\germane\lib\isValid\index.js
FN:16,isValid
FNF:1
FNH:1
FNDA:13,isValid
DA:7,1
DA:8,1
DA:17,13
DA:20,1
LF:4
LH:4
BRDA:17,0,0,13
BRDA:17,0,1,9
BRF:2
BRH:2
end_of_record
TN:
SF:C:\Users\USER\Desktop\Projects\germane\lib\isWeekend\index.js
FN:18,isWeekend
FNF:1
FNH:1
FNDA:14,isWeekend
DA:8,1
DA:9,1
DA:19,14
DA:21,11
DA:23,10
DA:25,10
DA:27,10
DA:30,1
LF:8
LH:8
BRDA:19,0,0,3
BRDA:19,0,1,11
BRDA:21,1,0,1
BRDA:21,1,1,10
BRF:4
BRH:4
end_of_record
TN:
SF:C:\Users\USER\Desktop\Projects\germane\lib\isYesterday\index.js
FN:14,isYesterday
FNF:1
FNH:1
FNDA:14,isYesterday
DA:6,1
DA:7,1
DA:15,14
DA:16,4
DA:18,10
DA:19,0
DA:20,10
DA:21,10
DA:24,10
DA:29,10
DA:34,10
DA:37,1
LF:12
LH:11
BRDA:15,0,0,4
BRDA:15,0,1,10
BRDA:15,1,0,14
BRDA:15,1,1,12
BRDA:18,2,0,0
BRDA:18,2,1,10
BRDA:18,3,0,10
BRDA:18,3,1,10
BRF:8
BRH:7
end_of_record
TN:
SF:C:\Users\USER\Desktop\Projects\germane\lib\startOfDay\index.js
FN:21,startOfDay
FNF:1
FNH:1
FNDA:10,startOfDay
DA:10,1
DA:11,1
DA:12,1
DA:13,1
DA:22,10
DA:23,1
DA:27,9
DA:29,7
DA:30,7
DA:31,7
DA:34,1
LF:11
LH:11
BRDA:22,0,0,1
BRDA:22,0,1,9
BRDA:27,1,0,2
BRDA:27,1,1,7
BRF:4
BRH:4
end_of_record
TN:
SF:C:\Users\USER\Desktop\Projects\germane\lib\startOfHour\index.js
FN:21,startOfDay
FNF:1
FNH:1
FNDA:9,startOfDay
DA:10,1
DA:11,1
DA:12,1
DA:13,1
DA:22,9
DA:24,8
DA:26,7
DA:27,7
DA:28,7
DA:31,1
LF:10
LH:10
BRDA:22,0,0,1
BRDA:22,0,1,8
BRDA:24,1,0,1
BRDA:24,1,1,7
BRF:4
BRH:4
end_of_record
TN:
SF:C:\Users\USER\Desktop\Projects\germane\lib\startOfMinute\index.js
FN:21,startOfMinute
FNF:1
FNH:1
FNDA:7,startOfMinute
DA:10,1
DA:11,1
DA:12,1
DA:13,1
DA:22,7
DA:24,6
DA:26,4
DA:27,4
DA:28,4
DA:31,1
LF:10
LH:10
BRDA:22,0,0,1
BRDA:22,0,1,6
BRDA:24,1,0,2
BRDA:24,1,1,4
BRF:4
BRH:4
end_of_record
TN:
SF:C:\Users\USER\Desktop\Projects\germane\lib\startOfMonth\index.js
FN:21,startOfMonth
FNF:1
FNH:1
FNDA:7,startOfMonth
DA:10,1
DA:11,1
DA:12,1
DA:13,1
DA:22,7
DA:24,6
DA:26,5
DA:27,5
DA:33,5
DA:36,1
LF:10
LH:10
BRDA:22,0,0,1
BRDA:22,0,1,6
BRDA:24,1,0,1
BRDA:24,1,1,5
BRF:4
BRH:4
end_of_record
TN:
SF:C:\Users\USER\Desktop\Projects\germane\lib\startOfQuarter\index.js
FN:21,startOfQuarter
FNF:1
FNH:1
FNDA:9,startOfQuarter
DA:10,1
DA:11,1
DA:12,1
DA:13,1
DA:22,9
DA:24,8
DA:26,7
DA:27,7
DA:34,7
DA:37,1
LF:10
LH:10
BRDA:22,0,0,1
BRDA:22,0,1,8
BRDA:24,1,0,1
BRDA:24,1,1,7
BRF:4
BRH:4
end_of_record
TN:
SF:C:\Users\USER\Desktop\Projects\germane\lib\startOfWeek\index.js
FN:21,startOfWeek
FNF:1
FNH:1
FNDA:9,startOfWeek
DA:10,1
DA:11,1
DA:12,1
DA:13,1
DA:22,9
DA:24,8
DA:26,6
DA:27,6
DA:33,6
DA:36,1
LF:10
LH:10
BRDA:22,0,0,1
BRDA:22,0,1,8
BRDA:24,1,0,2
BRDA:24,1,1,6
BRF:4
BRH:4
end_of_record
TN:
SF:C:\Users\USER\Desktop\Projects\germane\lib\startOfYear\index.js
FN:21,startOfYear
FNF:1
FNH:1
FNDA:12,startOfYear
DA:10,1
DA:11,1
DA:12,1
DA:13,1
DA:22,12
DA:24,11
DA:26,9
DA:27,9
DA:34,9
DA:37,1
LF:10
LH:10
BRDA:22,0,0,1
BRDA:22,0,1,11
BRDA:24,1,0,2
BRDA:24,1,1,9
BRF:4
BRH:4
end_of_record
TN:
SF:C:\Users\USER\Desktop\Projects\germane\lib\useCFormat\index.js
FN:20,useCFormat
FNF:1
FNH:1
FNDA:6,useCFormat
DA:6,1
DA:7,1
DA:11,1
DA:12,1
DA:21,6
DA:23,5
DA:24,1
DA:26,4
DA:28,3
DA:29,3
DA:30,3
DA:31,3
DA:61,3
DA:63,3
DA:65,3
DA:68,1
LF:16
LH:16
BRDA:20,0,0,0
BRDA:21,1,0,1
BRDA:21,1,1,5
BRDA:23,2,0,1
BRDA:23,2,1,4
BRDA:26,3,0,1
BRDA:26,3,1,3
BRF:7
BRH:6
end_of_record
TN:
SF:C:\Users\USER\Desktop\Projects\germane\lib\utils\formatDateTime.js
FN:12,(anonymous_0)
FNF:1
FNH:1
FNDA:6,(anonymous_0)
DA:5,2
DA:6,2
DA:12,2
DA:13,6
DA:14,6
DA:15,6
LF:6
LH:6
BRF:0
BRH:0
end_of_record
TN:
SF:C:\Users\USER\Desktop\Projects\germane\lib\utils\range.js
FN:16,(anonymous_0)
FNF:1
FNH:1
FNDA:73,(anonymous_0)
DA:16,24
DA:17,73
DA:18,73
LF:3
LH:3
BRDA:16,0,0,73
BRF:1
BRH:1
end_of_record
TN:
SF:C:\Users\USER\Desktop\Projects\germane\lib\utils\roundingMethods.js
FN:13,(anonymous_0)
FN:14,(anonymous_1)
FN:15,(anonymous_2)
FN:16,(anonymous_3)
FN:17,(anonymous_4)
FNF:5
FNH:5
FNDA:1687,(anonymous_0)
FNDA:15,(anonymous_1)
FNDA:7,(anonymous_2)
FNDA:7,(anonymous_3)
FNDA:7,(anonymous_4)
DA:12,33
DA:13,1687
DA:14,15
DA:15,7
DA:16,7
DA:17,7
LF:6
LH:6
BRF:0
BRH:0
end_of_record
TN:
SF:C:\Users\USER\Desktop\Projects\germane\lib\utils\evaluations\dayOfYear.js
FN:7,(anonymous_0)
FN:15,(anonymous_1)
FNF:2
FNH:2
FNDA:25,(anonymous_0)
FNDA:138,(anonymous_1)
DA:5,22
DA:7,22
DA:12,25
DA:13,25
DA:15,138
DA:16,25
LF:6
LH:6
BRDA:8,0,0,1
BRDA:9,1,0,1
BRDA:10,2,0,1
BRF:3
BRH:3
end_of_record
TN:
SF:C:\Users\USER\Desktop\Projects\germane\lib\utils\evaluations\daysToMonths.js
FN:12,daysToMonths
FNF:1
FNH:1
FNDA:3,daysToMonths
DA:15,3
DA:18,1
LF:2
LH:2
BRF:0
BRH:0
end_of_record
TN:
SF:C:\Users\USER\Desktop\Projects\germane\lib\utils\evaluations\difference.js
FN:17,difference
FNF:1
FNH:1
FNDA:163,difference
DA:10,22
DA:18,163
DA:19,163
DA:20,163
DA:21,163
DA:22,163
DA:23,163
DA:24,163
DA:25,163
DA:27,163
DA:28,163
DA:30,163
DA:31,163
DA:33,163
DA:34,163
DA:35,137
DA:48,26
DA:49,14
DA:62,12
DA:63,12
DA:79,22
LF:21
LH:21
BRDA:34,0,0,137
BRDA:34,0,1,26
BRDA:48,1,0,14
BRDA:48,1,1,12
BRDA:62,2,0,12
BRDA:62,2,1,0
BRF:6
BRH:5
end_of_record
TN:
SF:C:\Users\USER\Desktop\Projects\germane\lib\utils\evaluations\differenceUsingTime.js
FN:25,differenceUsingTime
FNF:1
FNH:1
FNDA:94,differenceUsingTime
DA:13,7
DA:15,7
DA:16,7
DA:30,94
DA:31,13
DA:33,81
DA:34,13
DA:36,68
DA:37,7
DA:41,61
DA:42,7
DA:46,54
DA:47,54
DA:49,54
DA:53,54
DA:59,54
DA:63,54
DA:66,7
LF:18
LH:18
BRDA:28,0,0,3
BRDA:30,1,0,13
BRDA:30,1,1,81
BRDA:30,2,0,94
BRDA:30,2,1,81
BRDA:33,3,0,13
BRDA:33,3,1,68
BRDA:33,4,0,81
BRDA:33,4,1,81
BRDA:36,5,0,7
BRDA:36,5,1,61
BRDA:41,6,0,7
BRDA:41,6,1,54
BRDA:41,7,0,61
BRDA:41,7,1,61
BRDA:59,8,0,40
BRDA:59,8,1,14
BRF:17
BRH:17
end_of_record
TN:
SF:C:\Users\USER\Desktop\Projects\germane\lib\utils\evaluations\endOfDateHandlers.js
FN:16,(anonymous_0)
FN:41,(anonymous_1)
FN:60,(anonymous_2)
FN:73,(anonymous_3)
FN:89,(anonymous_4)
FN:107,(anonymous_5)
FNF:6
FNH:6
FNDA:8,(anonymous_0)
FNDA:7,(anonymous_1)
FNDA:7,(anonymous_2)
FNDA:10,(anonymous_3)
FNDA:28,(anonymous_4)
FNDA:8,(anonymous_5)
DA:6,10
DA:7,10
DA:8,10
DA:9,10
DA:10,10
DA:16,10
DA:17,8
DA:18,8
DA:20,8
DA:21,8
DA:25,8
DA:26,8
DA:29,8
DA:30,8
DA:41,10
DA:42,7
DA:43,7
DA:45,7
DA:46,7
DA:48,7
DA:49,7
DA:60,10
DA:61,7
DA:62,7
DA:64,7
DA:66,7
DA:67,7
DA:73,10
DA:74,10
DA:75,10
DA:76,10
DA:77,10
DA:81,10
DA:82,10
DA:89,10
DA:90,28
DA:91,28
DA:92,28
DA:93,28
DA:94,28
DA:95,28
DA:96,28
DA:107,10
DA:108,8
DA:109,8
DA:110,8
DA:111,8
LF:47
LH:47
BRF:0
BRH:0
end_of_record
TN:
SF:C:\Users\USER\Desktop\Projects\germane\lib\utils\evaluations\evalDateDifference.js
FN:21,fromNegativeYear
FN:110,fromPositiveYear
FN:181,fromSameYear
FNF:3
FNH:3
FNDA:15,fromNegativeYear
FNDA:16,fromPositiveYear
FNDA:143,fromSameYear
DA:7,23
DA:8,23
DA:9,23
DA:32,15
DA:34,15
DA:39,15
DA:40,15
DA:43,15
DA:49,15
DA:51,15
DA:54,15
DA:56,15
DA:68,15
DA:80,15
DA:86,1
DA:87,1
DA:88,1
DA:91,15
DA:121,16
DA:125,16
DA:127,16
DA:128,16
DA:131,16
DA:137,16
DA:138,16
DA:141,16
DA:143,16
DA:153,16
DA:163,16
DA:192,143
DA:195,143
DA:200,143
DA:201,143
DA:204,143
DA:222,143
DA:231,143
DA:235,143
DA:241,143
DA:265,143
DA:290,143
DA:296,5
DA:297,5
DA:298,5
DA:299,5
DA:302,143
DA:311,23
LF:46
LH:46
BRDA:35,0,0,0
BRDA:35,0,1,15
BRDA:43,1,0,0
BRDA:43,1,1,15
BRDA:43,2,0,15
BRDA:43,2,1,2
BRDA:45,3,0,6
BRDA:45,3,1,9
BRDA:57,4,0,4
BRDA:57,4,1,11
BRDA:57,5,0,15
BRDA:57,5,1,6
BRDA:58,6,0,0
BRDA:58,6,1,4
BRDA:60,7,0,4
BRDA:60,7,1,0
BRDA:61,8,0,2
BRDA:61,8,1,9
BRDA:62,9,0,0
BRDA:62,9,1,2
BRDA:69,10,0,4
BRDA:69,10,1,11
BRDA:69,11,0,15
BRDA:69,11,1,6
BRDA:70,12,0,0
BRDA:70,12,1,4
BRDA:72,13,0,4
BRDA:72,13,1,0
BRDA:73,14,0,2
BRDA:73,14,1,9
BRDA:74,15,0,1
BRDA:74,15,1,1
BRDA:80,16,0,1
BRDA:80,16,1,14
BRDA:81,17,0,15
BRDA:81,17,1,1
BRDA:81,17,2,1
BRDA:81,17,3,1
BRDA:81,17,4,0
BRDA:81,17,5,0
BRDA:81,17,6,0
BRDA:122,18,0,0
BRDA:122,18,1,16
BRDA:131,19,0,0
BRDA:131,19,1,16
BRDA:131,20,0,16
BRDA:131,20,1,4
BRDA:133,21,0,5
BRDA:133,21,1,11
BRDA:144,22,0,3
BRDA:144,22,1,13
BRDA:144,23,0,16
BRDA:144,23,1,5
BRDA:145,24,0,1
BRDA:145,24,1,2
BRDA:146,25,0,2
BRDA:146,25,1,11
BRDA:147,26,0,0
BRDA:147,26,1,2
BRDA:154,27,0,3
BRDA:154,27,1,13
BRDA:154,28,0,16
BRDA:154,28,1,5
BRDA:155,29,0,1
BRDA:155,29,1,2
BRDA:156,30,0,2
BRDA:156,30,1,11
BRDA:157,31,0,0
BRDA:157,31,1,2
BRDA:193,32,0,118
BRDA:193,32,1,25
BRDA:196,33,0,35
BRDA:196,33,1,108
BRDA:204,34,0,22
BRDA:204,34,1,121
BRDA:205,35,0,1
BRDA:205,35,1,21
BRDA:205,36,0,22
BRDA:205,36,1,8
BRDA:209,37,0,11
BRDA:209,37,1,10
BRDA:212,38,0,10
BRDA:212,38,1,111
BRDA:212,39,0,121
BRDA:212,39,1,24
BRDA:217,40,0,69
BRDA:217,40,1,42
BRDA:223,41,0,7
BRDA:223,41,1,136
BRDA:223,42,0,143
BRDA:223,42,1,113
BRDA:223,42,2,33
BRDA:225,43,0,19
BRDA:225,43,1,117
BRDA:227,44,0,95
BRDA:227,44,1,22
BRDA:235,45,0,22
BRDA:235,45,1,121
BRDA:237,46,0,96
BRDA:237,46,1,25
BRDA:243,47,0,118
BRDA:243,47,1,25
BRDA:244,48,0,29
BRDA:244,48,1,89
BRDA:244,49,0,118
BRDA:244,49,1,38
BRDA:245,50,0,26
BRDA:245,50,1,3
BRDA:247,51,0,0
BRDA:247,51,1,3
BRDA:248,52,0,20
BRDA:248,52,1,69
BRDA:249,53,0,2
BRDA:249,53,1,18
BRDA:254,54,0,10
BRDA:254,54,1,15
BRDA:254,55,0,25
BRDA:254,55,1,13
BRDA:255,56,0,0
BRDA:255,56,1,10
BRDA:257,57,0,0
BRDA:257,57,1,10
BRDA:258,58,0,4
BRDA:258,58,1,11
BRDA:259,59,0,2
BRDA:259,59,1,2
BRDA:267,60,0,118
BRDA:267,60,1,25
BRDA:268,61,0,29
BRDA:268,61,1,89
BRDA:268,62,0,118
BRDA:268,62,1,38
BRDA:269,63,0,26
BRDA:269,63,1,3
BRDA:271,64,0,0
BRDA:271,64,1,3
BRDA:272,65,0,20
BRDA:272,65,1,69
BRDA:273,66,0,2
BRDA:273,66,1,18
BRDA:278,67,0,10
BRDA:278,67,1,15
BRDA:278,68,0,25
BRDA:278,68,1,13
BRDA:279,69,0,0
BRDA:279,69,1,10
BRDA:281,70,0,0
BRDA:281,70,1,10
BRDA:282,71,0,4
BRDA:282,71,1,11
BRDA:283,72,0,2
BRDA:283,72,1,2
BRDA:290,73,0,5
BRDA:290,73,1,138
BRDA:291,74,0,143
BRDA:291,74,1,30
BRDA:291,74,2,8
BRDA:291,74,3,5
BRDA:291,74,4,3
BRDA:291,74,5,2
BRDA:291,74,6,1
BRF:161
BRH:141
end_of_record
TN:
SF:C:\Users\USER\Desktop\Projects\germane\lib\utils\evaluations\evalTimestamp.js
FN:11,evalTimestamp
FNF:1
FNH:1
FNDA:143,evalTimestamp
DA:6,19
DA:12,143
DA:13,143
DA:14,143
DA:15,143
DA:17,143
DA:18,143
DA:19,143
DA:20,143
DA:22,143
DA:33,143
DA:35,19
LF:12
LH:12
BRDA:11,0,0,141
BRF:1
BRH:1
end_of_record
TN:
SF:C:\Users\USER\Desktop\Projects\germane\lib\utils\evaluations\findQuarter.js
FN:15,findQuarterEnd
FN:18,(anonymous_1)
FN:27,(anonymous_2)
FNF:3
FNH:3
FNDA:113,findQuarterEnd
FNDA:708,(anonymous_1)
FNDA:28,(anonymous_2)
DA:6,22
DA:7,22
DA:16,113
DA:18,708
DA:19,113
DA:27,22
DA:28,28
DA:29,7
DA:30,21
DA:31,6
DA:32,15
DA:33,10
DA:34,5
DA:35,5
DA:39,22
LF:15
LH:15
BRDA:28,0,0,7
BRDA:28,0,1,21
BRDA:30,1,0,6
BRDA:30,1,1,15
BRDA:32,2,0,10
BRDA:32,2,1,5
BRDA:34,3,0,5
BRDA:34,3,1,0
BRF:8
BRH:7
end_of_record
TN:
SF:C:\Users\USER\Desktop\Projects\germane\lib\utils\evaluations\getFullYear.js
FN:3,(anonymous_0)
FNF:1
FNH:1
FNDA:495,(anonymous_0)
DA:1,29
DA:3,29
DA:4,495
LF:3
LH:3
BRDA:6,0,0,78
BRDA:6,0,1,417
BRF:2
BRH:2
end_of_record
TN:
SF:C:\Users\USER\Desktop\Projects\germane\lib\utils\evaluations\isSameDate.js
FN:14,isSameDate
FNF:1
FNH:1
FNDA:30,isSameDate
DA:15,30
DA:16,30
DA:17,30
DA:18,30
DA:19,30
DA:20,30
DA:22,30
DA:23,30
DA:25,30
DA:28,3
LF:10
LH:10
BRF:0
BRH:0
end_of_record
TN:
SF:C:\Users\USER\Desktop\Projects\germane\lib\utils\evaluations\startOfDateHandlers.js
FN:14,startOfQuarterHandler
FN:33,startOfMonthHandler
FN:46,startOfDayHandler
FN:54,startOfHourHandler
FN:65,startOfWeekHandler
FN:81,startOfYearHandler
FNF:6
FNH:6
FNDA:8,startOfQuarterHandler
FNDA:6,startOfMonthHandler
FNDA:8,startOfDayHandler
FNDA:13,startOfHourHandler
FNDA:27,startOfWeekHandler
FNDA:10,startOfYearHandler
DA:6,10
DA:7,10
DA:8,10
DA:9,10
DA:15,8
DA:16,8
DA:18,8
DA:19,8
DA:21,8
DA:22,8
DA:25,8
DA:27,8
DA:34,6
DA:35,6
DA:37,6
DA:39,6
DA:40,6
DA:47,8
DA:48,8
DA:50,8
DA:51,8
DA:52,8
DA:55,13
DA:56,13
DA:57,13
DA:58,13
DA:62,13
DA:63,13
DA:66,27
DA:67,27
DA:68,27
DA:70,27
DA:72,27
DA:73,27
DA:75,27
DA:82,10
DA:83,10
DA:84,10
DA:85,10
DA:92,10
DA:93,10
DA:94,10
DA:95,10
DA:96,10
DA:97,10
LF:45
LH:45
BRF:0
BRH:0
end_of_record
TN:
SF:C:\Users\USER\Desktop\Projects\germane\lib\utils\parsers\ordinalParse.js
FN:11,(anonymous_0)
FN:22,(anonymous_1)
FNF:2
FNH:2
FNDA:64,(anonymous_0)
FNDA:64,(anonymous_1)
DA:11,4
DA:12,64
DA:13,64
DA:14,64
DA:15,64
DA:16,64
DA:17,64
DA:18,64
DA:20,64
DA:22,64
DA:23,64
DA:24,39
DA:25,25
DA:26,24
DA:27,15
DA:28,8
DA:30,1
LF:17
LH:17
BRDA:23,0,0,39
BRDA:23,0,1,25
BRDA:25,1,0,24
BRDA:25,1,1,1
BRDA:26,2,0,9
BRDA:26,2,1,15
BRDA:27,3,0,7
BRDA:27,3,1,8
BRDA:28,4,0,8
BRDA:28,4,1,0
BRF:10
BRH:9
end_of_record
TN:
SF:C:\Users\USER\Desktop\Projects\germane\lib\utils\parsers\parseDate.js
FN:17,(anonymous_0)
FNF:1
FNH:1
FNDA:7,(anonymous_0)
DA:6,3
DA:7,3
DA:8,3
DA:9,3
DA:17,3
DA:18,7
DA:19,7
DA:20,7
DA:21,7
DA:22,7
DA:23,7
DA:29,7
DA:30,7
DA:31,7
DA:32,7
DA:33,7
DA:94,7
LF:17
LH:17
BRDA:59,0,0,7
BRDA:59,0,1,0
BRDA:88,1,0,2
BRDA:88,1,1,5
BRF:4
BRH:3
end_of_record
TN:
SF:C:\Users\USER\Desktop\Projects\germane\lib\utils\parsers\parseTime.js
FN:13,(anonymous_0)
FNF:1
FNH:1
FNDA:7,(anonymous_0)
DA:13,3
DA:14,7
DA:15,7
DA:17,7
DA:18,7
DA:19,7
DA:20,7
DA:21,28
DA:23,7
DA:24,7
DA:25,7
DA:26,7
DA:27,7
DA:28,7
DA:30,7
DA:80,7
LF:16
LH:16
BRDA:28,0,0,0
BRDA:28,0,1,7
BRDA:62,1,0,1
BRDA:62,1,1,6
BRDA:63,2,0,1
BRDA:63,2,1,6
BRDA:64,3,0,1
BRDA:64,3,1,6
BRF:8
BRH:7
end_of_record
TN:
SF:C:\Users\USER\Desktop\Projects\germane\lib\utils\parsers\shortToLong.js
FN:9,(anonymous_0)
FNF:1
FNH:1
FNDA:9,(anonymous_0)
DA:9,4
DA:10,9
DA:24,9
DA:33,9
LF:4
LH:4
BRDA:9,0,0,1
BRDA:9,1,0,1
BRF:2
BRH:2
end_of_record
TN:
SF:C:\Users\USER\Desktop\Projects\germane\lib\utils\replacers\pluralise.js
FN:10,(anonymous_0)
FNF:1
FNH:1
FNDA:42,(anonymous_0)
DA:10,3
DA:13,42
DA:14,32
DA:15,1
DA:16,31
DA:18,10
DA:21,42
DA:22,42
DA:24,42
DA:25,32
DA:31,1
DA:32,31
DA:33,30
DA:34,10
LF:14
LH:14
BRDA:13,0,0,32
BRDA:13,0,1,10
BRDA:14,1,0,1
BRDA:14,1,1,31
BRDA:24,2,0,32
BRDA:24,2,1,10
BRDA:25,3,0,1
BRDA:25,3,1,31
BRDA:26,4,0,32
BRDA:26,4,1,32
BRDA:26,4,2,31
BRDA:26,4,3,31
BRDA:26,4,4,13
BRDA:32,5,0,1
BRDA:32,5,1,30
BRF:15
BRH:15
end_of_record
TN:
SF:C:\Users\USER\Desktop\Projects\germane\lib\utils\replacers\replacer.js
FN:15,(anonymous_0)
FNF:1
FNH:1
FNDA:9,(anonymous_0)
DA:15,3
DA:16,9
DA:17,9
DA:18,9
DA:19,9
DA:20,1
DA:21,8
DA:22,54
DA:23,54
DA:25,8
LF:10
LH:10
BRDA:19,0,0,1
BRDA:19,0,1,8
BRDA:19,1,0,9
BRDA:19,1,1,8
BRDA:19,1,2,8
BRF:5
BRH:5
end_of_record
TN:
SF:C:\Users\USER\Desktop\Projects\germane\lib\utils\replacers\strictReturn.js
FN:14,(anonymous_0)
FN:16,(anonymous_1)
FN:21,(anonymous_2)
FN:27,(anonymous_3)
FN:30,(anonymous_4)
FNF:5
FNH:5
FNDA:16,(anonymous_0)
FNDA:66,(anonymous_1)
FNDA:36,(anonymous_2)
FNDA:36,(anonymous_3)
FNDA:36,(anonymous_4)
DA:6,2
DA:14,2
DA:15,16
DA:16,16
DA:17,66
DA:20,16
DA:21,36
DA:25,16
DA:27,16
DA:28,36
DA:30,36
DA:31,36
DA:32,21
DA:39,15
DA:46,36
DA:48,16
DA:51,2
LF:17
LH:17
BRDA:17,0,0,36
BRDA:17,0,1,30
BRDA:31,1,0,21
BRDA:31,1,1,15
BRF:4
BRH:4
end_of_record
TN:
SF:C:\Users\USER\Desktop\Projects\germane\lib\utils\replacers\toPriority.js
FN:18,toPriority
FNF:1
FNH:1
FNDA:185,toPriority
DA:6,15
DA:19,185
DA:20,28
DA:25,28
DA:26,1
DA:29,28
DA:32,157
DA:33,58
DA:38,58
DA:39,17
DA:42,58
DA:43,99
DA:44,98
DA:45,1
DA:48,15
LF:15
LH:15
BRDA:19,0,0,28
BRDA:19,0,1,157
BRDA:19,1,0,185
BRDA:19,1,1,29
BRDA:21,2,0,14
BRDA:21,2,1,14
BRDA:25,3,0,1
BRDA:25,3,1,27
BRDA:32,4,0,58
BRDA:32,4,1,99
BRDA:32,5,0,157
BRDA:32,5,1,156
BRDA:34,6,0,48
BRDA:34,6,1,10
BRDA:38,7,0,17
BRDA:38,7,1,41
BRDA:43,8,0,98
BRDA:43,8,1,1
BRDA:43,9,0,99
BRDA:43,9,1,98
BRF:20
BRH:20
end_of_record
TN:
SF:C:\Users\USER\Desktop\Projects\germane\lib\utils\validations\hasProp.js
FN:12,(anonymous_0)
FNF:1
FNH:1
FNDA:402,(anonymous_0)
DA:12,23
DA:13,402
LF:2
LH:2
BRF:0
BRH:0
end_of_record
TN:
SF:C:\Users\USER\Desktop\Projects\germane\lib\utils\validations\inArray.js
FN:10,(anonymous_0)
FNF:1
FNH:1
FNDA:36,(anonymous_0)
DA:10,7
DA:12,36
DA:13,34
DA:15,2
DA:16,5
DA:17,5
DA:19,2
LF:7
LH:7
BRDA:12,0,0,34
BRDA:12,0,1,2
BRDA:17,1,0,1
BRDA:17,1,1,4
BRF:4
BRH:4
end_of_record
TN:
SF:C:\Users\USER\Desktop\Projects\germane\lib\utils\validations\inRangeOf.js
FN:11,(anonymous_0)
FNF:1
FNH:1
FNDA:91,(anonymous_0)
DA:11,23
DA:12,91
LF:2
LH:2
BRDA:12,0,0,91
BRDA:12,0,1,83
BRF:2
BRH:2
end_of_record
TN:
SF:C:\Users\USER\Desktop\Projects\germane\lib\utils\validations\isLeapYear.js
FN:5,(anonymous_0)
FNF:1
FNH:1
FNDA:501,(anonymous_0)
DA:5,30
DA:6,501
LF:2
LH:2
BRDA:6,0,0,501
BRDA:6,0,1,97
BRDA:6,0,2,437
BRF:3
BRH:3
end_of_record
TN:
SF:C:\Users\USER\Desktop\Projects\germane\lib\utils\validations\validateDate.js
FN:11,validateDate
FNF:1
FNH:1
FNDA:585,validateDate
DA:12,585
DA:16,2
DA:18,583
DA:20,583
DA:21,531
DA:24,41
LF:6
LH:6
BRDA:12,0,0,2
BRDA:12,0,1,583
BRDA:13,1,0,585
BRDA:13,1,1,20
BRDA:20,2,0,52
BRDA:20,2,1,531
BRF:6
BRH:6
end_of_record
TN:
SF:C:\Users\USER\Desktop\Projects\germane\lib\utils\validations\validatePropTypes.js
FN:8,(anonymous_0)
FN:17,(anonymous_1)
FN:26,(anonymous_2)
FN:35,(anonymous_3)
FN:43,(anonymous_4)
FN:52,(anonymous_5)
FN:62,(anonymous_6)
FN:74,(anonymous_7)
FNF:8
FNH:8
FNDA:67,(anonymous_0)
FNDA:58,(anonymous_1)
FNDA:8,(anonymous_2)
FNDA:7,(anonymous_3)
FNDA:76,(anonymous_4)
FNDA:20,(anonymous_5)
FNDA:668,(anonymous_6)
FNDA:11,(anonymous_7)
DA:8,41
DA:10,67
DA:14,67
DA:15,55
DA:17,41
DA:19,58
DA:23,58
DA:24,43
DA:26,41
DA:28,8
DA:32,8
DA:33,2
DA:35,41
DA:37,7
DA:40,7
DA:41,2
DA:43,41
DA:45,76
DA:49,76
DA:50,62
DA:52,41
DA:54,20
DA:58,20
DA:59,10
DA:62,41
DA:64,668
DA:71,668
DA:72,577
DA:74,41
DA:76,11
DA:80,11
DA:81,5
LF:32
LH:32
BRDA:10,0,0,67
BRDA:10,0,1,65
BRDA:10,0,2,64
BRDA:10,0,3,55
BRDA:14,1,0,12
BRDA:14,1,1,55
BRDA:19,2,0,58
BRDA:19,2,1,57
BRDA:19,2,2,48
BRDA:19,2,3,43
BRDA:23,3,0,15
BRDA:23,3,1,43
BRDA:28,4,0,8
BRDA:28,4,1,7
BRDA:28,4,2,6
BRDA:28,4,3,2
BRDA:32,5,0,6
BRDA:32,5,1,2
BRDA:37,6,0,7
BRDA:37,6,1,6
BRDA:37,6,2,5
BRDA:40,7,0,5
BRDA:40,7,1,2
BRDA:45,8,0,76
BRDA:45,8,1,62
BRDA:45,8,2,62
BRDA:45,8,3,62
BRDA:49,9,0,14
BRDA:49,9,1,62
BRDA:54,10,0,20
BRDA:54,10,1,18
BRDA:54,10,2,16
BRDA:54,10,3,12
BRDA:58,11,0,10
BRDA:58,11,1,10
BRDA:64,12,0,668
BRDA:64,12,1,662
BRDA:64,12,2,636
BRDA:64,12,3,565
BRDA:64,12,4,117
BRDA:64,12,5,26
BRDA:71,13,0,91
BRDA:71,13,1,577
BRDA:76,14,0,11
BRDA:76,14,1,10
BRDA:76,14,2,9
BRDA:76,14,3,5
BRDA:80,15,0,6
BRDA:80,15,1,5
BRF:49
BRH:49
end_of_record
